公钥和私钥生成成功
当前时间：2024-03-03 13:24:52.320833481 +0800 CST m=+0.000597097
节点开启监听，地址：127.0.0.1:8117
本节点已接收到N9节点发来的Prepare ... 
当前临时消息池无此摘要，拒绝执行commit广播
本节点已接收到N87节点发来的Prepare ... 
当前临时消息池无此摘要，拒绝执行commit广播
本节点已接收到N122节点发来的Prepare ... 
当前临时消息池无此摘要，拒绝执行commit广播
本节点已接收到N6节点发来的Prepare ... 
当前临时消息池无此摘要，拒绝执行commit广播
本节点已接收到N169节点发来的Prepare ... 
当前临时消息池无此摘要，拒绝执行commit广播
本节点已接收到N23节点发来的Prepare ... 
当前临时消息池无此摘要，拒绝执行commit广播
本节点已接收到N97节点发来的Prepare ... 
当前临时消息池无此摘要，拒绝执行commit广播
本节点已接收到N106节点发来的Prepare ... 
当前临时消息池无此摘要，拒绝执行commit广播
本节点已接收到N26节点发来的Prepare ... 
当前临时消息池无此摘要，拒绝执行commit广播
本节点已接收到N104节点发来的Prepare ... 
当前临时消息池无此摘要，拒绝执行commit广播
本节点已接收到N139节点发来的Prepare ... 
当前临时消息池无此摘要，拒绝执行commit广播
本节点已接收到N164节点发来的Prepare ... 
当前临时消息池无此摘要，拒绝执行commit广播
本节点已接收到N24节点发来的Prepare ... 
当前临时消息池无此摘要，拒绝执行commit广播
本节点已接收到N94节点发来的Prepare ... 
当前临时消息池无此摘要，拒绝执行commit广播
本节点已接收到N70节点发来的Prepare ... 
当前临时消息池无此摘要，拒绝执行commit广播
本节点已接收到N132节点发来的Prepare ... 
当前临时消息池无此摘要，拒绝执行commit广播
本节点已接收到N182节点发来的Prepare ... 
当前临时消息池无此摘要，拒绝执行commit广播
本节点已接收到N25节点发来的Prepare ... 
当前临时消息池无此摘要，拒绝执行commit广播
本节点已接收到N101节点发来的Prepare ... 
当前临时消息池无此摘要，拒绝执行commit广播
本节点已接收到N186节点发来的Prepare ... 
当前临时消息池无此摘要，拒绝执行commit广播
本节点已接收到N168节点发来的Prepare ... 
当前临时消息池无此摘要，拒绝执行commit广播
本节点已接收到N50节点发来的Prepare ... 
当前临时消息池无此摘要，拒绝执行commit广播
本节点已接收到N20节点发来的Prepare ... 
当前临时消息池无此摘要，拒绝执行commit广播
本节点已接收到N128节点发来的Prepare ... 
当前临时消息池无此摘要，拒绝执行commit广播
本节点已接收到N110节点发来的Prepare ... 
当前临时消息池无此摘要，拒绝执行commit广播
本节点已接收到N13节点发来的Prepare ... 
当前临时消息池无此摘要，拒绝执行commit广播
本节点已接收到N55节点发来的Prepare ... 
当前临时消息池无此摘要，拒绝执行commit广播
本节点已接收到N58节点发来的Prepare ... 
当前临时消息池无此摘要，拒绝执行commit广播
本节点已接收到N162节点发来的Prepare ... 
当前临时消息池无此摘要，拒绝执行commit广播
本节点已接收到N174节点发来的Prepare ... 
当前临时消息池无此摘要，拒绝执行commit广播
本节点已接收到N4节点发来的Prepare ... 
当前临时消息池无此摘要，拒绝执行commit广播
本节点已接收到N193节点发来的Prepare ... 
当前临时消息池无此摘要，拒绝执行commit广播
本节点已接收到N163节点发来的Prepare ... 
当前临时消息池无此摘要，拒绝执行commit广播
本节点已接收到N161节点发来的Prepare ... 
当前临时消息池无此摘要，拒绝执行commit广播
本节点已接收到N140节点发来的Prepare ... 
当前临时消息池无此摘要，拒绝执行commit广播
本节点已接收到N57节点发来的Prepare ... 
当前临时消息池无此摘要，拒绝执行commit广播
本节点已接收到N133节点发来的Prepare ... 
当前临时消息池无此摘要，拒绝执行commit广播
本节点已接收到N177节点发来的Prepare ... 
当前临时消息池无此摘要，拒绝执行commit广播
本节点已接收到N98节点发来的Prepare ... 
当前临时消息池无此摘要，拒绝执行commit广播
本节点已接收到N189节点发来的Prepare ... 
当前临时消息池无此摘要，拒绝执行commit广播
本节点已接收到N2节点发来的Prepare ... 
当前临时消息池无此摘要，拒绝执行commit广播
本节点已接收到N11节点发来的Prepare ... 
当前临时消息池无此摘要，拒绝执行commit广播
本节点已接收到N188节点发来的Prepare ... 
当前临时消息池无此摘要，拒绝执行commit广播
本节点已接收到N7节点发来的Prepare ... 
当前临时消息池无此摘要，拒绝执行commit广播
本节点已接收到N108节点发来的Prepare ... 
当前临时消息池无此摘要，拒绝执行commit广播
本节点已接收到N27节点发来的Prepare ... 
当前临时消息池无此摘要，拒绝执行commit广播
本节点已接收到N82节点发来的Prepare ... 
当前临时消息池无此摘要，拒绝执行commit广播
本节点已接收到N141节点发来的Prepare ... 
当前临时消息池无此摘要，拒绝执行commit广播
本节点已接收到N67节点发来的Prepare ... 
当前临时消息池无此摘要，拒绝执行commit广播
本节点已接收到N165节点发来的Prepare ... 
当前临时消息池无此摘要，拒绝执行commit广播
本节点已接收到N170节点发来的Prepare ... 
当前临时消息池无此摘要，拒绝执行commit广播
本节点已接收到N147节点发来的Prepare ... 
当前临时消息池无此摘要，拒绝执行commit广播
本节点已接收到N56节点发来的Prepare ... 
当前临时消息池无此摘要，拒绝执行commit广播
本节点已接收到N44节点发来的Prepare ... 
当前临时消息池无此摘要，拒绝执行commit广播
本节点已接收到N16节点发来的Prepare ... 
当前临时消息池无此摘要，拒绝执行commit广播
本节点已接收到N72节点发来的Prepare ... 
当前临时消息池无此摘要，拒绝执行commit广播
本节点已接收到N184节点发来的Prepare ... 
当前临时消息池无此摘要，拒绝执行commit广播
本节点已接收到N171节点发来的Prepare ... 
当前临时消息池无此摘要，拒绝执行commit广播
本节点已接收到N61节点发来的Prepare ... 
当前临时消息池无此摘要，拒绝执行commit广播
本节点已接收到N37节点发来的Prepare ... 
当前临时消息池无此摘要，拒绝执行commit广播
本节点已接收到N107节点发来的Prepare ... 
当前临时消息池无此摘要，拒绝执行commit广播
本节点已接收到N93节点发来的Prepare ... 
当前临时消息池无此摘要，拒绝执行commit广播
本节点已接收到N12节点发来的Prepare ... 
当前临时消息池无此摘要，拒绝执行commit广播
本节点已接收到N131节点发来的Prepare ... 
当前临时消息池无此摘要，拒绝执行commit广播
本节点已接收到N123节点发来的Prepare ... 
当前临时消息池无此摘要，拒绝执行commit广播
本节点已接收到N198节点发来的Prepare ... 
当前临时消息池无此摘要，拒绝执行commit广播
本节点已接收到主节点发来的PrePrepare ...
已将消息存入临时节点池
正在进行Prepare广播 ...
Prepare广播完成
本节点已接收到N51节点发来的Prepare ... 
本节点已接收到N115节点发来的Prepare ... 
本节点已接收到N138节点发来的Prepare ... 
本节点已接收到N137节点发来的Prepare ... 
本节点已接收到N172节点发来的Prepare ... 
本节点已接收到N90节点发来的Prepare ... 
本节点已接收到N190节点发来的Prepare ... 
本节点已接收到N119节点发来的Prepare ... 
本节点已接收到N14节点发来的Prepare ... 
本节点已接收到N66节点发来的Prepare ... 
本节点已接收到N112节点发来的Prepare ... 
本节点已接收到N21节点发来的Prepare ... 
本节点已接收到N145节点发来的Prepare ... 
本节点已接收到N134节点发来的Prepare ... 
本节点已接收到N159节点发来的Prepare ... 
本节点已接收到N144节点发来的Prepare ... 
本节点已接收到N152节点发来的Prepare ... 
本节点已接收到N185节点发来的Prepare ... 
本节点已接收到N53节点发来的Prepare ... 
本节点已接收到N65节点发来的Prepare ... 
本节点已接收到N29节点发来的Prepare ... 
本节点已接收到N81节点发来的Prepare ... 
本节点已接收到N10节点发来的Prepare ... 
本节点已接收到N39节点发来的Prepare ... 
本节点已接收到N32节点发来的Prepare ... 
本节点已接收到N143节点发来的Prepare ... 
本节点已接收到N5节点发来的Prepare ... 
本节点已接收到N1节点发来的Prepare ... 
本节点已接收到N124节点发来的Prepare ... 
本节点已接收到N3节点发来的Prepare ... 
本节点已接收到N78节点发来的Prepare ... 
本节点已接收到N151节点发来的Prepare ... 
本节点已接收到N34节点发来的Prepare ... 
本节点已接收到N41节点发来的Prepare ... 
本节点已接收到N149节点发来的Prepare ... 
本节点已接收到N88节点发来的Prepare ... 
本节点已接收到N178节点发来的Prepare ... 
本节点已接收到N48节点发来的Prepare ... 
本节点已接收到N64节点发来的Prepare ... 
本节点已接收到N84节点发来的Prepare ... 
本节点已接收到N42节点发来的Prepare ... 
本节点已接收到N157节点发来的Prepare ... 
本节点已接收到N105节点发来的Prepare ... 
本节点已接收到N192节点发来的Prepare ... 
本节点已接收到N179节点发来的Prepare ... 
本节点已接收到N73节点发来的Prepare ... 
本节点已接收到N136节点发来的Prepare ... 
本节点已接收到N150节点发来的Prepare ... 
本节点已接收到N154节点发来的Prepare ... 
本节点已接收到N15节点发来的Prepare ... 
本节点已接收到N91节点发来的Prepare ... 
本节点已接收到N118节点发来的Prepare ... 
本节点已接收到N83节点发来的Prepare ... 
本节点已接收到N76节点发来的Prepare ... 
本节点已接收到N109节点发来的Prepare ... 
本节点已接收到N195节点发来的Prepare ... 
本节点已接收到N181节点发来的Prepare ... 
本节点已接收到N62节点发来的Prepare ... 
本节点已接收到N116节点发来的Prepare ... 
本节点已接收到N86节点发来的Prepare ... 
本节点已接收到N183节点发来的Prepare ... 
本节点已接收到N28节点发来的Prepare ... 
本节点已接收到N156节点发来的Prepare ... 
本节点已接收到N95节点发来的Prepare ... 
本节点已接收到N153节点发来的Prepare ... 
本节点已接收到N142节点发来的Prepare ... 
本节点已接收到N33节点发来的Prepare ... 
本节点已接收到N8节点发来的Prepare ... 
本节点已接收到N126节点发来的Prepare ... 
本节点已接收到N129节点发来的Prepare ... 
本节点已接收到N120节点发来的Prepare ... 
本节点已接收到N158节点发来的Prepare ... 
本节点已接收到N99节点发来的Prepare ... 
本节点已接收到N49节点发来的Prepare ... 
本节点已接收到N148节点发来的Prepare ... 
本节点已接收到N69节点发来的Prepare ... 
本节点已接收到N79节点发来的Prepare ... 
本节点已接收到N17节点发来的Prepare ... 
本节点已接收到N43节点发来的Prepare ... 
本节点已接收到N40节点发来的Prepare ... 
本节点已接收到N130节点发来的Prepare ... 
本节点已接收到N47节点发来的Prepare ... 
本节点已接收到N194节点发来的Prepare ... 
本节点已接收到N30节点发来的Prepare ... 
本节点已接收到N175节点发来的Prepare ... 
本节点已接收到N166节点发来的Prepare ... 
本节点已接收到N186节点发来的Commit ... 
本节点已接收到N85节点发来的Prepare ... 
本节点已接收到N167节点发来的Prepare ... 
本节点已接收到N196节点发来的Prepare ... 
本节点已接收到N191节点发来的Prepare ... 
本节点已接收到N98节点发来的Commit ... 
本节点已接收到N31节点发来的Prepare ... 
本节点已接收到N63节点发来的Prepare ... 
本节点已接收到N127节点发来的Prepare ... 
本节点已接收到N103节点发来的Prepare ... 
本节点已接收到N46节点发来的Prepare ... 
本节点已接收到N176节点发来的Prepare ... 
本节点已接收到N197节点发来的Prepare ... 
本节点已接收到N59节点发来的Prepare ... 
本节点已接收到N58节点发来的Commit ... 
本节点已接收到N121节点发来的Prepare ... 
本节点已接收到N71节点发来的Prepare ... 
本节点已接收到N75节点发来的Prepare ... 
本节点已接收到N104节点发来的Commit ... 
本节点已接收到N38节点发来的Prepare ... 
本节点已接收到N147节点发来的Commit ... 
本节点已接收到N125节点发来的Prepare ... 
本节点已接收到N44节点发来的Commit ... 
本节点已接收到N22节点发来的Prepare ... 
本节点已接收到N68节点发来的Prepare ... 
本节点已接收到N180节点发来的Prepare ... 
本节点已接收到N96节点发来的Prepare ... 
本节点已接收到N102节点发来的Prepare ... 
本节点已接收到N52节点发来的Prepare ... 
本节点已接收到N160节点发来的Prepare ... 
本节点已接收到N87节点发来的Commit ... 
本节点已接收到N23节点发来的Commit ... 
本节点已接收到N187节点发来的Prepare ... 
本节点已接收到N114节点发来的Prepare ... 
本节点已接收到N198节点发来的Commit ... 
本节点已接收到N53节点发来的Commit ... 
本节点已接收到N132节点发来的Commit ... 
本节点已接收到N123节点发来的Commit ... 
本节点已接收到N177节点发来的Commit ... 
本节点已接收到N101节点发来的Commit ... 
本节点已接收到N24节点发来的Commit ... 
本节点已接收到N140节点发来的Commit ... 
本节点已接收到N12节点发来的Commit ... 
本节点已接收到N60节点发来的Prepare ... 
本节点已接收到N184节点发来的Commit ... 
本节点已接收到N25节点发来的Commit ... 
本节点已接收到N18节点发来的Prepare ... 
本节点已接收到N108节点发来的Commit ... 
本节点已接收到N169节点发来的Commit ... 
本节点已接收到N13节点发来的Commit ... 
本节点已接收到N128节点发来的Commit ... 
本节点已接收到N119节点发来的Commit ... 
本节点已接收到N94节点发来的Commit ... 
本节点已接收到N173节点发来的Prepare ... 
本节点已接收到N171节点发来的Commit ... 
本节点已接收到N2节点发来的Commit ... 
本节点已接收到N35节点发来的Prepare ... 
本节点已接收到N141节点发来的Commit ... 
本节点已接收到N155节点发来的Prepare ... 
本节点已接收到N111节点发来的Prepare ... 
本节点已接收到N32节点发来的Commit ... 
本节点已接收到N70节点发来的Commit ... 
本节点已接收到N4节点发来的Commit ... 
本节点已接收到N67节点发来的Commit ... 
本节点已接收到N5节点发来的Commit ... 
本节点已接收到N74节点发来的Prepare ... 
本节点已接收到N57节点发来的Commit ... 
本节点已接收到N162节点发来的Commit ... 
本节点已接收到N19节点发来的Prepare ... 
本节点已接收到N45节点发来的Prepare ... 
本节点已接收到N145节点发来的Commit ... 
本节点已接收到N146节点发来的Prepare ... 
本节点已接收到N152节点发来的Commit ... 
本节点已接收到N199节点发来的Prepare ... 
本节点已接收到N0节点发来的Commit ... 
本节点已接收到N112节点发来的Commit ... 
本节点已接收到N11节点发来的Commit ... 
本节点已接收到N26节点发来的Commit ... 
本节点已接收到N164节点发来的Commit ... 
本节点已接收到N41节点发来的Commit ... 
本节点已接收到N189节点发来的Commit ... 
本节点已接收到N89节点发来的Prepare ... 
本节点已接收到N65节点发来的Commit ... 
本节点已接收到N193节点发来的Commit ... 
本节点已接收到N182节点发来的Commit ... 
本节点已接收到N92节点发来的Prepare ... 
本节点已接收到N97节点发来的Commit ... 
本节点已接收到N90节点发来的Commit ... 
本节点已接收到N122节点发来的Commit ... 
本节点已接收到N106节点发来的Commit ... 
本节点已接收到N195节点发来的Commit ... 
本节点已接收到N16节点发来的Commit ... 
本节点已接收到N61节点发来的Commit ... 
本节点已接收到N7节点发来的Commit ... 
本节点已接收到N172节点发来的Commit ... 
本节点已接收到N56节点发来的Commit ... 
本节点已接收到N161节点发来的Commit ... 
本节点已接收到N37节点发来的Commit ... 
本节点已接收到N9节点发来的Commit ... 
本节点已接收到N190节点发来的Commit ... 
本节点已接收到N83节点发来的Commit ... 
本节点已接收到N135节点发来的Prepare ... 
本节点已接收到N139节点发来的Commit ... 
本节点已接收到N131节点发来的Commit ... 
本节点已接收到N100节点发来的Prepare ... 
本节点已接收到N178节点发来的Commit ... 
本节点已接收到N77节点发来的Prepare ... 
本节点已接收到N163节点发来的Commit ... 
本节点已接收到N21节点发来的Commit ... 
本节点已接收到N170节点发来的Commit ... 
本节点已接收到N81节点发来的Commit ... 
本节点已接收到N174节点发来的Commit ... 
本节点已接收到N1节点发来的Commit ... 
本节点已接收到N168节点发来的Commit ... 
本节点已接收到N59节点发来的Commit ... 
本节点已接收到N137节点发来的Commit ... 
本节点已接收到N54节点发来的Prepare ... 
本节点已接收到N14节点发来的Commit ... 
本节点已接收到N20节点发来的Commit ... 
本节点已接收到N159节点发来的Commit ... 
本节点已接收到N6节点发来的Commit ... 
本节点已接收到N120节点发来的Commit ... 
本节点已接收到N188节点发来的Commit ... 
本节点已接收到N82节点发来的Commit ... 
本节点已接收到N39节点发来的Commit ... 
本节点已接收到N55节点发来的Commit ... 
本节点已接收到N133节点发来的Commit ... 
本节点已接收到N138节点发来的Commit ... 
本节点已接收到N51节点发来的Commit ... 
本节点已接收到N156节点发来的Commit ... 
本节点已接收到N72节点发来的Commit ... 
本节点已接收到N36节点发来的Prepare ... 
本节点已接收到N68节点发来的Commit ... 
本节点已接收到N66节点发来的Commit ... 
本节点已接收到N79节点发来的Commit ... 
本节点已接收到N165节点发来的Commit ... 
本节点已接收到N84节点发来的Commit ... 
本节点已接收到N78节点发来的Commit ... 
本节点已接收到N124节点发来的Commit ... 
本节点已接收到N93节点发来的Commit ... 
本节点已接收到N27节点发来的Commit ... 
本节点已接收到N144节点发来的Commit ... 
本节点已接收到N115节点发来的Commit ... 
本节点已接收到N158节点发来的Commit ... 
本节点已接收到N88节点发来的Commit ... 
本节点已接收到N153节点发来的Commit ... 
本节点已接收到N116节点发来的Commit ... 
本节点已接收到N143节点发来的Commit ... 
本节点已接收到N22节点发来的Commit ... 
本节点已接收到N10节点发来的Commit ... 
本节点已接收到N185节点发来的Commit ... 
本节点已接收到N110节点发来的Commit ... 
本节点已接收到N8节点发来的Commit ... 
本节点已接收到N69节点发来的Commit ... 
本节点已接收到N130节点发来的Commit ... 
本节点已接收到N107节点发来的Commit ... 
本节点已接收到N89节点发来的Commit ... 
本节点已接收到N134节点发来的Commit ... 
本节点已接收到N121节点发来的Commit ... 
本节点已接收到N192节点发来的Commit ... 
本节点已接收到N118节点发来的Commit ... 
本节点已接收到N187节点发来的Commit ... 
本节点已接收到N34节点发来的Commit ... 
本节点已接收到N105节点发来的Commit ... 
本节点已接收到N45节点发来的Commit ... 
本节点已接收到N113节点发来的Prepare ... 
本节点已收到至少2f个节点(包括本地节点)发来的Prepare信息 ...
正在进行commit广播
commit广播完成
本节点已接收到N173节点发来的Commit ... 
本节点已接收到N191节点发来的Commit ... 
本节点已接收到N18节点发来的Commit ... 
本节点已接收到N181节点发来的Commit ... 
本节点已接收到N50节点发来的Commit ... 
本节点已接收到N29节点发来的Commit ... 
本节点已接收到N154节点发来的Commit ... 
本节点已接收到N28节点发来的Commit ... 
本节点已接收到N63节点发来的Commit ... 
本节点已接收到N194节点发来的Commit ... 
本节点已接收到N151节点发来的Commit ... 
本节点已收到至少2f + 1 个节点(包括本地节点)发来的Commit信息 ...
[]byte(p.messagePool[c.Digest].Content)= 1048606
把接受到的消息写入.db数据库延迟为48ms
写延时为： 48
reply完毕,用时319ms
把接受到的消息写入.db数据库延迟为48ms。reply完毕,用时319ms。N117节点已将msgid:6698088740存入本地消息池中.
正在reply客户端 ...
本节点已接收到N38节点发来的Commit ... 
本节点已接收到N103节点发来的Commit ... 
本节点已接收到N15节点发来的Commit ... 
