公钥和私钥生成成功
当前时间：2024-03-03 15:46:37.291993426 +0800 CST m=+0.000657831
节点开启监听，地址：127.0.0.1:8002
本节点已接收到主节点发来的PrePrepare ...
已将消息存入临时节点池
正在进行Prepare广播 ...
Prepare广播完成
本节点已接收到N28节点发来的Prepare ... 
本节点已接收到N4节点发来的Prepare ... 
本节点已接收到N17节点发来的Prepare ... 
本节点已接收到N36节点发来的Prepare ... 
本节点已接收到N33节点发来的Prepare ... 
本节点已接收到N22节点发来的Prepare ... 
本节点已接收到N44节点发来的Prepare ... 
本节点已接收到N43节点发来的Prepare ... 
本节点已接收到N14节点发来的Prepare ... 
本节点已接收到N31节点发来的Prepare ... 
本节点已接收到N45节点发来的Prepare ... 
本节点已接收到N10节点发来的Prepare ... 
本节点已接收到N21节点发来的Prepare ... 
本节点已接收到N24节点发来的Prepare ... 
本节点已接收到N1节点发来的Prepare ... 
本节点已接收到N47节点发来的Prepare ... 
本节点已接收到N12节点发来的Prepare ... 
本节点已接收到N37节点发来的Prepare ... 
本节点已接收到N29节点发来的Prepare ... 
本节点已接收到N5节点发来的Prepare ... 
本节点已接收到N30节点发来的Prepare ... 
本节点已接收到N39节点发来的Prepare ... 
本节点已接收到N25节点发来的Prepare ... 
本节点已接收到N27节点发来的Prepare ... 
本节点已接收到N42节点发来的Prepare ... 
本节点已接收到N18节点发来的Prepare ... 
本节点已接收到N46节点发来的Prepare ... 
本节点已接收到N35节点发来的Prepare ... 
本节点已接收到N20节点发来的Prepare ... 
本节点已接收到N15节点发来的Prepare ... 
本节点已接收到N40节点发来的Prepare ... 
本节点已收到至少2f个节点(包括本地节点)发来的Prepare信息 ...
正在进行commit广播
commit广播完成
本节点已接收到N3节点发来的Prepare ... 
本节点已接收到N34节点发来的Prepare ... 
本节点已接收到N16节点发来的Prepare ... 
本节点已接收到N23节点发来的Prepare ... 
本节点已接收到N26节点发来的Prepare ... 
本节点已接收到N49节点发来的Prepare ... 
本节点已接收到N32节点发来的Prepare ... 
本节点已接收到N41节点发来的Prepare ... 
本节点已接收到N6节点发来的Prepare ... 
本节点已接收到N13节点发来的Prepare ... 
本节点已接收到N8节点发来的Prepare ... 
本节点已接收到N48节点发来的Prepare ... 
本节点已接收到N7节点发来的Prepare ... 
本节点已接收到N9节点发来的Prepare ... 
本节点已接收到N38节点发来的Prepare ... 
本节点已接收到N19节点发来的Prepare ... 
本节点已接收到N24节点发来的Commit ... 
本节点已接收到N10节点发来的Commit ... 
本节点已接收到N31节点发来的Commit ... 
本节点已接收到N30节点发来的Commit ... 
本节点已接收到N1节点发来的Commit ... 
本节点已接收到N40节点发来的Commit ... 
本节点已接收到N32节点发来的Commit ... 
本节点已接收到N34节点发来的Commit ... 
本节点已接收到N23节点发来的Commit ... 
本节点已接收到N26节点发来的Commit ... 
本节点已接收到N4节点发来的Commit ... 
本节点已接收到N28节点发来的Commit ... 
本节点已接收到N45节点发来的Commit ... 
本节点已接收到N3节点发来的Commit ... 
本节点已接收到N19节点发来的Commit ... 
本节点已接收到N18节点发来的Commit ... 
本节点已接收到N41节点发来的Commit ... 
本节点已接收到N20节点发来的Commit ... 
本节点已接收到N42节点发来的Commit ... 
本节点已接收到N44节点发来的Commit ... 
本节点已接收到N22节点发来的Commit ... 
本节点已接收到N43节点发来的Commit ... 
本节点已接收到N29节点发来的Commit ... 
本节点已接收到N35节点发来的Commit ... 
本节点已接收到N48节点发来的Commit ... 
本节点已接收到N13节点发来的Commit ... 
本节点已接收到N17节点发来的Commit ... 
本节点已接收到N9节点发来的Commit ... 
本节点已接收到N11节点发来的Prepare ... 
本节点已接收到N25节点发来的Commit ... 
本节点已接收到N36节点发来的Commit ... 
本节点已接收到N49节点发来的Commit ... 
本节点已接收到N33节点发来的Commit ... 
本节点已收到至少2f + 1 个节点(包括本地节点)发来的Commit信息 ...
[]byte(p.messagePool[c.Digest].Content)= 4154
把接受到的消息写入.db数据库延迟为12ms
写延时为： 12
reply完毕,用时69ms
把接受到的消息写入.db数据库延迟为12ms。reply完毕,用时69ms。N2节点已将msgid:2577313535存入本地消息池中.
正在reply客户端 ...
本节点已接收到N8节点发来的Commit ... 
本节点已接收到N37节点发来的Commit ... 
本节点已接收到N14节点发来的Commit ... 
本节点已接收到N5节点发来的Commit ... 
本节点已接收到N21节点发来的Commit ... 
本节点已接收到N27节点发来的Commit ... 
本节点已接收到N15节点发来的Commit ... 
本节点已接收到N11节点发来的Commit ... 
本节点已接收到N38节点发来的Commit ... 
本节点已接收到N39节点发来的Commit ... 
本节点已接收到N6节点发来的Commit ... 
本节点已接收到N46节点发来的Commit ... 
本节点已接收到N0节点发来的Commit ... 
本节点已接收到N7节点发来的Commit ... 
本节点已接收到N12节点发来的Commit ... 
本节点已接收到N16节点发来的Commit ... 
本节点已接收到N47节点发来的Commit ... 
本节点已接收到主节点发来的PrePrepare ...
已将消息存入临时节点池
正在进行Prepare广播 ...
Prepare广播完成
本节点已接收到N6节点发来的Prepare ... 
本节点已接收到N21节点发来的Prepare ... 
本节点已接收到N19节点发来的Prepare ... 
本节点已接收到N31节点发来的Prepare ... 
本节点已接收到N27节点发来的Prepare ... 
本节点已接收到N45节点发来的Prepare ... 
本节点已接收到N9节点发来的Prepare ... 
本节点已接收到N17节点发来的Prepare ... 
本节点已接收到N16节点发来的Prepare ... 
本节点已接收到N48节点发来的Prepare ... 
本节点已接收到N7节点发来的Prepare ... 
本节点已接收到N10节点发来的Prepare ... 
本节点已接收到N13节点发来的Prepare ... 
本节点已接收到N4节点发来的Prepare ... 
本节点已接收到N40节点发来的Prepare ... 
本节点已接收到N44节点发来的Prepare ... 
本节点已接收到N8节点发来的Prepare ... 
本节点已接收到N32节点发来的Prepare ... 
本节点已接收到N47节点发来的Prepare ... 
本节点已接收到N11节点发来的Prepare ... 
本节点已接收到N36节点发来的Prepare ... 
本节点已接收到N39节点发来的Prepare ... 
本节点已接收到N22节点发来的Prepare ... 
本节点已接收到N20节点发来的Prepare ... 
本节点已接收到N38节点发来的Prepare ... 
本节点已接收到N24节点发来的Prepare ... 
本节点已接收到N15节点发来的Prepare ... 
本节点已接收到N34节点发来的Prepare ... 
本节点已接收到N5节点发来的Prepare ... 
本节点已接收到N42节点发来的Prepare ... 
本节点已接收到N49节点发来的Prepare ... 
本节点已收到至少2f个节点(包括本地节点)发来的Prepare信息 ...
正在进行commit广播
commit广播完成
本节点已接收到N14节点发来的Prepare ... 
本节点已接收到N37节点发来的Prepare ... 
本节点已接收到N41节点发来的Prepare ... 
本节点已接收到N12节点发来的Prepare ... 
本节点已接收到N23节点发来的Prepare ... 
本节点已接收到N1节点发来的Prepare ... 
本节点已接收到N18节点发来的Prepare ... 
本节点已接收到N33节点发来的Prepare ... 
本节点已接收到N26节点发来的Prepare ... 
本节点已接收到N35节点发来的Prepare ... 
本节点已接收到N28节点发来的Prepare ... 
本节点已接收到N30节点发来的Prepare ... 
本节点已接收到N43节点发来的Prepare ... 
本节点已接收到N25节点发来的Prepare ... 
本节点已接收到N3节点发来的Prepare ... 
本节点已接收到N29节点发来的Prepare ... 
本节点已接收到N46节点发来的Prepare ... 
本节点已接收到N36节点发来的Commit ... 
本节点已接收到N22节点发来的Commit ... 
本节点已接收到N10节点发来的Commit ... 
本节点已接收到N16节点发来的Commit ... 
本节点已接收到N28节点发来的Commit ... 
本节点已接收到N5节点发来的Commit ... 
本节点已接收到N33节点发来的Commit ... 
本节点已接收到N18节点发来的Commit ... 
本节点已接收到N13节点发来的Commit ... 
本节点已接收到N15节点发来的Commit ... 
本节点已接收到N14节点发来的Commit ... 
本节点已接收到N48节点发来的Commit ... 
本节点已接收到N26节点发来的Commit ... 
本节点已接收到N6节点发来的Commit ... 
本节点已接收到N39节点发来的Commit ... 
本节点已接收到N30节点发来的Commit ... 
本节点已接收到N7节点发来的Commit ... 
本节点已接收到N45节点发来的Commit ... 
本节点已接收到N12节点发来的Commit ... 
本节点已接收到N9节点发来的Commit ... 
本节点已接收到N19节点发来的Commit ... 
本节点已接收到N32节点发来的Commit ... 
本节点已接收到N35节点发来的Commit ... 
本节点已接收到N47节点发来的Commit ... 
本节点已接收到N0节点发来的Commit ... 
本节点已接收到N29节点发来的Commit ... 
本节点已接收到N49节点发来的Commit ... 
本节点已接收到N8节点发来的Commit ... 
本节点已接收到N42节点发来的Commit ... 
本节点已接收到N11节点发来的Commit ... 
本节点已接收到N43节点发来的Commit ... 
本节点已接收到N31节点发来的Commit ... 
本节点已收到至少2f + 1 个节点(包括本地节点)发来的Commit信息 ...
[]byte(p.messagePool[c.Digest].Content)= 8246
把接受到的消息写入.db数据库延迟为19ms
写延时为： 19
reply完毕,用时37ms
把接受到的消息写入.db数据库延迟为19ms。reply完毕,用时37ms。N2节点已将msgid:2548828360存入本地消息池中.
正在reply客户端 ...
本节点已接收到N3节点发来的Commit ... 
本节点已接收到N17节点发来的Commit ... 
本节点已接收到N1节点发来的Commit ... 
本节点已接收到N44节点发来的Commit ... 
本节点已接收到N4节点发来的Commit ... 
本节点已接收到N25节点发来的Commit ... 
本节点已接收到N21节点发来的Commit ... 
本节点已接收到N41节点发来的Commit ... 
本节点已接收到N27节点发来的Commit ... 
本节点已接收到N37节点发来的Commit ... 
本节点已接收到N23节点发来的Commit ... 
本节点已接收到N24节点发来的Commit ... 
本节点已接收到N40节点发来的Commit ... 
本节点已接收到N34节点发来的Commit ... 
本节点已接收到N46节点发来的Commit ... 
本节点已接收到N20节点发来的Commit ... 
本节点已接收到N38节点发来的Commit ... 
本节点已接收到主节点发来的PrePrepare ...
已将消息存入临时节点池
正在进行Prepare广播 ...
Prepare广播完成
本节点已接收到N33节点发来的Prepare ... 
本节点已接收到N30节点发来的Prepare ... 
本节点已接收到N38节点发来的Prepare ... 
本节点已接收到N40节点发来的Prepare ... 
本节点已接收到N45节点发来的Prepare ... 
本节点已接收到N4节点发来的Prepare ... 
本节点已接收到N27节点发来的Prepare ... 
本节点已接收到N13节点发来的Prepare ... 
本节点已接收到N39节点发来的Prepare ... 
本节点已接收到N34节点发来的Prepare ... 
本节点已接收到N36节点发来的Prepare ... 
本节点已接收到N17节点发来的Prepare ... 
本节点已接收到N15节点发来的Prepare ... 
本节点已接收到N43节点发来的Prepare ... 
本节点已接收到N49节点发来的Prepare ... 
本节点已接收到N16节点发来的Prepare ... 
本节点已接收到N46节点发来的Prepare ... 
本节点已接收到N21节点发来的Prepare ... 
本节点已接收到N6节点发来的Prepare ... 
本节点已接收到N8节点发来的Prepare ... 
本节点已接收到N22节点发来的Prepare ... 
本节点已接收到N11节点发来的Prepare ... 
本节点已接收到N47节点发来的Prepare ... 
本节点已接收到N20节点发来的Prepare ... 
本节点已接收到N1节点发来的Prepare ... 
本节点已接收到N42节点发来的Prepare ... 
本节点已接收到N32节点发来的Prepare ... 
本节点已接收到N3节点发来的Prepare ... 
本节点已接收到N44节点发来的Prepare ... 
本节点已接收到N10节点发来的Prepare ... 
本节点已接收到N26节点发来的Prepare ... 
本节点已收到至少2f个节点(包括本地节点)发来的Prepare信息 ...
正在进行commit广播
commit广播完成
本节点已接收到N28节点发来的Prepare ... 
本节点已接收到N14节点发来的Prepare ... 
本节点已接收到N9节点发来的Prepare ... 
本节点已接收到N35节点发来的Prepare ... 
本节点已接收到N29节点发来的Prepare ... 
本节点已接收到N41节点发来的Prepare ... 
本节点已接收到N18节点发来的Prepare ... 
本节点已接收到N19节点发来的Prepare ... 
本节点已接收到N24节点发来的Prepare ... 
本节点已接收到N37节点发来的Prepare ... 
本节点已接收到N7节点发来的Prepare ... 
本节点已接收到N5节点发来的Prepare ... 
本节点已接收到N25节点发来的Prepare ... 
本节点已接收到N31节点发来的Prepare ... 
本节点已接收到N23节点发来的Prepare ... 
本节点已接收到N12节点发来的Prepare ... 
本节点已接收到N30节点发来的Commit ... 
本节点已接收到N38节点发来的Commit ... 
本节点已接收到N43节点发来的Commit ... 
本节点已接收到N16节点发来的Commit ... 
本节点已接收到N48节点发来的Prepare ... 
本节点已接收到N8节点发来的Commit ... 
本节点已接收到N0节点发来的Commit ... 
本节点已接收到N4节点发来的Commit ... 
本节点已接收到N6节点发来的Commit ... 
本节点已接收到N40节点发来的Commit ... 
本节点已接收到N46节点发来的Commit ... 
本节点已接收到N45节点发来的Commit ... 
本节点已接收到N39节点发来的Commit ... 
本节点已接收到N3节点发来的Commit ... 
本节点已接收到N11节点发来的Commit ... 
本节点已接收到N15节点发来的Commit ... 
本节点已接收到N27节点发来的Commit ... 
本节点已接收到N26节点发来的Commit ... 
本节点已接收到N1节点发来的Commit ... 
本节点已接收到N17节点发来的Commit ... 
本节点已接收到N10节点发来的Commit ... 
本节点已接收到N33节点发来的Commit ... 
本节点已接收到N44节点发来的Commit ... 
本节点已接收到N22节点发来的Commit ... 
本节点已接收到N24节点发来的Commit ... 
本节点已接收到N34节点发来的Commit ... 
本节点已接收到N35节点发来的Commit ... 
本节点已接收到N41节点发来的Commit ... 
本节点已接收到N13节点发来的Commit ... 
本节点已接收到N47节点发来的Commit ... 
本节点已接收到N28节点发来的Commit ... 
本节点已接收到N42节点发来的Commit ... 
本节点已接收到N5节点发来的Commit ... 
本节点已收到至少2f + 1 个节点(包括本地节点)发来的Commit信息 ...
[]byte(p.messagePool[c.Digest].Content)= 16430
把接受到的消息写入.db数据库延迟为23ms
写延时为： 23
reply完毕,用时39ms
把接受到的消息写入.db数据库延迟为23ms。reply完毕,用时39ms。N2节点已将msgid:8675249769存入本地消息池中.
正在reply客户端 ...
本节点已接收到N20节点发来的Commit ... 
本节点已接收到N12节点发来的Commit ... 
本节点已接收到N29节点发来的Commit ... 
本节点已接收到N49节点发来的Commit ... 
本节点已接收到N7节点发来的Commit ... 
本节点已接收到N32节点发来的Commit ... 
本节点已接收到N19节点发来的Commit ... 
本节点已接收到N23节点发来的Commit ... 
本节点已接收到N48节点发来的Commit ... 
本节点已接收到N18节点发来的Commit ... 
本节点已接收到N36节点发来的Commit ... 
本节点已接收到N14节点发来的Commit ... 
本节点已接收到N25节点发来的Commit ... 
本节点已接收到N9节点发来的Commit ... 
本节点已接收到N37节点发来的Commit ... 
本节点已接收到N21节点发来的Commit ... 
本节点已接收到N31节点发来的Commit ... 
本节点已接收到主节点发来的PrePrepare ...
已将消息存入临时节点池
正在进行Prepare广播 ...
Prepare广播完成
本节点已接收到N43节点发来的Prepare ... 
本节点已接收到N38节点发来的Prepare ... 
本节点已接收到N9节点发来的Prepare ... 
本节点已接收到N39节点发来的Prepare ... 
本节点已接收到N8节点发来的Prepare ... 
本节点已接收到N42节点发来的Prepare ... 
本节点已接收到N29节点发来的Prepare ... 
本节点已接收到N23节点发来的Prepare ... 
本节点已接收到N45节点发来的Prepare ... 
本节点已接收到N3节点发来的Prepare ... 
本节点已接收到N13节点发来的Prepare ... 
本节点已接收到N32节点发来的Prepare ... 
本节点已接收到N15节点发来的Prepare ... 
本节点已接收到N27节点发来的Prepare ... 
本节点已接收到N40节点发来的Prepare ... 
本节点已接收到N18节点发来的Prepare ... 
本节点已接收到N17节点发来的Prepare ... 
本节点已接收到N6节点发来的Prepare ... 
本节点已接收到N49节点发来的Prepare ... 
本节点已接收到N34节点发来的Prepare ... 
本节点已接收到N21节点发来的Prepare ... 
本节点已接收到N4节点发来的Prepare ... 
本节点已接收到N5节点发来的Prepare ... 
本节点已接收到N22节点发来的Prepare ... 
本节点已接收到N11节点发来的Prepare ... 
本节点已接收到N14节点发来的Prepare ... 
本节点已接收到N19节点发来的Prepare ... 
本节点已接收到N36节点发来的Prepare ... 
本节点已接收到N30节点发来的Prepare ... 
本节点已接收到N33节点发来的Prepare ... 
本节点已接收到N20节点发来的Prepare ... 
本节点已收到至少2f个节点(包括本地节点)发来的Prepare信息 ...
正在进行commit广播
commit广播完成
本节点已接收到N46节点发来的Prepare ... 
本节点已接收到N28节点发来的Prepare ... 
本节点已接收到N41节点发来的Prepare ... 
本节点已接收到N48节点发来的Prepare ... 
本节点已接收到N16节点发来的Prepare ... 
本节点已接收到N31节点发来的Prepare ... 
本节点已接收到N7节点发来的Prepare ... 
本节点已接收到N44节点发来的Prepare ... 
本节点已接收到N35节点发来的Prepare ... 
本节点已接收到N47节点发来的Prepare ... 
本节点已接收到N12节点发来的Prepare ... 
本节点已接收到N37节点发来的Prepare ... 
本节点已接收到N24节点发来的Prepare ... 
本节点已接收到N9节点发来的Commit ... 
本节点已接收到N34节点发来的Commit ... 
本节点已接收到N1节点发来的Prepare ... 
本节点已接收到N25节点发来的Prepare ... 
本节点已接收到N16节点发来的Commit ... 
本节点已接收到N21节点发来的Commit ... 
本节点已接收到N40节点发来的Commit ... 
本节点已接收到N4节点发来的Commit ... 
本节点已接收到N27节点发来的Commit ... 
本节点已接收到N39节点发来的Commit ... 
本节点已接收到N6节点发来的Commit ... 
本节点已接收到N29节点发来的Commit ... 
本节点已接收到N28节点发来的Commit ... 
本节点已接收到N15节点发来的Commit ... 
本节点已接收到N17节点发来的Commit ... 
本节点已接收到N41节点发来的Commit ... 
本节点已接收到N38节点发来的Commit ... 
本节点已接收到N3节点发来的Commit ... 
本节点已接收到N45节点发来的Commit ... 
本节点已接收到N13节点发来的Commit ... 
本节点已接收到N18节点发来的Commit ... 
本节点已接收到N46节点发来的Commit ... 
本节点已接收到N14节点发来的Commit ... 
本节点已接收到N0节点发来的Commit ... 
本节点已接收到N32节点发来的Commit ... 
本节点已接收到N33节点发来的Commit ... 
本节点已接收到N1节点发来的Commit ... 
本节点已接收到N30节点发来的Commit ... 
本节点已接收到N20节点发来的Commit ... 
本节点已接收到N42节点发来的Commit ... 
本节点已接收到N37节点发来的Commit ... 
本节点已接收到N5节点发来的Commit ... 
本节点已接收到N23节点发来的Commit ... 
本节点已接收到N48节点发来的Commit ... 
本节点已收到至少2f + 1 个节点(包括本地节点)发来的Commit信息 ...
[]byte(p.messagePool[c.Digest].Content)= 32798
把接受到的消息写入.db数据库延迟为69ms
写延时为： 69
reply完毕,用时85ms
把接受到的消息写入.db数据库延迟为69ms。reply完毕,用时85ms。N2节点已将msgid:3687700013存入本地消息池中.
正在reply客户端 ...
本节点已接收到N44节点发来的Commit ... 
本节点已接收到N25节点发来的Commit ... 
本节点已接收到N43节点发来的Commit ... 
本节点已接收到N12节点发来的Commit ... 
本节点已接收到N36节点发来的Commit ... 
本节点已接收到N47节点发来的Commit ... 
本节点已接收到N8节点发来的Commit ... 
本节点已接收到N7节点发来的Commit ... 
本节点已接收到N11节点发来的Commit ... 
本节点已接收到N26节点发来的Prepare ... 
本节点已接收到N19节点发来的Commit ... 
本节点已接收到N22节点发来的Commit ... 
本节点已接收到N49节点发来的Commit ... 
本节点已接收到N35节点发来的Commit ... 
本节点已接收到N24节点发来的Commit ... 
本节点已接收到N10节点发来的Prepare ... 
本节点已接收到N31节点发来的Commit ... 
本节点已接收到N10节点发来的Commit ... 
本节点已接收到主节点发来的PrePrepare ...
已将消息存入临时节点池
正在进行Prepare广播 ...
Prepare广播完成
本节点已接收到N48节点发来的Prepare ... 
本节点已接收到N28节点发来的Prepare ... 
本节点已接收到N5节点发来的Prepare ... 
本节点已接收到N35节点发来的Prepare ... 
本节点已接收到N46节点发来的Prepare ... 
本节点已接收到N37节点发来的Prepare ... 
本节点已接收到N1节点发来的Prepare ... 
本节点已接收到N33节点发来的Prepare ... 
本节点已接收到N31节点发来的Prepare ... 
本节点已接收到N24节点发来的Prepare ... 
本节点已接收到N23节点发来的Prepare ... 
本节点已接收到N12节点发来的Prepare ... 
本节点已接收到N44节点发来的Prepare ... 
本节点已接收到N43节点发来的Prepare ... 
本节点已接收到N27节点发来的Prepare ... 
本节点已接收到N7节点发来的Prepare ... 
本节点已接收到N10节点发来的Prepare ... 
本节点已接收到N39节点发来的Prepare ... 
本节点已接收到N38节点发来的Prepare ... 
本节点已接收到N3节点发来的Prepare ... 
本节点已接收到N45节点发来的Prepare ... 
本节点已接收到N41节点发来的Prepare ... 
本节点已接收到N29节点发来的Prepare ... 
本节点已接收到N13节点发来的Prepare ... 
本节点已接收到N26节点发来的Prepare ... 
本节点已接收到N17节点发来的Prepare ... 
本节点已接收到N22节点发来的Prepare ... 
本节点已接收到N6节点发来的Prepare ... 
本节点已接收到N36节点发来的Prepare ... 
本节点已接收到N21节点发来的Prepare ... 
本节点已接收到N25节点发来的Prepare ... 
本节点已收到至少2f个节点(包括本地节点)发来的Prepare信息 ...
正在进行commit广播
commit广播完成
本节点已接收到N4节点发来的Prepare ... 
本节点已接收到N16节点发来的Prepare ... 
本节点已接收到N42节点发来的Prepare ... 
本节点已接收到N11节点发来的Prepare ... 
本节点已接收到N20节点发来的Prepare ... 
本节点已接收到N24节点发来的Commit ... 
本节点已接收到N9节点发来的Prepare ... 
本节点已接收到N48节点发来的Commit ... 
本节点已接收到N15节点发来的Prepare ... 
本节点已接收到N23节点发来的Commit ... 
本节点已接收到N17节点发来的Commit ... 
本节点已接收到N27节点发来的Commit ... 
本节点已接收到N38节点发来的Commit ... 
本节点已接收到N34节点发来的Prepare ... 
本节点已接收到N32节点发来的Prepare ... 
本节点已接收到N28节点发来的Commit ... 
本节点已接收到N30节点发来的Prepare ... 
本节点已接收到N46节点发来的Commit ... 
本节点已接收到N1节点发来的Commit ... 
本节点已接收到N37节点发来的Commit ... 
本节点已接收到N5节点发来的Commit ... 
本节点已接收到N25节点发来的Commit ... 
本节点已接收到N6节点发来的Commit ... 
本节点已接收到N22节点发来的Commit ... 
本节点已接收到N19节点发来的Prepare ... 
本节点已接收到N29节点发来的Commit ... 
本节点已接收到N31节点发来的Commit ... 
本节点已接收到N3节点发来的Commit ... 
本节点已接收到N33节点发来的Commit ... 
本节点已接收到N4节点发来的Commit ... 
本节点已接收到N35节点发来的Commit ... 
本节点已接收到N43节点发来的Commit ... 
本节点已接收到N36节点发来的Commit ... 
本节点已接收到N12节点发来的Commit ... 
本节点已接收到N13节点发来的Commit ... 
本节点已接收到N45节点发来的Commit ... 
本节点已接收到N18节点发来的Prepare ... 
本节点已接收到N8节点发来的Prepare ... 
本节点已接收到N21节点发来的Commit ... 
本节点已接收到N7节点发来的Commit ... 
本节点已接收到N47节点发来的Prepare ... 
本节点已接收到N39节点发来的Commit ... 
本节点已接收到N16节点发来的Commit ... 
本节点已接收到N41节点发来的Commit ... 
本节点已接收到N14节点发来的Prepare ... 
本节点已接收到N49节点发来的Prepare ... 
本节点已接收到N44节点发来的Commit ... 
本节点已接收到N0节点发来的Commit ... 
本节点已收到至少2f + 1 个节点(包括本地节点)发来的Commit信息 ...
[]byte(p.messagePool[c.Digest].Content)= 65596
把接受到的消息写入.db数据库延迟为73ms
写延时为： 73
reply完毕,用时85ms
把接受到的消息写入.db数据库延迟为73ms。reply完毕,用时85ms。N2节点已将msgid:3173136013存入本地消息池中.
正在reply客户端 ...
本节点已接收到N42节点发来的Commit ... 
本节点已接收到N11节点发来的Commit ... 
本节点已接收到N40节点发来的Prepare ... 
本节点已接收到N10节点发来的Commit ... 
本节点已接收到N32节点发来的Commit ... 
本节点已接收到N9节点发来的Commit ... 
本节点已接收到N15节点发来的Commit ... 
本节点已接收到N34节点发来的Commit ... 
本节点已接收到N49节点发来的Commit ... 
本节点已接收到N47节点发来的Commit ... 
本节点已接收到N18节点发来的Commit ... 
本节点已接收到N40节点发来的Commit ... 
本节点已接收到N8节点发来的Commit ... 
本节点已接收到N26节点发来的Commit ... 
本节点已接收到主节点发来的PrePrepare ...
已将消息存入临时节点池
正在进行Prepare广播 ...
Prepare广播完成
本节点已接收到N22节点发来的Prepare ... 
本节点已接收到N49节点发来的Prepare ... 
本节点已接收到N8节点发来的Prepare ... 
本节点已接收到N13节点发来的Prepare ... 
本节点已接收到N16节点发来的Prepare ... 
本节点已接收到N15节点发来的Prepare ... 
本节点已接收到N11节点发来的Prepare ... 
本节点已接收到N32节点发来的Prepare ... 
本节点已接收到N18节点发来的Prepare ... 
本节点已接收到N25节点发来的Prepare ... 
本节点已接收到N44节点发来的Prepare ... 
本节点已接收到N26节点发来的Prepare ... 
本节点已接收到N37节点发来的Prepare ... 
本节点已接收到N9节点发来的Prepare ... 
本节点已接收到N20节点发来的Prepare ... 
本节点已接收到N21节点发来的Prepare ... 
本节点已接收到N42节点发来的Prepare ... 
本节点已接收到N34节点发来的Prepare ... 
本节点已接收到N35节点发来的Prepare ... 
本节点已接收到N1节点发来的Prepare ... 
本节点已接收到N40节点发来的Prepare ... 
本节点已接收到N5节点发来的Prepare ... 
本节点已接收到N30节点发来的Prepare ... 
本节点已接收到N47节点发来的Prepare ... 
本节点已接收到N12节点发来的Prepare ... 
本节点已接收到N46节点发来的Prepare ... 
本节点已接收到N19节点发来的Prepare ... 
本节点已接收到N41节点发来的Prepare ... 
本节点已接收到N45节点发来的Prepare ... 
本节点已接收到N31节点发来的Prepare ... 
本节点已接收到N48节点发来的Prepare ... 
本节点已收到至少2f个节点(包括本地节点)发来的Prepare信息 ...
正在进行commit广播
commit广播完成
本节点已接收到N3节点发来的Prepare ... 
本节点已接收到N24节点发来的Prepare ... 
本节点已接收到N43节点发来的Prepare ... 
本节点已接收到N29节点发来的Prepare ... 
本节点已接收到N13节点发来的Commit ... 
本节点已接收到N33节点发来的Prepare ... 
本节点已接收到N38节点发来的Prepare ... 
本节点已接收到N40节点发来的Commit ... 
本节点已接收到N15节点发来的Commit ... 
本节点已接收到N7节点发来的Prepare ... 
本节点已接收到N11节点发来的Commit ... 
本节点已接收到N21节点发来的Commit ... 
本节点已接收到N44节点发来的Commit ... 
本节点已接收到N22节点发来的Commit ... 
本节点已接收到N6节点发来的Prepare ... 
本节点已接收到N10节点发来的Prepare ... 
本节点已接收到N0节点发来的Commit ... 
本节点已接收到N5节点发来的Commit ... 
本节点已接收到N9节点发来的Commit ... 
本节点已接收到N4节点发来的Prepare ... 
本节点已接收到N42节点发来的Commit ... 
本节点已接收到N25节点发来的Commit ... 
本节点已接收到N28节点发来的Prepare ... 
本节点已接收到N37节点发来的Commit ... 
本节点已接收到N39节点发来的Prepare ... 
本节点已接收到N46节点发来的Commit ... 
本节点已接收到N8节点发来的Commit ... 
本节点已接收到N18节点发来的Commit ... 
本节点已接收到N49节点发来的Commit ... 
本节点已接收到N47节点发来的Commit ... 
本节点已接收到N27节点发来的Prepare ... 
本节点已接收到N1节点发来的Commit ... 
本节点已接收到N32节点发来的Commit ... 
本节点已接收到N26节点发来的Commit ... 
本节点已接收到N7节点发来的Commit ... 
本节点已接收到N31节点发来的Commit ... 
本节点已接收到N16节点发来的Commit ... 
本节点已接收到N36节点发来的Prepare ... 
本节点已接收到N35节点发来的Commit ... 
本节点已接收到N34节点发来的Commit ... 
本节点已接收到N41节点发来的Commit ... 
本节点已接收到N14节点发来的Prepare ... 
本节点已接收到N48节点发来的Commit ... 
本节点已接收到N19节点发来的Commit ... 
本节点已接收到N12节点发来的Commit ... 
本节点已接收到N17节点发来的Prepare ... 
本节点已接收到N14节点发来的Commit ... 
本节点已接收到N29节点发来的Commit ... 
本节点已收到至少2f + 1 个节点(包括本地节点)发来的Commit信息 ...
[]byte(p.messagePool[c.Digest].Content)= 131130
把接受到的消息写入.db数据库延迟为80ms
写延时为： 80
reply完毕,用时127ms
把接受到的消息写入.db数据库延迟为80ms。reply完毕,用时127ms。N2节点已将msgid:9356610556存入本地消息池中.
正在reply客户端 ...
本节点已接收到N27节点发来的Commit ... 
本节点已接收到N30节点发来的Commit ... 
本节点已接收到N20节点发来的Commit ... 
本节点已接收到N23节点发来的Prepare ... 
本节点已接收到N45节点发来的Commit ... 
本节点已接收到主节点发来的PrePrepare ...
已将消息存入临时节点池
正在进行Prepare广播 ...
Prepare广播完成
本节点已接收到N29节点发来的Prepare ... 
本节点已接收到N5节点发来的Prepare ... 
本节点已接收到N26节点发来的Prepare ... 
本节点已接收到N28节点发来的Prepare ... 
本节点已接收到N25节点发来的Prepare ... 
本节点已接收到N12节点发来的Prepare ... 
本节点已接收到N37节点发来的Prepare ... 
本节点已接收到N44节点发来的Prepare ... 
本节点已接收到N10节点发来的Prepare ... 
本节点已接收到N41节点发来的Prepare ... 
本节点已接收到N31节点发来的Prepare ... 
本节点已接收到N1节点发来的Prepare ... 
本节点已接收到N22节点发来的Prepare ... 
本节点已接收到N35节点发来的Prepare ... 
本节点已接收到N16节点发来的Prepare ... 
本节点已接收到N23节点发来的Prepare ... 
本节点已接收到N46节点发来的Prepare ... 
本节点已接收到N7节点发来的Prepare ... 
本节点已接收到N27节点发来的Prepare ... 
本节点已接收到N24节点发来的Prepare ... 
本节点已接收到N45节点发来的Prepare ... 
本节点已接收到N42节点发来的Prepare ... 
本节点已接收到N48节点发来的Prepare ... 
本节点已接收到N40节点发来的Prepare ... 
本节点已接收到N33节点发来的Prepare ... 
本节点已接收到N21节点发来的Prepare ... 
本节点已接收到N6节点发来的Prepare ... 
本节点已接收到N39节点发来的Prepare ... 
本节点已接收到N3节点发来的Prepare ... 
本节点已接收到N9节点发来的Prepare ... 
本节点已接收到N32节点发来的Prepare ... 
本节点已收到至少2f个节点(包括本地节点)发来的Prepare信息 ...
正在进行commit广播
commit广播完成
本节点已接收到N13节点发来的Prepare ... 
本节点已接收到N4节点发来的Prepare ... 
本节点已接收到N17节点发来的Prepare ... 
本节点已接收到N49节点发来的Prepare ... 
本节点已接收到N36节点发来的Prepare ... 
本节点已接收到N11节点发来的Prepare ... 
本节点已接收到N20节点发来的Prepare ... 
本节点已接收到N34节点发来的Prepare ... 
本节点已接收到N14节点发来的Prepare ... 
本节点已接收到N47节点发来的Prepare ... 
本节点已接收到N43节点发来的Prepare ... 
本节点已接收到N19节点发来的Prepare ... 
本节点已接收到N31节点发来的Commit ... 
本节点已接收到N38节点发来的Prepare ... 
本节点已接收到N37节点发来的Commit ... 
本节点已接收到N0节点发来的Commit ... 
本节点已接收到N8节点发来的Prepare ... 
本节点已接收到N18节点发来的Prepare ... 
本节点已接收到N35节点发来的Commit ... 
本节点已接收到N25节点发来的Commit ... 
本节点已接收到N42节点发来的Commit ... 
本节点已接收到N30节点发来的Prepare ... 
本节点已接收到N10节点发来的Commit ... 
本节点已接收到N15节点发来的Prepare ... 
本节点已接收到N45节点发来的Commit ... 
本节点已接收到N7节点发来的Commit ... 
本节点已接收到N12节点发来的Commit ... 
本节点已接收到N23节点发来的Commit ... 
本节点已接收到N16节点发来的Commit ... 
本节点已接收到N5节点发来的Commit ... 
本节点已接收到N40节点发来的Commit ... 
本节点已接收到N41节点发来的Commit ... 
本节点已接收到N39节点发来的Commit ... 
本节点已接收到N32节点发来的Commit ... 
本节点已接收到N4节点发来的Commit ... 
本节点已接收到N26节点发来的Commit ... 
本节点已接收到N44节点发来的Commit ... 
本节点已接收到N11节点发来的Commit ... 
本节点已接收到N3节点发来的Commit ... 
本节点已接收到N20节点发来的Commit ... 
本节点已接收到N29节点发来的Commit ... 
本节点已接收到N21节点发来的Commit ... 
本节点已接收到N34节点发来的Commit ... 
本节点已接收到N1节点发来的Commit ... 
本节点已接收到N49节点发来的Commit ... 
本节点已接收到N33节点发来的Commit ... 
本节点已接收到N36节点发来的Commit ... 
本节点已接收到N19节点发来的Commit ... 
本节点已接收到N28节点发来的Commit ... 
本节点已收到至少2f + 1 个节点(包括本地节点)发来的Commit信息 ...
[]byte(p.messagePool[c.Digest].Content)= 262198
把接受到的消息写入.db数据库延迟为84ms
写延时为： 84
reply完毕,用时97ms
把接受到的消息写入.db数据库延迟为84ms。reply完毕,用时97ms。N2节点已将msgid:5783344062存入本地消息池中.
正在reply客户端 ...
本节点已接收到N17节点发来的Commit ... 
本节点已接收到N9节点发来的Commit ... 
本节点已接收到N6节点发来的Commit ... 
本节点已接收到N43节点发来的Commit ... 
本节点已接收到N22节点发来的Commit ... 
本节点已接收到N27节点发来的Commit ... 
本节点已接收到N14节点发来的Commit ... 
本节点已接收到N38节点发来的Commit ... 
本节点已接收到N48节点发来的Commit ... 
本节点已接收到N15节点发来的Commit ... 
本节点已接收到N47节点发来的Commit ... 
本节点已接收到N46节点发来的Commit ... 
本节点已接收到N18节点发来的Commit ... 
本节点已接收到N13节点发来的Commit ... 
本节点已接收到N8节点发来的Commit ... 
本节点已接收到N24节点发来的Commit ... 
本节点已接收到N30节点发来的Commit ... 
本节点已接收到主节点发来的PrePrepare ...
已将消息存入临时节点池
正在进行Prepare广播 ...
Prepare广播完成
本节点已接收到N33节点发来的Prepare ... 
本节点已接收到N4节点发来的Prepare ... 
本节点已接收到N43节点发来的Prepare ... 
本节点已接收到N10节点发来的Prepare ... 
本节点已接收到N3节点发来的Prepare ... 
本节点已接收到N29节点发来的Prepare ... 
本节点已接收到N11节点发来的Prepare ... 
本节点已接收到N39节点发来的Prepare ... 
本节点已接收到N38节点发来的Prepare ... 
本节点已接收到N49节点发来的Prepare ... 
本节点已接收到N36节点发来的Prepare ... 
本节点已接收到N6节点发来的Prepare ... 
本节点已接收到N27节点发来的Prepare ... 
本节点已接收到N42节点发来的Prepare ... 
本节点已接收到N23节点发来的Prepare ... 
本节点已接收到N32节点发来的Prepare ... 
本节点已接收到N17节点发来的Prepare ... 
本节点已接收到N21节点发来的Prepare ... 
本节点已接收到N18节点发来的Prepare ... 
本节点已接收到N16节点发来的Prepare ... 
本节点已接收到N14节点发来的Prepare ... 
本节点已接收到N45节点发来的Prepare ... 
本节点已接收到N9节点发来的Prepare ... 
本节点已接收到N30节点发来的Prepare ... 
本节点已接收到N34节点发来的Prepare ... 
本节点已接收到N13节点发来的Prepare ... 
本节点已接收到N8节点发来的Prepare ... 
本节点已接收到N37节点发来的Prepare ... 
本节点已接收到N15节点发来的Prepare ... 
本节点已接收到N20节点发来的Prepare ... 
本节点已接收到N47节点发来的Prepare ... 
本节点已收到至少2f个节点(包括本地节点)发来的Prepare信息 ...
正在进行commit广播
commit广播完成
本节点已接收到N40节点发来的Prepare ... 
本节点已接收到N1节点发来的Prepare ... 
本节点已接收到N48节点发来的Prepare ... 
本节点已接收到N19节点发来的Prepare ... 
本节点已接收到N12节点发来的Prepare ... 
本节点已接收到N49节点发来的Commit ... 
本节点已接收到N42节点发来的Commit ... 
本节点已接收到N25节点发来的Prepare ... 
本节点已接收到N39节点发来的Commit ... 
本节点已接收到N43节点发来的Commit ... 
本节点已接收到N31节点发来的Prepare ... 
本节点已接收到N44节点发来的Prepare ... 
本节点已接收到N29节点发来的Commit ... 
本节点已接收到N20节点发来的Commit ... 
本节点已接收到N3节点发来的Commit ... 
本节点已接收到N16节点发来的Commit ... 
本节点已接收到N36节点发来的Commit ... 
本节点已接收到N45节点发来的Commit ... 
本节点已接收到N13节点发来的Commit ... 
本节点已接收到N27节点发来的Commit ... 
本节点已接收到N22节点发来的Prepare ... 
本节点已接收到N7节点发来的Prepare ... 
本节点已接收到N24节点发来的Prepare ... 
本节点已接收到N41节点发来的Prepare ... 
本节点已接收到N32节点发来的Commit ... 
本节点已接收到N15节点发来的Commit ... 
本节点已接收到N26节点发来的Prepare ... 
本节点已接收到N28节点发来的Prepare ... 
本节点已接收到N46节点发来的Prepare ... 
本节点已接收到N23节点发来的Commit ... 
本节点已接收到N14节点发来的Commit ... 
本节点已接收到N17节点发来的Commit ... 
本节点已接收到N37节点发来的Commit ... 
本节点已接收到N40节点发来的Commit ... 
本节点已接收到N34节点发来的Commit ... 
本节点已接收到N5节点发来的Prepare ... 
本节点已接收到N18节点发来的Commit ... 
本节点已接收到N9节点发来的Commit ... 
本节点已接收到N30节点发来的Commit ... 
本节点已接收到N33节点发来的Commit ... 
本节点已接收到N47节点发来的Commit ... 
本节点已接收到N0节点发来的Commit ... 
本节点已接收到N11节点发来的Commit ... 
本节点已接收到N35节点发来的Prepare ... 
本节点已接收到N6节点发来的Commit ... 
本节点已接收到N22节点发来的Commit ... 
本节点已接收到N8节点发来的Commit ... 
本节点已接收到N38节点发来的Commit ... 
本节点已接收到N48节点发来的Commit ... 
本节点已收到至少2f + 1 个节点(包括本地节点)发来的Commit信息 ...
[]byte(p.messagePool[c.Digest].Content)= 524334
把接受到的消息写入.db数据库延迟为57ms
写延时为： 57
reply完毕,用时80ms
把接受到的消息写入.db数据库延迟为57ms。reply完毕,用时80ms。N2节点已将msgid:7439018036存入本地消息池中.
正在reply客户端 ...
本节点已接收到N25节点发来的Commit ... 
本节点已接收到N44节点发来的Commit ... 
本节点已接收到N26节点发来的Commit ... 
本节点已接收到N10节点发来的Commit ... 
本节点已接收到N28节点发来的Commit ... 
本节点已接收到N21节点发来的Commit ... 
本节点已接收到N4节点发来的Commit ... 
本节点已接收到N35节点发来的Commit ... 
本节点已接收到N1节点发来的Commit ... 
本节点已接收到N12节点发来的Commit ... 
本节点已接收到N7节点发来的Commit ... 
本节点已接收到N41节点发来的Commit ... 
本节点已接收到N5节点发来的Commit ... 
本节点已接收到N19节点发来的Commit ... 
本节点已接收到N31节点发来的Commit ... 
本节点已接收到N46节点发来的Commit ... 
本节点已接收到N24节点发来的Commit ... 
本节点已接收到主节点发来的PrePrepare ...
已将消息存入临时节点池
正在进行Prepare广播 ...
Prepare广播完成
本节点已接收到N25节点发来的Prepare ... 
本节点已接收到N5节点发来的Prepare ... 
本节点已接收到N1节点发来的Prepare ... 
本节点已接收到N26节点发来的Prepare ... 
本节点已接收到N37节点发来的Prepare ... 
本节点已接收到N48节点发来的Prepare ... 
本节点已接收到N35节点发来的Prepare ... 
本节点已接收到N7节点发来的Prepare ... 
本节点已接收到N39节点发来的Prepare ... 
本节点已接收到N43节点发来的Prepare ... 
本节点已接收到N46节点发来的Prepare ... 
本节点已接收到N12节点发来的Prepare ... 
本节点已接收到N29节点发来的Prepare ... 
本节点已接收到N24节点发来的Prepare ... 
本节点已接收到N41节点发来的Prepare ... 
本节点已接收到N44节点发来的Prepare ... 
本节点已接收到N10节点发来的Prepare ... 
本节点已接收到N36节点发来的Prepare ... 
本节点已接收到N3节点发来的Prepare ... 
本节点已接收到N28节点发来的Prepare ... 
本节点已接收到N31节点发来的Prepare ... 
本节点已接收到N23节点发来的Prepare ... 
本节点已接收到N6节点发来的Prepare ... 
本节点已接收到N4节点发来的Prepare ... 
本节点已接收到N32节点发来的Prepare ... 
本节点已接收到N38节点发来的Prepare ... 
本节点已接收到N27节点发来的Prepare ... 
本节点已接收到N42节点发来的Prepare ... 
本节点已接收到N33节点发来的Prepare ... 
本节点已接收到N45节点发来的Prepare ... 
本节点已接收到N21节点发来的Prepare ... 
本节点已收到至少2f个节点(包括本地节点)发来的Prepare信息 ...
正在进行commit广播
commit广播完成
本节点已接收到N16节点发来的Prepare ... 
本节点已接收到N49节点发来的Prepare ... 
本节点已接收到N1节点发来的Commit ... 
本节点已接收到N17节点发来的Prepare ... 
本节点已接收到N29节点发来的Commit ... 
本节点已接收到N37节点发来的Commit ... 
本节点已接收到N31节点发来的Commit ... 
本节点已接收到N0节点发来的Commit ... 
本节点已接收到N48节点发来的Commit ... 
本节点已接收到N39节点发来的Commit ... 
本节点已接收到N35节点发来的Commit ... 
本节点已接收到N44节点发来的Commit ... 
本节点已接收到N26节点发来的Commit ... 
本节点已接收到N12节点发来的Commit ... 
本节点已接收到N40节点发来的Prepare ... 
本节点已接收到N23节点发来的Commit ... 
本节点已接收到N46节点发来的Commit ... 
本节点已接收到N3节点发来的Commit ... 
本节点已接收到N27节点发来的Commit ... 
本节点已接收到N42节点发来的Commit ... 
本节点已接收到N28节点发来的Commit ... 
本节点已接收到N14节点发来的Prepare ... 
本节点已接收到N33节点发来的Commit ... 
本节点已接收到N36节点发来的Commit ... 
本节点已接收到N25节点发来的Commit ... 
本节点已接收到N19节点发来的Prepare ... 
本节点已接收到N38节点发来的Commit ... 
本节点已接收到N34节点发来的Prepare ... 
本节点已接收到N11节点发来的Prepare ... 
本节点已接收到N20节点发来的Prepare ... 
本节点已接收到N7节点发来的Commit ... 
本节点已接收到N22节点发来的Prepare ... 
本节点已接收到N32节点发来的Commit ... 
本节点已接收到N10节点发来的Commit ... 
本节点已接收到N43节点发来的Commit ... 
本节点已接收到N5节点发来的Commit ... 
本节点已接收到N4节点发来的Commit ... 
本节点已接收到N6节点发来的Commit ... 
本节点已接收到N49节点发来的Commit ... 
本节点已接收到N17节点发来的Commit ... 
本节点已接收到N8节点发来的Prepare ... 
本节点已接收到N40节点发来的Commit ... 
本节点已接收到N19节点发来的Commit ... 
本节点已收到至少2f + 1 个节点(包括本地节点)发来的Commit信息 ...
[]byte(p.messagePool[c.Digest].Content)= 1048606
把接受到的消息写入.db数据库延迟为185ms
写延时为： 185
reply完毕,用时213ms
把接受到的消息写入.db数据库延迟为185ms。reply完毕,用时213ms。N2节点已将msgid:6936355206存入本地消息池中.
正在reply客户端 ...
本节点已接收到N41节点发来的Commit ... 
本节点已接收到N13节点发来的Prepare ... 
本节点已接收到N47节点发来的Prepare ... 
本节点已接收到N16节点发来的Commit ... 
本节点已接收到N24节点发来的Commit ... 
本节点已接收到N45节点发来的Commit ... 
本节点已接收到N21节点发来的Commit ... 
本节点已接收到N11节点发来的Commit ... 
本节点已接收到N30节点发来的Prepare ... 
本节点已接收到N15节点发来的Prepare ... 
本节点已接收到N18节点发来的Prepare ... 
本节点已接收到N20节点发来的Commit ... 
本节点已接收到N8节点发来的Commit ... 
本节点已接收到N14节点发来的Commit ... 
本节点已接收到N47节点发来的Commit ... 
本节点已接收到N22节点发来的Commit ... 
本节点已接收到N13节点发来的Commit ... 
本节点已接收到N9节点发来的Prepare ... 
本节点已接收到N18节点发来的Commit ... 
本节点已接收到N34节点发来的Commit ... 
本节点已接收到N15节点发来的Commit ... 
本节点已接收到N30节点发来的Commit ... 
本节点已接收到N9节点发来的Commit ... 
本节点已接收到主节点发来的PrePrepare ...
已将消息存入临时节点池
正在进行Prepare广播 ...
Prepare广播完成
本节点已接收到N32节点发来的Prepare ... 
本节点已接收到N42节点发来的Prepare ... 
本节点已接收到N21节点发来的Prepare ... 
本节点已接收到N22节点发来的Prepare ... 
本节点已接收到N15节点发来的Prepare ... 
本节点已接收到N19节点发来的Prepare ... 
本节点已接收到N11节点发来的Prepare ... 
本节点已接收到N16节点发来的Prepare ... 
本节点已接收到N40节点发来的Prepare ... 
本节点已接收到N18节点发来的Prepare ... 
本节点已接收到N30节点发来的Prepare ... 
本节点已接收到N13节点发来的Prepare ... 
本节点已接收到N8节点发来的Prepare ... 
本节点已接收到N47节点发来的Prepare ... 
本节点已接收到N14节点发来的Prepare ... 
本节点已接收到N34节点发来的Prepare ... 
本节点已接收到N20节点发来的Prepare ... 
本节点已接收到N26节点发来的Prepare ... 
本节点已接收到N5节点发来的Prepare ... 
本节点已接收到N44节点发来的Prepare ... 
本节点已接收到N37节点发来的Prepare ... 
本节点已接收到N49节点发来的Prepare ... 
本节点已接收到N1节点发来的Prepare ... 
本节点已接收到N46节点发来的Prepare ... 
本节点已接收到N35节点发来的Prepare ... 
本节点已接收到N25节点发来的Prepare ... 
本节点已接收到N9节点发来的Prepare ... 
本节点已接收到N48节点发来的Prepare ... 
本节点已接收到N41节点发来的Prepare ... 
本节点已接收到N39节点发来的Prepare ... 
本节点已接收到N24节点发来的Prepare ... 
本节点已收到至少2f个节点(包括本地节点)发来的Prepare信息 ...
正在进行commit广播
commit广播完成
本节点已接收到N46节点发来的Commit ... 
本节点已接收到N5节点发来的Commit ... 
本节点已接收到N1节点发来的Commit ... 
本节点已接收到N14节点发来的Commit ... 
本节点已接收到N11节点发来的Commit ... 
本节点已接收到N30节点发来的Commit ... 
本节点已接收到N35节点发来的Commit ... 
本节点已接收到N16节点发来的Commit ... 
本节点已接收到N22节点发来的Commit ... 
本节点已接收到N19节点发来的Commit ... 
本节点已接收到N9节点发来的Commit ... 
本节点已接收到N40节点发来的Commit ... 
本节点已接收到N26节点发来的Commit ... 
本节点已接收到N37节点发来的Commit ... 
本节点已接收到N32节点发来的Commit ... 
本节点已接收到N34节点发来的Commit ... 
本节点已接收到N15节点发来的Commit ... 
本节点已接收到N48节点发来的Commit ... 
本节点已接收到N49节点发来的Commit ... 
本节点已接收到N25节点发来的Commit ... 
本节点已接收到N20节点发来的Commit ... 
本节点已接收到N8节点发来的Commit ... 
本节点已接收到N47节点发来的Commit ... 
本节点已接收到N41节点发来的Commit ... 
本节点已接收到N44节点发来的Commit ... 
本节点已接收到N39节点发来的Commit ... 
本节点已接收到N42节点发来的Commit ... 
本节点已接收到N13节点发来的Commit ... 
本节点已接收到N0节点发来的Commit ... 
本节点已接收到N18节点发来的Commit ... 
本节点已接收到N31节点发来的Prepare ... 
本节点已接收到N12节点发来的Prepare ... 
本节点已接收到N21节点发来的Commit ... 
本节点已接收到N24节点发来的Commit ... 
本节点已收到至少2f + 1 个节点(包括本地节点)发来的Commit信息 ...
[]byte(p.messagePool[c.Digest].Content)= 2097212
把接受到的消息写入.db数据库延迟为152ms
写延时为： 152
reply完毕,用时210ms
把接受到的消息写入.db数据库延迟为152ms。reply完毕,用时210ms。N2节点已将msgid:6140584743存入本地消息池中.
正在reply客户端 ...
本节点已接收到N36节点发来的Prepare ... 
本节点已接收到N29节点发来的Prepare ... 
本节点已接收到N31节点发来的Commit ... 
本节点已接收到N12节点发来的Commit ... 
本节点已接收到N10节点发来的Prepare ... 
本节点已接收到N29节点发来的Commit ... 
本节点已接收到N43节点发来的Prepare ... 
本节点已接收到N36节点发来的Commit ... 
本节点已接收到N7节点发来的Prepare ... 
本节点已接收到N28节点发来的Prepare ... 
本节点已接收到N10节点发来的Commit ... 
本节点已接收到N23节点发来的Prepare ... 
本节点已接收到N6节点发来的Prepare ... 
本节点已接收到N28节点发来的Commit ... 
本节点已接收到N7节点发来的Commit ... 
本节点已接收到N33节点发来的Prepare ... 
本节点已接收到N27节点发来的Prepare ... 
本节点已接收到N3节点发来的Prepare ... 
本节点已接收到N45节点发来的Prepare ... 
本节点已接收到N23节点发来的Commit ... 
本节点已接收到N3节点发来的Commit ... 
本节点已接收到N33节点发来的Commit ... 
本节点已接收到N43节点发来的Commit ... 
本节点已接收到N45节点发来的Commit ... 
本节点已接收到N27节点发来的Commit ... 
本节点已接收到N17节点发来的Prepare ... 
本节点已接收到N6节点发来的Commit ... 
本节点已接收到N4节点发来的Prepare ... 
本节点已接收到N17节点发来的Commit ... 
本节点已接收到N38节点发来的Prepare ... 
本节点已接收到N4节点发来的Commit ... 
本节点已接收到N38节点发来的Commit ... 
本节点已接收到主节点发来的PrePrepare ...
已将消息存入临时节点池
正在进行Prepare广播 ...
Prepare广播完成
本节点已接收到N46节点发来的Prepare ... 
本节点已接收到N41节点发来的Prepare ... 
本节点已接收到N48节点发来的Prepare ... 
本节点已接收到N7节点发来的Prepare ... 
本节点已接收到N3节点发来的Prepare ... 
本节点已接收到N35节点发来的Prepare ... 
本节点已接收到N28节点发来的Prepare ... 
本节点已接收到N24节点发来的Prepare ... 
本节点已接收到N10节点发来的Prepare ... 
本节点已接收到N33节点发来的Prepare ... 
本节点已接收到N36节点发来的Prepare ... 
本节点已接收到N38节点发来的Prepare ... 
本节点已接收到N39节点发来的Prepare ... 
本节点已接收到N23节点发来的Prepare ... 
本节点已接收到N43节点发来的Prepare ... 
本节点已接收到N42节点发来的Prepare ... 
本节点已接收到N32节点发来的Prepare ... 
本节点已接收到N29节点发来的Prepare ... 
本节点已接收到N17节点发来的Prepare ... 
本节点已接收到N16节点发来的Prepare ... 
本节点已接收到N11节点发来的Prepare ... 
本节点已接收到N13节点发来的Prepare ... 
本节点已接收到N49节点发来的Prepare ... 
本节点已接收到N45节点发来的Prepare ... 
本节点已接收到N21节点发来的Prepare ... 
本节点已接收到N22节点发来的Prepare ... 
本节点已接收到N27节点发来的Prepare ... 
本节点已接收到N14节点发来的Prepare ... 
本节点已接收到N6节点发来的Prepare ... 
本节点已接收到N31节点发来的Prepare ... 
本节点已接收到N30节点发来的Prepare ... 
本节点已收到至少2f个节点(包括本地节点)发来的Prepare信息 ...
正在进行commit广播
commit广播完成
本节点已接收到N19节点发来的Prepare ... 
本节点已接收到N49节点发来的Commit ... 
本节点已接收到N47节点发来的Prepare ... 
本节点已接收到N11节点发来的Commit ... 
本节点已接收到N38节点发来的Commit ... 
本节点已接收到N46节点发来的Commit ... 
本节点已接收到N8节点发来的Prepare ... 
本节点已接收到N35节点发来的Commit ... 
本节点已接收到N21节点发来的Commit ... 
本节点已接收到N16节点发来的Commit ... 
本节点已接收到N31节点发来的Commit ... 
本节点已接收到N41节点发来的Commit ... 
本节点已接收到N13节点发来的Commit ... 
本节点已接收到N36节点发来的Commit ... 
本节点已接收到N33节点发来的Commit ... 
本节点已接收到N10节点发来的Commit ... 
本节点已接收到N7节点发来的Commit ... 
本节点已接收到N32节点发来的Commit ... 
本节点已接收到N23节点发来的Commit ... 
本节点已接收到N0节点发来的Commit ... 
本节点已接收到N27节点发来的Commit ... 
本节点已接收到N6节点发来的Commit ... 
本节点已接收到N29节点发来的Commit ... 
本节点已接收到N39节点发来的Commit ... 
本节点已接收到N43节点发来的Commit ... 
本节点已接收到N22节点发来的Commit ... 
本节点已接收到N30节点发来的Commit ... 
本节点已接收到N14节点发来的Commit ... 
本节点已接收到N24节点发来的Commit ... 
本节点已接收到N28节点发来的Commit ... 
本节点已接收到N48节点发来的Commit ... 
本节点已接收到N45节点发来的Commit ... 
本节点已接收到N19节点发来的Commit ... 
本节点已接收到N17节点发来的Commit ... 
本节点已接收到N20节点发来的Prepare ... 
本节点已接收到N3节点发来的Commit ... 
本节点已收到至少2f + 1 个节点(包括本地节点)发来的Commit信息 ...
[]byte(p.messagePool[c.Digest].Content)= 4194362
把接受到的消息写入.db数据库延迟为177ms
写延时为： 177
reply完毕,用时254ms
把接受到的消息写入.db数据库延迟为177ms。reply完毕,用时254ms。N2节点已将msgid:8584802038存入本地消息池中.
正在reply客户端 ...
本节点已接收到N42节点发来的Commit ... 
本节点已接收到N1节点发来的Prepare ... 
本节点已接收到N47节点发来的Commit ... 
本节点已接收到N8节点发来的Commit ... 
本节点已接收到N20节点发来的Commit ... 
本节点已接收到N5节点发来的Prepare ... 
本节点已接收到N40节点发来的Prepare ... 
本节点已接收到N1节点发来的Commit ... 
本节点已接收到N37节点发来的Prepare ... 
本节点已接收到N9节点发来的Prepare ... 
本节点已接收到N4节点发来的Prepare ... 
本节点已接收到N44节点发来的Prepare ... 
本节点已接收到N40节点发来的Commit ... 
本节点已接收到N15节点发来的Prepare ... 
本节点已接收到N5节点发来的Commit ... 
本节点已接收到N37节点发来的Commit ... 
本节点已接收到N34节点发来的Prepare ... 
本节点已接收到N9节点发来的Commit ... 
本节点已接收到N26节点发来的Prepare ... 
本节点已接收到N44节点发来的Commit ... 
本节点已接收到N15节点发来的Commit ... 
本节点已接收到N12节点发来的Prepare ... 
本节点已接收到N4节点发来的Commit ... 
本节点已接收到N18节点发来的Prepare ... 
本节点已接收到N25节点发来的Prepare ... 
本节点已接收到N34节点发来的Commit ... 
本节点已接收到N26节点发来的Commit ... 
本节点已接收到N18节点发来的Commit ... 
本节点已接收到N12节点发来的Commit ... 
本节点已接收到N25节点发来的Commit ... 
本节点已接收到主节点发来的PrePrepare ...
已将消息存入临时节点池
正在进行Prepare广播 ...
Prepare广播完成
本节点已接收到N26节点发来的Prepare ... 
本节点已接收到N44节点发来的Prepare ... 
本节点已接收到N5节点发来的Prepare ... 
本节点已接收到N25节点发来的Prepare ... 
本节点已接收到N46节点发来的Prepare ... 
本节点已接收到N35节点发来的Prepare ... 
本节点已接收到N37节点发来的Prepare ... 
本节点已接收到N1节点发来的Prepare ... 
本节点已接收到N10节点发来的Prepare ... 
本节点已接收到N48节点发来的Prepare ... 
本节点已接收到N31节点发来的Prepare ... 
本节点已接收到N41节点发来的Prepare ... 
本节点已接收到N3节点发来的Prepare ... 
本节点已接收到N23节点发来的Prepare ... 
本节点已接收到N36节点发来的Prepare ... 
本节点已接收到N7节点发来的Prepare ... 
本节点已接收到N27节点发来的Prepare ... 
本节点已接收到N28节点发来的Prepare ... 
本节点已接收到N45节点发来的Prepare ... 
本节点已接收到N22节点发来的Prepare ... 
本节点已接收到N16节点发来的Prepare ... 
本节点已接收到N29节点发来的Prepare ... 
本节点已接收到N12节点发来的Prepare ... 
本节点已接收到N42节点发来的Prepare ... 
本节点已接收到N11节点发来的Prepare ... 
本节点已接收到N21节点发来的Prepare ... 
本节点已接收到N43节点发来的Prepare ... 
本节点已接收到N24节点发来的Prepare ... 
本节点已接收到N6节点发来的Prepare ... 
本节点已接收到N39节点发来的Prepare ... 
本节点已接收到N4节点发来的Prepare ... 
本节点已收到至少2f个节点(包括本地节点)发来的Prepare信息 ...
正在进行commit广播
commit广播完成
本节点已接收到N40节点发来的Prepare ... 
本节点已接收到N12节点发来的Commit ... 
本节点已接收到N30节点发来的Prepare ... 
本节点已接收到N25节点发来的Commit ... 
本节点已接收到N1节点发来的Commit ... 
本节点已接收到N48节点发来的Commit ... 
本节点已接收到N45节点发来的Commit ... 
本节点已接收到N29节点发来的Commit ... 
本节点已接收到N3节点发来的Commit ... 
本节点已接收到N22节点发来的Commit ... 
本节点已接收到N36节点发来的Commit ... 
本节点已接收到N4节点发来的Commit ... 
本节点已接收到N6节点发来的Commit ... 
本节点已接收到N41节点发来的Commit ... 
本节点已接收到N43节点发来的Commit ... 
本节点已接收到N5节点发来的Commit ... 
本节点已接收到N28节点发来的Commit ... 
本节点已接收到N35节点发来的Commit ... 
本节点已接收到N16节点发来的Commit ... 
本节点已接收到N26节点发来的Commit ... 
本节点已接收到N37节点发来的Commit ... 
本节点已接收到N21节点发来的Commit ... 
本节点已接收到N27节点发来的Commit ... 
本节点已接收到N11节点发来的Commit ... 
本节点已接收到N0节点发来的Commit ... 
本节点已接收到N7节点发来的Commit ... 
本节点已接收到N31节点发来的Commit ... 
本节点已接收到N39节点发来的Commit ... 
本节点已接收到N24节点发来的Commit ... 
本节点已接收到N10节点发来的Commit ... 
本节点已接收到N44节点发来的Commit ... 
本节点已接收到N42节点发来的Commit ... 
本节点已接收到N46节点发来的Commit ... 
本节点已接收到N30节点发来的Commit ... 
本节点已收到至少2f + 1 个节点(包括本地节点)发来的Commit信息 ...
[]byte(p.messagePool[c.Digest].Content)= 8388662
把接受到的消息写入.db数据库延迟为287ms
写延时为： 287
reply完毕,用时406ms
把接受到的消息写入.db数据库延迟为287ms。reply完毕,用时406ms。N2节点已将msgid:8318706403存入本地消息池中.
正在reply客户端 ...
本节点已接收到N23节点发来的Commit ... 
本节点已接收到N40节点发来的Commit ... 
本节点已接收到N9节点发来的Prepare ... 
本节点已接收到N47节点发来的Prepare ... 
本节点已接收到N13节点发来的Prepare ... 
本节点已接收到N9节点发来的Commit ... 
本节点已接收到N8节点发来的Prepare ... 
本节点已接收到N47节点发来的Commit ... 
本节点已接收到N13节点发来的Commit ... 
本节点已接收到N18节点发来的Prepare ... 
本节点已接收到N49节点发来的Prepare ... 
本节点已接收到N34节点发来的Prepare ... 
本节点已接收到N38节点发来的Prepare ... 
本节点已接收到N8节点发来的Commit ... 
本节点已接收到N17节点发来的Prepare ... 
本节点已接收到N20节点发来的Prepare ... 
本节点已接收到N49节点发来的Commit ... 
本节点已接收到N18节点发来的Commit ... 
本节点已接收到N33节点发来的Prepare ... 
本节点已接收到N38节点发来的Commit ... 
本节点已接收到N34节点发来的Commit ... 
本节点已接收到N17节点发来的Commit ... 
本节点已接收到N33节点发来的Commit ... 
本节点已接收到N20节点发来的Commit ... 
本节点已接收到N32节点发来的Prepare ... 
本节点已接收到N15节点发来的Prepare ... 
本节点已接收到N32节点发来的Commit ... 
本节点已接收到N15节点发来的Commit ... 
本节点已接收到N14节点发来的Prepare ... 
本节点已接收到N14节点发来的Commit ... 
本节点已接收到N19节点发来的Prepare ... 
本节点已接收到N19节点发来的Commit ... 
