公钥和私钥生成成功
当前时间：2024-03-03 15:46:37.388615204 +0800 CST m=+0.000402103
节点开启监听，地址：127.0.0.1:8043
本节点已接收到主节点发来的PrePrepare ...
已将消息存入临时节点池
正在进行Prepare广播 ...
Prepare广播完成
本节点已接收到N14节点发来的Prepare ... 
本节点已接收到N29节点发来的Prepare ... 
本节点已接收到N18节点发来的Prepare ... 
本节点已接收到N21节点发来的Prepare ... 
本节点已接收到N24节点发来的Prepare ... 
本节点已接收到N22节点发来的Prepare ... 
本节点已接收到N40节点发来的Prepare ... 
本节点已接收到N25节点发来的Prepare ... 
本节点已接收到N27节点发来的Prepare ... 
本节点已接收到N12节点发来的Prepare ... 
本节点已接收到N44节点发来的Prepare ... 
本节点已接收到N23节点发来的Prepare ... 
本节点已接收到N47节点发来的Prepare ... 
本节点已接收到N1节点发来的Prepare ... 
本节点已接收到N16节点发来的Prepare ... 
本节点已接收到N45节点发来的Prepare ... 
本节点已接收到N38节点发来的Prepare ... 
本节点已接收到N10节点发来的Prepare ... 
本节点已接收到N19节点发来的Prepare ... 
本节点已接收到N11节点发来的Prepare ... 
本节点已接收到N41节点发来的Prepare ... 
本节点已接收到N4节点发来的Prepare ... 
本节点已接收到N5节点发来的Prepare ... 
本节点已接收到N34节点发来的Prepare ... 
本节点已接收到N31节点发来的Prepare ... 
本节点已接收到N46节点发来的Prepare ... 
本节点已接收到N36节点发来的Prepare ... 
本节点已接收到N37节点发来的Prepare ... 
本节点已接收到N15节点发来的Prepare ... 
本节点已接收到N2节点发来的Prepare ... 
本节点已接收到N30节点发来的Prepare ... 
本节点已收到至少2f个节点(包括本地节点)发来的Prepare信息 ...
正在进行commit广播
commit广播完成
本节点已接收到N32节点发来的Prepare ... 
本节点已接收到N20节点发来的Prepare ... 
本节点已接收到N28节点发来的Prepare ... 
本节点已接收到N26节点发来的Prepare ... 
本节点已接收到N42节点发来的Prepare ... 
本节点已接收到N3节点发来的Prepare ... 
本节点已接收到N6节点发来的Prepare ... 
本节点已接收到N49节点发来的Prepare ... 
本节点已接收到N35节点发来的Prepare ... 
本节点已接收到N13节点发来的Prepare ... 
本节点已接收到N33节点发来的Prepare ... 
本节点已接收到N7节点发来的Prepare ... 
本节点已接收到N9节点发来的Prepare ... 
本节点已接收到N17节点发来的Prepare ... 
本节点已接收到N39节点发来的Prepare ... 
本节点已接收到N8节点发来的Prepare ... 
本节点已接收到N48节点发来的Prepare ... 
本节点已接收到N24节点发来的Commit ... 
本节点已接收到N1节点发来的Commit ... 
本节点已接收到N31节点发来的Commit ... 
本节点已接收到N40节点发来的Commit ... 
本节点已接收到N4节点发来的Commit ... 
本节点已接收到N30节点发来的Commit ... 
本节点已接收到N34节点发来的Commit ... 
本节点已接收到N41节点发来的Commit ... 
本节点已接收到N42节点发来的Commit ... 
本节点已接收到N19节点发来的Commit ... 
本节点已接收到N10节点发来的Commit ... 
本节点已接收到N22节点发来的Commit ... 
本节点已接收到N45节点发来的Commit ... 
本节点已接收到N28节点发来的Commit ... 
本节点已接收到N18节点发来的Commit ... 
本节点已接收到N20节点发来的Commit ... 
本节点已接收到N3节点发来的Commit ... 
本节点已接收到N44节点发来的Commit ... 
本节点已接收到N32节点发来的Commit ... 
本节点已接收到N0节点发来的Commit ... 
本节点已接收到N23节点发来的Commit ... 
本节点已接收到N25节点发来的Commit ... 
本节点已接收到N6节点发来的Commit ... 
本节点已接收到N37节点发来的Commit ... 
本节点已接收到N26节点发来的Commit ... 
本节点已接收到N29节点发来的Commit ... 
本节点已接收到N49节点发来的Commit ... 
本节点已接收到N36节点发来的Commit ... 
本节点已接收到N48节点发来的Commit ... 
本节点已接收到N9节点发来的Commit ... 
本节点已接收到N35节点发来的Commit ... 
本节点已接收到N8节点发来的Commit ... 
本节点已收到至少2f + 1 个节点(包括本地节点)发来的Commit信息 ...
[]byte(p.messagePool[c.Digest].Content)= 4154
把接受到的消息写入.db数据库延迟为31ms
写延时为： 31
reply完毕,用时96ms
把接受到的消息写入.db数据库延迟为31ms。reply完毕,用时96ms。N43节点已将msgid:2577313535存入本地消息池中.
正在reply客户端 ...
本节点已接收到N5节点发来的Commit ... 
本节点已接收到N14节点发来的Commit ... 
本节点已接收到N2节点发来的Commit ... 
本节点已接收到N47节点发来的Commit ... 
本节点已接收到N21节点发来的Commit ... 
本节点已接收到N11节点发来的Commit ... 
本节点已接收到N27节点发来的Commit ... 
本节点已接收到N38节点发来的Commit ... 
本节点已接收到N39节点发来的Commit ... 
本节点已接收到N15节点发来的Commit ... 
本节点已接收到N17节点发来的Commit ... 
本节点已接收到N13节点发来的Commit ... 
本节点已接收到N46节点发来的Commit ... 
本节点已接收到N16节点发来的Commit ... 
本节点已接收到N7节点发来的Commit ... 
本节点已接收到N33节点发来的Commit ... 
本节点已接收到N12节点发来的Commit ... 
本节点已接收到主节点发来的PrePrepare ...
已将消息存入临时节点池
正在进行Prepare广播 ...
Prepare广播完成
本节点已接收到N17节点发来的Prepare ... 
本节点已接收到N13节点发来的Prepare ... 
本节点已接收到N8节点发来的Prepare ... 
本节点已接收到N31节点发来的Prepare ... 
本节点已接收到N6节点发来的Prepare ... 
本节点已接收到N21节点发来的Prepare ... 
本节点已接收到N27节点发来的Prepare ... 
本节点已接收到N39节点发来的Prepare ... 
本节点已接收到N45节点发来的Prepare ... 
本节点已接收到N48节点发来的Prepare ... 
本节点已接收到N11节点发来的Prepare ... 
本节点已接收到N9节点发来的Prepare ... 
本节点已接收到N16节点发来的Prepare ... 
本节点已接收到N38节点发来的Prepare ... 
本节点已接收到N20节点发来的Prepare ... 
本节点已接收到N44节点发来的Prepare ... 
本节点已接收到N15节点发来的Prepare ... 
本节点已接收到N32节点发来的Prepare ... 
本节点已接收到N22节点发来的Prepare ... 
本节点已接收到N25节点发来的Prepare ... 
本节点已接收到N10节点发来的Prepare ... 
本节点已接收到N7节点发来的Prepare ... 
本节点已接收到N40节点发来的Prepare ... 
本节点已接收到N28节点发来的Prepare ... 
本节点已接收到N24节点发来的Prepare ... 
本节点已接收到N49节点发来的Prepare ... 
本节点已接收到N36节点发来的Prepare ... 
本节点已接收到N34节点发来的Prepare ... 
本节点已接收到N5节点发来的Prepare ... 
本节点已接收到N19节点发来的Prepare ... 
本节点已接收到N42节点发来的Prepare ... 
本节点已收到至少2f个节点(包括本地节点)发来的Prepare信息 ...
正在进行commit广播
commit广播完成
本节点已接收到N14节点发来的Prepare ... 
本节点已接收到N46节点发来的Prepare ... 
本节点已接收到N12节点发来的Prepare ... 
本节点已接收到N2节点发来的Prepare ... 
本节点已接收到N26节点发来的Prepare ... 
本节点已接收到N18节点发来的Prepare ... 
本节点已接收到N37节点发来的Prepare ... 
本节点已接收到N1节点发来的Prepare ... 
本节点已接收到N4节点发来的Prepare ... 
本节点已接收到N33节点发来的Prepare ... 
本节点已接收到N35节点发来的Prepare ... 
本节点已接收到N30节点发来的Prepare ... 
本节点已接收到N29节点发来的Prepare ... 
本节点已接收到N3节点发来的Prepare ... 
本节点已接收到N47节点发来的Prepare ... 
本节点已接收到N41节点发来的Prepare ... 
本节点已接收到N23节点发来的Prepare ... 
本节点已接收到N36节点发来的Commit ... 
本节点已接收到N5节点发来的Commit ... 
本节点已接收到N22节点发来的Commit ... 
本节点已接收到N28节点发来的Commit ... 
本节点已接收到N13节点发来的Commit ... 
本节点已接收到N29节点发来的Commit ... 
本节点已接收到N14节点发来的Commit ... 
本节点已接收到N33节点发来的Commit ... 
本节点已接收到N6节点发来的Commit ... 
本节点已接收到N18节点发来的Commit ... 
本节点已接收到N16节点发来的Commit ... 
本节点已接收到N10节点发来的Commit ... 
本节点已接收到N39节点发来的Commit ... 
本节点已接收到N30节点发来的Commit ... 
本节点已接收到N48节点发来的Commit ... 
本节点已接收到N9节点发来的Commit ... 
本节点已接收到N0节点发来的Commit ... 
本节点已接收到N7节点发来的Commit ... 
本节点已接收到N12节点发来的Commit ... 
本节点已接收到N26节点发来的Commit ... 
本节点已接收到N45节点发来的Commit ... 
本节点已接收到N35节点发来的Commit ... 
本节点已接收到N19节点发来的Commit ... 
本节点已接收到N15节点发来的Commit ... 
本节点已接收到N8节点发来的Commit ... 
本节点已接收到N32节点发来的Commit ... 
本节点已接收到N47节点发来的Commit ... 
本节点已接收到N17节点发来的Commit ... 
本节点已接收到N11节点发来的Commit ... 
本节点已接收到N49节点发来的Commit ... 
本节点已接收到N42节点发来的Commit ... 
本节点已接收到N3节点发来的Commit ... 
本节点已收到至少2f + 1 个节点(包括本地节点)发来的Commit信息 ...
[]byte(p.messagePool[c.Digest].Content)= 8246
把接受到的消息写入.db数据库延迟为6ms
写延时为： 6
reply完毕,用时22ms
把接受到的消息写入.db数据库延迟为6ms。reply完毕,用时22ms。N43节点已将msgid:2548828360存入本地消息池中.
正在reply客户端 ...
本节点已接收到N2节点发来的Commit ... 
本节点已接收到N31节点发来的Commit ... 
本节点已接收到N21节点发来的Commit ... 
本节点已接收到N27节点发来的Commit ... 
本节点已接收到N25节点发来的Commit ... 
本节点已接收到N44节点发来的Commit ... 
本节点已接收到N40节点发来的Commit ... 
本节点已接收到N1节点发来的Commit ... 
本节点已接收到N4节点发来的Commit ... 
本节点已接收到N41节点发来的Commit ... 
本节点已接收到N37节点发来的Commit ... 
本节点已接收到N23节点发来的Commit ... 
本节点已接收到N24节点发来的Commit ... 
本节点已接收到N46节点发来的Commit ... 
本节点已接收到N34节点发来的Commit ... 
本节点已接收到N20节点发来的Commit ... 
本节点已接收到N38节点发来的Commit ... 
本节点已接收到主节点发来的PrePrepare ...
已将消息存入临时节点池
正在进行Prepare广播 ...
Prepare广播完成
本节点已接收到N36节点发来的Prepare ... 
本节点已接收到N45节点发来的Prepare ... 
本节点已接收到N33节点发来的Prepare ... 
本节点已接收到N17节点发来的Prepare ... 
本节点已接收到N6节点发来的Prepare ... 
本节点已接收到N16节点发来的Prepare ... 
本节点已接收到N8节点发来的Prepare ... 
本节点已接收到N4节点发来的Prepare ... 
本节点已接收到N46节点发来的Prepare ... 
本节点已接收到N38节点发来的Prepare ... 
本节点已接收到N42节点发来的Prepare ... 
本节点已接收到N15节点发来的Prepare ... 
本节点已接收到N49节点发来的Prepare ... 
本节点已接收到N40节点发来的Prepare ... 
本节点已接收到N27节点发来的Prepare ... 
本节点已接收到N13节点发来的Prepare ... 
本节点已接收到N21节点发来的Prepare ... 
本节点已接收到N1节点发来的Prepare ... 
本节点已接收到N22节点发来的Prepare ... 
本节点已接收到N11节点发来的Prepare ... 
本节点已接收到N39节点发来的Prepare ... 
本节点已接收到N47节点发来的Prepare ... 
本节点已接收到N28节点发来的Prepare ... 
本节点已接收到N34节点发来的Prepare ... 
本节点已接收到N3节点发来的Prepare ... 
本节点已接收到N32节点发来的Prepare ... 
本节点已接收到N20节点发来的Prepare ... 
本节点已接收到N44节点发来的Prepare ... 
本节点已接收到N41节点发来的Prepare ... 
本节点已接收到N26节点发来的Prepare ... 
本节点已接收到N35节点发来的Prepare ... 
本节点已收到至少2f个节点(包括本地节点)发来的Prepare信息 ...
正在进行commit广播
commit广播完成
本节点已接收到N30节点发来的Prepare ... 
本节点已接收到N10节点发来的Prepare ... 
本节点已接收到N2节点发来的Prepare ... 
本节点已接收到N14节点发来的Prepare ... 
本节点已接收到N29节点发来的Prepare ... 
本节点已接收到N9节点发来的Prepare ... 
本节点已接收到N18节点发来的Prepare ... 
本节点已接收到N24节点发来的Prepare ... 
本节点已接收到N19节点发来的Prepare ... 
本节点已接收到N37节点发来的Prepare ... 
本节点已接收到N5节点发来的Prepare ... 
本节点已接收到N25节点发来的Prepare ... 
本节点已接收到N7节点发来的Prepare ... 
本节点已接收到N31节点发来的Prepare ... 
本节点已接收到N23节点发来的Prepare ... 
本节点已接收到N12节点发来的Prepare ... 
本节点已接收到N48节点发来的Prepare ... 
本节点已接收到N16节点发来的Commit ... 
本节点已接收到N30节点发来的Commit ... 
本节点已接收到N8节点发来的Commit ... 
本节点已接收到N38节点发来的Commit ... 
本节点已接收到N0节点发来的Commit ... 
本节点已接收到N46节点发来的Commit ... 
本节点已接收到N40节点发来的Commit ... 
本节点已接收到N6节点发来的Commit ... 
本节点已接收到N11节点发来的Commit ... 
本节点已接收到N17节点发来的Commit ... 
本节点已接收到N45节点发来的Commit ... 
本节点已接收到N39节点发来的Commit ... 
本节点已接收到N15节点发来的Commit ... 
本节点已接收到N4节点发来的Commit ... 
本节点已接收到N47节点发来的Commit ... 
本节点已接收到N1节点发来的Commit ... 
本节点已接收到N3节点发来的Commit ... 
本节点已接收到N26节点发来的Commit ... 
本节点已接收到N10节点发来的Commit ... 
本节点已接收到N34节点发来的Commit ... 
本节点已接收到N41节点发来的Commit ... 
本节点已接收到N44节点发来的Commit ... 
本节点已接收到N33节点发来的Commit ... 
本节点已接收到N24节点发来的Commit ... 
本节点已接收到N27节点发来的Commit ... 
本节点已接收到N22节点发来的Commit ... 
本节点已接收到N20节点发来的Commit ... 
本节点已接收到N13节点发来的Commit ... 
本节点已接收到N35节点发来的Commit ... 
本节点已接收到N2节点发来的Commit ... 
本节点已接收到N49节点发来的Commit ... 
本节点已接收到N29节点发来的Commit ... 
本节点已收到至少2f + 1 个节点(包括本地节点)发来的Commit信息 ...
[]byte(p.messagePool[c.Digest].Content)= 16430
把接受到的消息写入.db数据库延迟为21ms
写延时为： 21
reply完毕,用时36ms
把接受到的消息写入.db数据库延迟为21ms。reply完毕,用时36ms。N43节点已将msgid:8675249769存入本地消息池中.
正在reply客户端 ...
本节点已接收到N12节点发来的Commit ... 
本节点已接收到N7节点发来的Commit ... 
本节点已接收到N5节点发来的Commit ... 
本节点已接收到N36节点发来的Commit ... 
本节点已接收到N42节点发来的Commit ... 
本节点已接收到N28节点发来的Commit ... 
本节点已接收到N32节点发来的Commit ... 
本节点已接收到N48节点发来的Commit ... 
本节点已接收到N19节点发来的Commit ... 
本节点已接收到N23节点发来的Commit ... 
本节点已接收到N37节点发来的Commit ... 
本节点已接收到N9节点发来的Commit ... 
本节点已接收到N25节点发来的Commit ... 
本节点已接收到N21节点发来的Commit ... 
本节点已接收到N14节点发来的Commit ... 
本节点已接收到N31节点发来的Commit ... 
本节点已接收到N18节点发来的Commit ... 
本节点已接收到主节点发来的PrePrepare ...
已将消息存入临时节点池
正在进行Prepare广播 ...
Prepare广播完成
本节点已接收到N9节点发来的Prepare ... 
本节点已接收到N3节点发来的Prepare ... 
本节点已接收到N18节点发来的Prepare ... 
本节点已接收到N13节点发来的Prepare ... 
本节点已接收到N29节点发来的Prepare ... 
本节点已接收到N17节点发来的Prepare ... 
本节点已接收到N45节点发来的Prepare ... 
本节点已接收到N42节点发来的Prepare ... 
本节点已接收到N39节点发来的Prepare ... 
本节点已接收到N6节点发来的Prepare ... 
本节点已接收到N34节点发来的Prepare ... 
本节点已接收到N40节点发来的Prepare ... 
本节点已接收到N49节点发来的Prepare ... 
本节点已接收到N32节点发来的Prepare ... 
本节点已接收到N38节点发来的Prepare ... 
本节点已接收到N23节点发来的Prepare ... 
本节点已接收到N27节点发来的Prepare ... 
本节点已接收到N8节点发来的Prepare ... 
本节点已接收到N15节点发来的Prepare ... 
本节点已接收到N22节点发来的Prepare ... 
本节点已接收到N21节点发来的Prepare ... 
本节点已接收到N4节点发来的Prepare ... 
本节点已接收到N20节点发来的Prepare ... 
本节点已接收到N46节点发来的Prepare ... 
本节点已接收到N28节点发来的Prepare ... 
本节点已接收到N36节点发来的Prepare ... 
本节点已接收到N33节点发来的Prepare ... 
本节点已接收到N11节点发来的Prepare ... 
本节点已接收到N5节点发来的Prepare ... 
本节点已接收到N16节点发来的Prepare ... 
本节点已接收到N14节点发来的Prepare ... 
本节点已收到至少2f个节点(包括本地节点)发来的Prepare信息 ...
正在进行commit广播
commit广播完成
本节点已接收到N41节点发来的Prepare ... 
本节点已接收到N48节点发来的Prepare ... 
本节点已接收到N7节点发来的Prepare ... 
本节点已接收到N2节点发来的Prepare ... 
本节点已接收到N31节点发来的Prepare ... 
本节点已接收到N30节点发来的Prepare ... 
本节点已接收到N44节点发来的Prepare ... 
本节点已接收到N12节点发来的Prepare ... 
本节点已接收到N19节点发来的Prepare ... 
本节点已接收到N10节点发来的Prepare ... 
本节点已接收到N24节点发来的Prepare ... 
本节点已接收到N35节点发来的Prepare ... 
本节点已接收到N47节点发来的Prepare ... 
本节点已接收到N37节点发来的Prepare ... 
本节点已接收到N9节点发来的Commit ... 
本节点已接收到N25节点发来的Prepare ... 
本节点已接收到N34节点发来的Commit ... 
本节点已接收到N1节点发来的Prepare ... 
本节点已接收到N39节点发来的Commit ... 
本节点已接收到N21节点发来的Commit ... 
本节点已接收到N29节点发来的Commit ... 
本节点已接收到N27节点发来的Commit ... 
本节点已接收到N6节点发来的Commit ... 
本节点已接收到N4节点发来的Commit ... 
本节点已接收到N40节点发来的Commit ... 
本节点已接收到N28节点发来的Commit ... 
本节点已接收到N16节点发来的Commit ... 
本节点已接收到N15节点发来的Commit ... 
本节点已接收到N31节点发来的Commit ... 
本节点已接收到N41节点发来的Commit ... 
本节点已接收到N38节点发来的Commit ... 
本节点已接收到N17节点发来的Commit ... 
本节点已接收到N0节点发来的Commit ... 
本节点已接收到N3节点发来的Commit ... 
本节点已接收到N45节点发来的Commit ... 
本节点已接收到N2节点发来的Commit ... 
本节点已接收到N14节点发来的Commit ... 
本节点已接收到N18节点发来的Commit ... 
本节点已接收到N12节点发来的Commit ... 
本节点已接收到N20节点发来的Commit ... 
本节点已接收到N44节点发来的Commit ... 
本节点已接收到N37节点发来的Commit ... 
本节点已接收到N42节点发来的Commit ... 
本节点已接收到N32节点发来的Commit ... 
本节点已接收到N1节点发来的Commit ... 
本节点已接收到N13节点发来的Commit ... 
本节点已接收到N23节点发来的Commit ... 
本节点已接收到N5节点发来的Commit ... 
本节点已收到至少2f + 1 个节点(包括本地节点)发来的Commit信息 ...
[]byte(p.messagePool[c.Digest].Content)= 32798
把接受到的消息写入.db数据库延迟为69ms
写延时为： 69
reply完毕,用时87ms
把接受到的消息写入.db数据库延迟为69ms。reply完毕,用时87ms。N43节点已将msgid:3687700013存入本地消息池中.
正在reply客户端 ...
本节点已接收到N33节点发来的Commit ... 
本节点已接收到N46节点发来的Commit ... 
本节点已接收到N30节点发来的Commit ... 
本节点已接收到N48节点发来的Commit ... 
本节点已接收到N8节点发来的Commit ... 
本节点已接收到N36节点发来的Commit ... 
本节点已接收到N25节点发来的Commit ... 
本节点已接收到N7节点发来的Commit ... 
本节点已接收到N26节点发来的Prepare ... 
本节点已接收到N47节点发来的Commit ... 
本节点已接收到N19节点发来的Commit ... 
本节点已接收到N11节点发来的Commit ... 
本节点已接收到N22节点发来的Commit ... 
本节点已接收到N49节点发来的Commit ... 
本节点已接收到N35节点发来的Commit ... 
本节点已接收到N24节点发来的Commit ... 
本节点已接收到N10节点发来的Commit ... 
本节点已接收到主节点发来的PrePrepare ...
已将消息存入临时节点池
正在进行Prepare广播 ...
Prepare广播完成
本节点已接收到N28节点发来的Prepare ... 
本节点已接收到N1节点发来的Prepare ... 
本节点已接收到N35节点发来的Prepare ... 
本节点已接收到N5节点发来的Prepare ... 
本节点已接收到N24节点发来的Prepare ... 
本节点已接收到N12节点发来的Prepare ... 
本节点已接收到N37节点发来的Prepare ... 
本节点已接收到N23节点发来的Prepare ... 
本节点已接收到N48节点发来的Prepare ... 
本节点已接收到N31节点发来的Prepare ... 
本节点已接收到N3节点发来的Prepare ... 
本节点已接收到N39节点发来的Prepare ... 
本节点已接收到N44节点发来的Prepare ... 
本节点已接收到N33节点发来的Prepare ... 
本节点已接收到N41节点发来的Prepare ... 
本节点已接收到N7节点发来的Prepare ... 
本节点已接收到N10节点发来的Prepare ... 
本节点已接收到N38节点发来的Prepare ... 
本节点已接收到N27节点发来的Prepare ... 
本节点已接收到N17节点发来的Prepare ... 
本节点已接收到N45节点发来的Prepare ... 
本节点已接收到N22节点发来的Prepare ... 
本节点已接收到N46节点发来的Prepare ... 
本节点已接收到N36节点发来的Prepare ... 
本节点已接收到N29节点发来的Prepare ... 
本节点已接收到N13节点发来的Prepare ... 
本节点已接收到N26节点发来的Prepare ... 
本节点已接收到N6节点发来的Prepare ... 
本节点已接收到N4节点发来的Prepare ... 
本节点已接收到N21节点发来的Prepare ... 
本节点已接收到N25节点发来的Prepare ... 
本节点已收到至少2f个节点(包括本地节点)发来的Prepare信息 ...
正在进行commit广播
commit广播完成
本节点已接收到N16节点发来的Prepare ... 
本节点已接收到N11节点发来的Prepare ... 
本节点已接收到N42节点发来的Prepare ... 
本节点已接收到N2节点发来的Prepare ... 
本节点已接收到N24节点发来的Commit ... 
本节点已接收到N9节点发来的Prepare ... 
本节点已接收到N15节点发来的Prepare ... 
本节点已接收到N17节点发来的Commit ... 
本节点已接收到N20节点发来的Prepare ... 
本节点已接收到N32节点发来的Prepare ... 
本节点已接收到N37节点发来的Commit ... 
本节点已接收到N28节点发来的Commit ... 
本节点已接收到N48节点发来的Commit ... 
本节点已接收到N38节点发来的Commit ... 
本节点已接收到N31节点发来的Commit ... 
本节点已接收到N33节点发来的Commit ... 
本节点已接收到N27节点发来的Commit ... 
本节点已接收到N23节点发来的Commit ... 
本节点已接收到N29节点发来的Commit ... 
本节点已接收到N30节点发来的Prepare ... 
本节点已接收到N6节点发来的Commit ... 
本节点已接收到N46节点发来的Commit ... 
本节点已接收到N5节点发来的Commit ... 
本节点已接收到N25节点发来的Commit ... 
本节点已接收到N1节点发来的Commit ... 
本节点已接收到N22节点发来的Commit ... 
本节点已接收到N19节点发来的Prepare ... 
本节点已接收到N4节点发来的Commit ... 
本节点已接收到N3节点发来的Commit ... 
本节点已接收到N36节点发来的Commit ... 
本节点已接收到N13节点发来的Commit ... 
本节点已接收到N8节点发来的Prepare ... 
本节点已接收到N12节点发来的Commit ... 
本节点已接收到N45节点发来的Commit ... 
本节点已接收到N35节点发来的Commit ... 
本节点已接收到N18节点发来的Prepare ... 
本节点已接收到N21节点发来的Commit ... 
本节点已接收到N7节点发来的Commit ... 
本节点已接收到N16节点发来的Commit ... 
本节点已接收到N39节点发来的Commit ... 
本节点已接收到N34节点发来的Prepare ... 
本节点已接收到N47节点发来的Prepare ... 
本节点已接收到N11节点发来的Commit ... 
本节点已接收到N44节点发来的Commit ... 
本节点已接收到N14节点发来的Prepare ... 
本节点已接收到N10节点发来的Commit ... 
本节点已接收到N41节点发来的Commit ... 
本节点已收到至少2f + 1 个节点(包括本地节点)发来的Commit信息 ...
[]byte(p.messagePool[c.Digest].Content)= 65596
把接受到的消息写入.db数据库延迟为58ms
写延时为： 58
reply完毕,用时73ms
把接受到的消息写入.db数据库延迟为58ms。reply完毕,用时73ms。N43节点已将msgid:3173136013存入本地消息池中.
正在reply客户端 ...
本节点已接收到N0节点发来的Commit ... 
本节点已接收到N42节点发来的Commit ... 
本节点已接收到N49节点发来的Prepare ... 
本节点已接收到N2节点发来的Commit ... 
本节点已接收到N40节点发来的Prepare ... 
本节点已接收到N32节点发来的Commit ... 
本节点已接收到N15节点发来的Commit ... 
本节点已接收到N9节点发来的Commit ... 
本节点已接收到N49节点发来的Commit ... 
本节点已接收到N34节点发来的Commit ... 
本节点已接收到N40节点发来的Commit ... 
本节点已接收到N8节点发来的Commit ... 
本节点已接收到N18节点发来的Commit ... 
本节点已接收到N47节点发来的Commit ... 
本节点已接收到N26节点发来的Commit ... 
本节点已接收到N2节点发来的Prepare ... 
当前临时消息池无此摘要，拒绝执行commit广播
本节点已接收到N22节点发来的Prepare ... 
当前临时消息池无此摘要，拒绝执行commit广播
本节点已接收到N16节点发来的Prepare ... 
当前临时消息池无此摘要，拒绝执行commit广播
本节点已接收到N11节点发来的Prepare ... 
当前临时消息池无此摘要，拒绝执行commit广播
本节点已接收到N15节点发来的Prepare ... 
当前临时消息池无此摘要，拒绝执行commit广播
本节点已接收到N32节点发来的Prepare ... 
当前临时消息池无此摘要，拒绝执行commit广播
本节点已接收到N49节点发来的Prepare ... 
当前临时消息池无此摘要，拒绝执行commit广播
本节点已接收到N44节点发来的Prepare ... 
当前临时消息池无此摘要，拒绝执行commit广播
本节点已接收到N13节点发来的Prepare ... 
当前临时消息池无此摘要，拒绝执行commit广播
本节点已接收到N25节点发来的Prepare ... 
当前临时消息池无此摘要，拒绝执行commit广播
本节点已接收到N18节点发来的Prepare ... 
当前临时消息池无此摘要，拒绝执行commit广播
本节点已接收到N26节点发来的Prepare ... 
当前临时消息池无此摘要，拒绝执行commit广播
本节点已接收到N37节点发来的Prepare ... 
当前临时消息池无此摘要，拒绝执行commit广播
本节点已接收到N1节点发来的Prepare ... 
当前临时消息池无此摘要，拒绝执行commit广播
本节点已接收到N8节点发来的Prepare ... 
当前临时消息池无此摘要，拒绝执行commit广播
本节点已接收到N9节点发来的Prepare ... 
当前临时消息池无此摘要，拒绝执行commit广播
本节点已接收到N42节点发来的Prepare ... 
当前临时消息池无此摘要，拒绝执行commit广播
本节点已接收到N34节点发来的Prepare ... 
当前临时消息池无此摘要，拒绝执行commit广播
本节点已接收到N21节点发来的Prepare ... 
当前临时消息池无此摘要，拒绝执行commit广播
本节点已接收到主节点发来的PrePrepare ...
已将消息存入临时节点池
正在进行Prepare广播 ...
Prepare广播完成
本节点已接收到N5节点发来的Prepare ... 
本节点已接收到N12节点发来的Prepare ... 
本节点已接收到N47节点发来的Prepare ... 
本节点已接收到N40节点发来的Prepare ... 
本节点已接收到N35节点发来的Prepare ... 
本节点已接收到N19节点发来的Prepare ... 
本节点已接收到N46节点发来的Prepare ... 
本节点已接收到N48节点发来的Prepare ... 
本节点已接收到N45节点发来的Prepare ... 
本节点已接收到N31节点发来的Prepare ... 
本节点已接收到N3节点发来的Prepare ... 
本节点已接收到N29节点发来的Prepare ... 
本节点已接收到N24节点发来的Prepare ... 
本节点已接收到N13节点发来的Commit ... 
本节点已接收到N40节点发来的Commit ... 
本节点已接收到N15节点发来的Commit ... 
本节点已接收到N10节点发来的Prepare ... 
本节点已接收到N22节点发来的Commit ... 
本节点已接收到N21节点发来的Commit ... 
本节点已接收到N44节点发来的Commit ... 
本节点已接收到N11节点发来的Commit ... 
本节点已接收到N18节点发来的Commit ... 
本节点已接收到N0节点发来的Commit ... 
本节点已接收到N7节点发来的Prepare ... 
本节点已接收到N32节点发来的Commit ... 
本节点已接收到N6节点发来的Prepare ... 
本节点已接收到N39节点发来的Prepare ... 
本节点已接收到N2节点发来的Commit ... 
本节点已接收到N9节点发来的Commit ... 
本节点已接收到N42节点发来的Commit ... 
本节点已接收到N46节点发来的Commit ... 
本节点已接收到N49节点发来的Commit ... 
本节点已接收到N4节点发来的Prepare ... 
本节点已接收到N25节点发来的Commit ... 
本节点已接收到N33节点发来的Prepare ... 
本节点已接收到N8节点发来的Commit ... 
本节点已接收到N37节点发来的Commit ... 
本节点已接收到N28节点发来的Prepare ... 
本节点已接收到N38节点发来的Prepare ... 
本节点已接收到N1节点发来的Commit ... 
本节点已接收到N41节点发来的Prepare ... 
本节点已接收到N47节点发来的Commit ... 
本节点已接收到N36节点发来的Prepare ... 
本节点已接收到N27节点发来的Prepare ... 
本节点已接收到N7节点发来的Commit ... 
本节点已接收到N5节点发来的Commit ... 
本节点已接收到N26节点发来的Commit ... 
本节点已接收到N31节点发来的Commit ... 
本节点已接收到N16节点发来的Commit ... 
本节点已接收到N35节点发来的Commit ... 
本节点已接收到N34节点发来的Commit ... 
本节点已接收到N41节点发来的Commit ... 
本节点已接收到N14节点发来的Prepare ... 
本节点已接收到N48节点发来的Commit ... 
本节点已接收到N12节点发来的Commit ... 
本节点已接收到N19节点发来的Commit ... 
本节点已接收到N17节点发来的Prepare ... 
本节点已接收到N14节点发来的Commit ... 
本节点已接收到N29节点发来的Commit ... 
本节点已接收到N30节点发来的Prepare ... 
本节点已接收到N20节点发来的Prepare ... 
本节点已接收到N27节点发来的Commit ... 
本节点已接收到N30节点发来的Commit ... 
本节点已接收到N20节点发来的Commit ... 
本节点已接收到N23节点发来的Prepare ... 
本节点已接收到N45节点发来的Commit ... 
本节点已接收到主节点发来的PrePrepare ...
已将消息存入临时节点池
正在进行Prepare广播 ...
Prepare广播完成
本节点已接收到N5节点发来的Prepare ... 
本节点已接收到N29节点发来的Prepare ... 
本节点已接收到N12节点发来的Prepare ... 
本节点已接收到N26节点发来的Prepare ... 
本节点已接收到N25节点发来的Prepare ... 
本节点已接收到N37节点发来的Prepare ... 
本节点已接收到N44节点发来的Prepare ... 
本节点已接收到N31节点发来的Prepare ... 
本节点已接收到N41节点发来的Prepare ... 
本节点已接收到N1节点发来的Prepare ... 
本节点已接收到N10节点发来的Prepare ... 
本节点已接收到N22节点发来的Prepare ... 
本节点已接收到N23节点发来的Prepare ... 
本节点已接收到N16节点发来的Prepare ... 
本节点已接收到N35节点发来的Prepare ... 
本节点已接收到N46节点发来的Prepare ... 
本节点已接收到N24节点发来的Prepare ... 
本节点已接收到N28节点发来的Prepare ... 
本节点已接收到N27节点发来的Prepare ... 
本节点已接收到N42节点发来的Prepare ... 
本节点已接收到N40节点发来的Prepare ... 
本节点已接收到N7节点发来的Prepare ... 
本节点已接收到N45节点发来的Prepare ... 
本节点已接收到N21节点发来的Prepare ... 
本节点已接收到N33节点发来的Prepare ... 
本节点已接收到N6节点发来的Prepare ... 
本节点已接收到N9节点发来的Prepare ... 
本节点已接收到N49节点发来的Prepare ... 
本节点已接收到N39节点发来的Prepare ... 
本节点已接收到N4节点发来的Prepare ... 
本节点已接收到N32节点发来的Prepare ... 
本节点已收到至少2f个节点(包括本地节点)发来的Prepare信息 ...
正在进行commit广播
commit广播完成
本节点已接收到N3节点发来的Prepare ... 
本节点已接收到N20节点发来的Prepare ... 
本节点已接收到N48节点发来的Prepare ... 
本节点已接收到N13节点发来的Prepare ... 
本节点已接收到N11节点发来的Prepare ... 
本节点已接收到N17节点发来的Prepare ... 
本节点已接收到N36节点发来的Prepare ... 
本节点已接收到N8节点发来的Prepare ... 
本节点已接收到N34节点发来的Prepare ... 
本节点已接收到N31节点发来的Commit ... 
本节点已接收到N25节点发来的Commit ... 
本节点已接收到N47节点发来的Prepare ... 
本节点已接收到N14节点发来的Prepare ... 
本节点已接收到N37节点发来的Commit ... 
本节点已接收到N0节点发来的Commit ... 
本节点已接收到N38节点发来的Prepare ... 
本节点已接收到N7节点发来的Commit ... 
本节点已接收到N42节点发来的Commit ... 
本节点已接收到N19节点发来的Prepare ... 
本节点已接收到N18节点发来的Prepare ... 
本节点已接收到N30节点发来的Prepare ... 
本节点已接收到N10节点发来的Commit ... 
本节点已接收到N2节点发来的Prepare ... 
本节点已接收到N35节点发来的Commit ... 
本节点已接收到N5节点发来的Commit ... 
本节点已接收到N45节点发来的Commit ... 
本节点已接收到N15节点发来的Prepare ... 
本节点已接收到N16节点发来的Commit ... 
本节点已接收到N23节点发来的Commit ... 
本节点已接收到N32节点发来的Commit ... 
本节点已接收到N1节点发来的Commit ... 
本节点已接收到N11节点发来的Commit ... 
本节点已接收到N39节点发来的Commit ... 
本节点已接收到N13节点发来的Commit ... 
本节点已接收到N12节点发来的Commit ... 
本节点已接收到N49节点发来的Commit ... 
本节点已接收到N41节点发来的Commit ... 
本节点已接收到N44节点发来的Commit ... 
本节点已接收到N26节点发来的Commit ... 
本节点已接收到N4节点发来的Commit ... 
本节点已接收到N3节点发来的Commit ... 
本节点已接收到N21节点发来的Commit ... 
本节点已接收到N33节点发来的Commit ... 
本节点已接收到N36节点发来的Commit ... 
本节点已接收到N34节点发来的Commit ... 
本节点已接收到N40节点发来的Commit ... 
本节点已接收到N28节点发来的Commit ... 
本节点已接收到N29节点发来的Commit ... 
本节点已接收到N19节点发来的Commit ... 
本节点已收到至少2f + 1 个节点(包括本地节点)发来的Commit信息 ...
[]byte(p.messagePool[c.Digest].Content)= 262198
把接受到的消息写入.db数据库延迟为83ms
写延时为： 83
reply完毕,用时99ms
把接受到的消息写入.db数据库延迟为83ms。reply完毕,用时99ms。N43节点已将msgid:5783344062存入本地消息池中.
正在reply客户端 ...
本节点已接收到N9节点发来的Commit ... 
本节点已接收到N48节点发来的Commit ... 
本节点已接收到N6节点发来的Commit ... 
本节点已接收到N27节点发来的Commit ... 
本节点已接收到N20节点发来的Commit ... 
本节点已接收到N47节点发来的Commit ... 
本节点已接收到N14节点发来的Commit ... 
本节点已接收到N38节点发来的Commit ... 
本节点已接收到N22节点发来的Commit ... 
本节点已接收到N17节点发来的Commit ... 
本节点已接收到N2节点发来的Commit ... 
本节点已接收到N15节点发来的Commit ... 
本节点已接收到N46节点发来的Commit ... 
本节点已接收到N18节点发来的Commit ... 
本节点已接收到N8节点发来的Commit ... 
本节点已接收到N24节点发来的Commit ... 
本节点已接收到N30节点发来的Commit ... 
本节点已接收到主节点发来的PrePrepare ...
已将消息存入临时节点池
正在进行Prepare广播 ...
Prepare广播完成
本节点已接收到N33节点发来的Prepare ... 
本节点已接收到N11节点发来的Prepare ... 
本节点已接收到N39节点发来的Prepare ... 
本节点已接收到N4节点发来的Prepare ... 
本节点已接收到N10节点发来的Prepare ... 
本节点已接收到N3节点发来的Prepare ... 
本节点已接收到N29节点发来的Prepare ... 
本节点已接收到N36节点发来的Prepare ... 
本节点已接收到N49节点发来的Prepare ... 
本节点已接收到N38节点发来的Prepare ... 
本节点已接收到N27节点发来的Prepare ... 
本节点已接收到N6节点发来的Prepare ... 
本节点已接收到N42节点发来的Prepare ... 
本节点已接收到N2节点发来的Prepare ... 
本节点已接收到N17节点发来的Prepare ... 
本节点已接收到N32节点发来的Prepare ... 
本节点已接收到N23节点发来的Prepare ... 
本节点已接收到N21节点发来的Prepare ... 
本节点已接收到N18节点发来的Prepare ... 
本节点已接收到N14节点发来的Prepare ... 
本节点已接收到N16节点发来的Prepare ... 
本节点已接收到N9节点发来的Prepare ... 
本节点已接收到N45节点发来的Prepare ... 
本节点已接收到N8节点发来的Prepare ... 
本节点已接收到N13节点发来的Prepare ... 
本节点已接收到N15节点发来的Prepare ... 
本节点已接收到N37节点发来的Prepare ... 
本节点已接收到N30节点发来的Prepare ... 
本节点已接收到N20节点发来的Prepare ... 
本节点已接收到N47节点发来的Prepare ... 
本节点已接收到N34节点发来的Prepare ... 
本节点已收到至少2f个节点(包括本地节点)发来的Prepare信息 ...
正在进行commit广播
commit广播完成
本节点已接收到N1节点发来的Prepare ... 
本节点已接收到N40节点发来的Prepare ... 
本节点已接收到N48节点发来的Prepare ... 
本节点已接收到N49节点发来的Commit ... 
本节点已接收到N19节点发来的Prepare ... 
本节点已接收到N25节点发来的Prepare ... 
本节点已接收到N39节点发来的Commit ... 
本节点已接收到N42节点发来的Commit ... 
本节点已接收到N20节点发来的Commit ... 
本节点已接收到N13节点发来的Commit ... 
本节点已接收到N44节点发来的Prepare ... 
本节点已接收到N36节点发来的Commit ... 
本节点已接收到N3节点发来的Commit ... 
本节点已接收到N16节点发来的Commit ... 
本节点已接收到N2节点发来的Commit ... 
本节点已接收到N27节点发来的Commit ... 
本节点已接收到N31节点发来的Prepare ... 
本节点已接收到N45节点发来的Commit ... 
本节点已接收到N22节点发来的Prepare ... 
本节点已接收到N29节点发来的Commit ... 
本节点已接收到N14节点发来的Commit ... 
本节点已接收到N24节点发来的Prepare ... 
本节点已接收到N7节点发来的Prepare ... 
本节点已接收到N28节点发来的Prepare ... 
本节点已接收到N32节点发来的Commit ... 
本节点已接收到N15节点发来的Commit ... 
本节点已接收到N5节点发来的Prepare ... 
本节点已接收到N23节点发来的Commit ... 
本节点已接收到N17节点发来的Commit ... 
本节点已接收到N26节点发来的Prepare ... 
本节点已接收到N35节点发来的Prepare ... 
本节点已接收到N37节点发来的Commit ... 
本节点已接收到N40节点发来的Commit ... 
本节点已接收到N18节点发来的Commit ... 
本节点已接收到N41节点发来的Prepare ... 
本节点已接收到N48节点发来的Commit ... 
本节点已接收到N34节点发来的Commit ... 
本节点已接收到N33节点发来的Commit ... 
本节点已接收到N8节点发来的Commit ... 
本节点已接收到N0节点发来的Commit ... 
本节点已接收到N30节点发来的Commit ... 
本节点已接收到N47节点发来的Commit ... 
本节点已接收到N9节点发来的Commit ... 
本节点已接收到N38节点发来的Commit ... 
本节点已接收到N25节点发来的Commit ... 
本节点已接收到N6节点发来的Commit ... 
本节点已接收到N11节点发来的Commit ... 
本节点已收到至少2f + 1 个节点(包括本地节点)发来的Commit信息 ...
[]byte(p.messagePool[c.Digest].Content)= 524334
把接受到的消息写入.db数据库延迟为71ms
写延时为： 71
reply完毕,用时95ms
把接受到的消息写入.db数据库延迟为71ms。reply完毕,用时95ms。N43节点已将msgid:7439018036存入本地消息池中.
正在reply客户端 ...
本节点已接收到N22节点发来的Commit ... 
本节点已接收到N44节点发来的Commit ... 
本节点已接收到N26节点发来的Commit ... 
本节点已接收到N21节点发来的Commit ... 
本节点已接收到N46节点发来的Prepare ... 
本节点已接收到N10节点发来的Commit ... 
本节点已接收到N28节点发来的Commit ... 
本节点已接收到N35节点发来的Commit ... 
本节点已接收到N4节点发来的Commit ... 
本节点已接收到N7节点发来的Commit ... 
本节点已接收到N12节点发来的Prepare ... 
本节点已接收到N12节点发来的Commit ... 
本节点已接收到N1节点发来的Commit ... 
本节点已接收到N31节点发来的Commit ... 
本节点已接收到N41节点发来的Commit ... 
本节点已接收到N19节点发来的Commit ... 
本节点已接收到N5节点发来的Commit ... 
本节点已接收到N24节点发来的Commit ... 
本节点已接收到N46节点发来的Commit ... 
本节点已接收到主节点发来的PrePrepare ...
已将消息存入临时节点池
正在进行Prepare广播 ...
Prepare广播完成
本节点已接收到N25节点发来的Prepare ... 
本节点已接收到N5节点发来的Prepare ... 
本节点已接收到N1节点发来的Prepare ... 
本节点已接收到N26节点发来的Prepare ... 
本节点已接收到N37节点发来的Prepare ... 
本节点已接收到N48节点发来的Prepare ... 
本节点已接收到N7节点发来的Prepare ... 
本节点已接收到N35节点发来的Prepare ... 
本节点已接收到N39节点发来的Prepare ... 
本节点已接收到N12节点发来的Prepare ... 
本节点已接收到N46节点发来的Prepare ... 
本节点已接收到N29节点发来的Prepare ... 
本节点已接收到N24节点发来的Prepare ... 
本节点已接收到N41节点发来的Prepare ... 
本节点已接收到N44节点发来的Prepare ... 
本节点已接收到N10节点发来的Prepare ... 
本节点已接收到N36节点发来的Prepare ... 
本节点已接收到N3节点发来的Prepare ... 
本节点已接收到N31节点发来的Prepare ... 
本节点已接收到N28节点发来的Prepare ... 
本节点已接收到N6节点发来的Prepare ... 
本节点已接收到N4节点发来的Prepare ... 
本节点已接收到N23节点发来的Prepare ... 
本节点已接收到N27节点发来的Prepare ... 
本节点已接收到N32节点发来的Prepare ... 
本节点已接收到N38节点发来的Prepare ... 
本节点已接收到N2节点发来的Prepare ... 
本节点已接收到N42节点发来的Prepare ... 
本节点已接收到N33节点发来的Prepare ... 
本节点已接收到N16节点发来的Prepare ... 
本节点已接收到N45节点发来的Prepare ... 
本节点已收到至少2f个节点(包括本地节点)发来的Prepare信息 ...
正在进行commit广播
commit广播完成
本节点已接收到N21节点发来的Prepare ... 
本节点已接收到N49节点发来的Prepare ... 
本节点已接收到N1节点发来的Commit ... 
本节点已接收到N17节点发来的Prepare ... 
本节点已接收到N31节点发来的Commit ... 
本节点已接收到N48节点发来的Commit ... 
本节点已接收到N37节点发来的Commit ... 
本节点已接收到N44节点发来的Commit ... 
本节点已接收到N35节点发来的Commit ... 
本节点已接收到N26节点发来的Commit ... 
本节点已接收到N40节点发来的Prepare ... 
本节点已接收到N12节点发来的Commit ... 
本节点已接收到N23节点发来的Commit ... 
本节点已接收到N0节点发来的Commit ... 
本节点已接收到N39节点发来的Commit ... 
本节点已接收到N27节点发来的Commit ... 
本节点已接收到N29节点发来的Commit ... 
本节点已接收到N42节点发来的Commit ... 
本节点已接收到N3节点发来的Commit ... 
本节点已接收到N33节点发来的Commit ... 
本节点已接收到N14节点发来的Prepare ... 
本节点已接收到N2节点发来的Commit ... 
本节点已接收到N36节点发来的Commit ... 
本节点已接收到N19节点发来的Prepare ... 
本节点已接收到N25节点发来的Commit ... 
本节点已接收到N38节点发来的Commit ... 
本节点已接收到N28节点发来的Commit ... 
本节点已接收到N22节点发来的Prepare ... 
本节点已接收到N46节点发来的Commit ... 
本节点已接收到N11节点发来的Prepare ... 
本节点已接收到N10节点发来的Commit ... 
本节点已接收到N32节点发来的Commit ... 
本节点已接收到N6节点发来的Commit ... 
本节点已接收到N7节点发来的Commit ... 
本节点已接收到N4节点发来的Commit ... 
本节点已接收到N8节点发来的Prepare ... 
本节点已接收到N5节点发来的Commit ... 
本节点已接收到N40节点发来的Commit ... 
本节点已接收到N17节点发来的Commit ... 
本节点已接收到N49节点发来的Commit ... 
本节点已接收到N41节点发来的Commit ... 
本节点已收到至少2f + 1 个节点(包括本地节点)发来的Commit信息 ...
[]byte(p.messagePool[c.Digest].Content)= 1048606
把接受到的消息写入.db数据库延迟为134ms
写延时为： 134
reply完毕,用时210ms
把接受到的消息写入.db数据库延迟为134ms。reply完毕,用时210ms。N43节点已将msgid:6936355206存入本地消息池中.
正在reply客户端 ...
本节点已接收到N13节点发来的Prepare ... 
本节点已接收到N47节点发来的Prepare ... 
本节点已接收到N16节点发来的Commit ... 
本节点已接收到N24节点发来的Commit ... 
本节点已接收到N19节点发来的Commit ... 
本节点已接收到N45节点发来的Commit ... 
本节点已接收到N15节点发来的Prepare ... 
本节点已接收到N11节点发来的Commit ... 
本节点已接收到N30节点发来的Prepare ... 
本节点已接收到N34节点发来的Prepare ... 
本节点已接收到N21节点发来的Commit ... 
本节点已接收到N20节点发来的Prepare ... 
本节点已接收到N8节点发来的Commit ... 
本节点已接收到N14节点发来的Commit ... 
本节点已接收到N18节点发来的Prepare ... 
本节点已接收到N20节点发来的Commit ... 
本节点已接收到N47节点发来的Commit ... 
本节点已接收到N22节点发来的Commit ... 
本节点已接收到N15节点发来的Commit ... 
本节点已接收到N13节点发来的Commit ... 
本节点已接收到N9节点发来的Prepare ... 
本节点已接收到N18节点发来的Commit ... 
本节点已接收到N34节点发来的Commit ... 
本节点已接收到N30节点发来的Commit ... 
本节点已接收到N9节点发来的Commit ... 
本节点已接收到N32节点发来的Prepare ... 
当前临时消息池无此摘要，拒绝执行commit广播
本节点已接收到N42节点发来的Prepare ... 
当前临时消息池无此摘要，拒绝执行commit广播
本节点已接收到主节点发来的PrePrepare ...
已将消息存入临时节点池
正在进行Prepare广播 ...
Prepare广播完成
本节点已接收到N21节点发来的Prepare ... 
本节点已接收到N22节点发来的Prepare ... 
本节点已接收到N15节点发来的Prepare ... 
本节点已接收到N11节点发来的Prepare ... 
本节点已接收到N19节点发来的Prepare ... 
本节点已接收到N2节点发来的Prepare ... 
本节点已接收到N16节点发来的Prepare ... 
本节点已接收到N40节点发来的Prepare ... 
本节点已接收到N18节点发来的Prepare ... 
本节点已接收到N30节点发来的Prepare ... 
本节点已接收到N13节点发来的Prepare ... 
本节点已接收到N47节点发来的Prepare ... 
本节点已接收到N8节点发来的Prepare ... 
本节点已接收到N14节点发来的Prepare ... 
本节点已接收到N34节点发来的Prepare ... 
本节点已接收到N20节点发来的Prepare ... 
本节点已接收到N26节点发来的Prepare ... 
本节点已接收到N5节点发来的Prepare ... 
本节点已接收到N44节点发来的Prepare ... 
本节点已接收到N37节点发来的Prepare ... 
本节点已接收到N1节点发来的Prepare ... 
本节点已接收到N49节点发来的Prepare ... 
本节点已接收到N46节点发来的Prepare ... 
本节点已接收到N35节点发来的Prepare ... 
本节点已接收到N25节点发来的Prepare ... 
本节点已接收到N48节点发来的Prepare ... 
本节点已接收到N9节点发来的Prepare ... 
本节点已接收到N41节点发来的Prepare ... 
本节点已接收到N39节点发来的Prepare ... 
本节点已接收到N24节点发来的Prepare ... 
本节点已接收到N5节点发来的Commit ... 
本节点已接收到N1节点发来的Commit ... 
本节点已接收到N14节点发来的Commit ... 
本节点已接收到N46节点发来的Commit ... 
本节点已接收到N2节点发来的Commit ... 
本节点已接收到N11节点发来的Commit ... 
本节点已接收到N35节点发来的Commit ... 
本节点已接收到N26节点发来的Commit ... 
本节点已接收到N30节点发来的Commit ... 
本节点已接收到N40节点发来的Commit ... 
本节点已接收到N16节点发来的Commit ... 
本节点已接收到N32节点发来的Commit ... 
本节点已接收到N20节点发来的Commit ... 
本节点已接收到N19节点发来的Commit ... 
本节点已接收到N22节点发来的Commit ... 
本节点已接收到N37节点发来的Commit ... 
本节点已接收到N9节点发来的Commit ... 
本节点已接收到N15节点发来的Commit ... 
本节点已接收到N49节点发来的Commit ... 
本节点已接收到N48节点发来的Commit ... 
本节点已接收到N44节点发来的Commit ... 
本节点已接收到N41节点发来的Commit ... 
本节点已接收到N8节点发来的Commit ... 
本节点已接收到N34节点发来的Commit ... 
本节点已接收到N25节点发来的Commit ... 
本节点已接收到N39节点发来的Commit ... 
本节点已接收到N0节点发来的Commit ... 
本节点已接收到N47节点发来的Commit ... 
本节点已接收到N13节点发来的Commit ... 
本节点已接收到N21节点发来的Commit ... 
本节点已接收到N42节点发来的Commit ... 
本节点已接收到N31节点发来的Prepare ... 
本节点已收到至少2f个节点(包括本地节点)发来的Prepare信息 ...
正在进行commit广播
commit广播完成
本节点已接收到N12节点发来的Prepare ... 
本节点已接收到N18节点发来的Commit ... 
本节点已收到至少2f + 1 个节点(包括本地节点)发来的Commit信息 ...
[]byte(p.messagePool[c.Digest].Content)= 2097212
把接受到的消息写入.db数据库延迟为217ms
写延时为： 217
reply完毕,用时253ms
把接受到的消息写入.db数据库延迟为217ms。reply完毕,用时253ms。N43节点已将msgid:6140584743存入本地消息池中.
正在reply客户端 ...
本节点已接收到N24节点发来的Commit ... 
本节点已接收到N29节点发来的Prepare ... 
本节点已接收到N36节点发来的Prepare ... 
本节点已接收到N12节点发来的Commit ... 
本节点已接收到N31节点发来的Commit ... 
本节点已接收到N10节点发来的Prepare ... 
本节点已接收到N29节点发来的Commit ... 
本节点已接收到N28节点发来的Prepare ... 
本节点已接收到N36节点发来的Commit ... 
本节点已接收到N7节点发来的Prepare ... 
本节点已接收到N10节点发来的Commit ... 
本节点已接收到N23节点发来的Prepare ... 
本节点已接收到N6节点发来的Prepare ... 
本节点已接收到N33节点发来的Prepare ... 
本节点已接收到N27节点发来的Prepare ... 
本节点已接收到N7节点发来的Commit ... 
本节点已接收到N28节点发来的Commit ... 
本节点已接收到N3节点发来的Prepare ... 
本节点已接收到N45节点发来的Prepare ... 
本节点已接收到N23节点发来的Commit ... 
本节点已接收到N3节点发来的Commit ... 
本节点已接收到N33节点发来的Commit ... 
本节点已接收到N45节点发来的Commit ... 
本节点已接收到N17节点发来的Prepare ... 
本节点已接收到N27节点发来的Commit ... 
本节点已接收到N6节点发来的Commit ... 
本节点已接收到N4节点发来的Prepare ... 
本节点已接收到N17节点发来的Commit ... 
本节点已接收到N38节点发来的Prepare ... 
本节点已接收到N4节点发来的Commit ... 
本节点已接收到N38节点发来的Commit ... 
本节点已接收到主节点发来的PrePrepare ...
已将消息存入临时节点池
正在进行Prepare广播 ...
Prepare广播完成
本节点已接收到N46节点发来的Prepare ... 
本节点已接收到N41节点发来的Prepare ... 
本节点已接收到N48节点发来的Prepare ... 
本节点已接收到N7节点发来的Prepare ... 
本节点已接收到N3节点发来的Prepare ... 
本节点已接收到N35节点发来的Prepare ... 
本节点已接收到N28节点发来的Prepare ... 
本节点已接收到N24节点发来的Prepare ... 
本节点已接收到N10节点发来的Prepare ... 
本节点已接收到N33节点发来的Prepare ... 
本节点已接收到N36节点发来的Prepare ... 
本节点已接收到N38节点发来的Prepare ... 
本节点已接收到N39节点发来的Prepare ... 
本节点已接收到N23节点发来的Prepare ... 
本节点已接收到N42节点发来的Prepare ... 
本节点已接收到N32节点发来的Prepare ... 
本节点已接收到N29节点发来的Prepare ... 
本节点已接收到N17节点发来的Prepare ... 
本节点已接收到N16节点发来的Prepare ... 
本节点已接收到N11节点发来的Prepare ... 
本节点已接收到N13节点发来的Prepare ... 
本节点已接收到N49节点发来的Prepare ... 
本节点已接收到N45节点发来的Prepare ... 
本节点已接收到N21节点发来的Prepare ... 
本节点已接收到N22节点发来的Prepare ... 
本节点已接收到N27节点发来的Prepare ... 
本节点已接收到N14节点发来的Prepare ... 
本节点已接收到N6节点发来的Prepare ... 
本节点已接收到N31节点发来的Prepare ... 
本节点已接收到N30节点发来的Prepare ... 
本节点已接收到N19节点发来的Prepare ... 
本节点已收到至少2f个节点(包括本地节点)发来的Prepare信息 ...
正在进行commit广播
commit广播完成
本节点已接收到N47节点发来的Prepare ... 
本节点已接收到N2节点发来的Prepare ... 
本节点已接收到N46节点发来的Commit ... 
本节点已接收到N16节点发来的Commit ... 
本节点已接收到N38节点发来的Commit ... 
本节点已接收到N35节点发来的Commit ... 
本节点已接收到N8节点发来的Prepare ... 
本节点已接收到N23节点发来的Commit ... 
本节点已接收到N13节点发来的Commit ... 
本节点已接收到N11节点发来的Commit ... 
本节点已接收到N32节点发来的Commit ... 
本节点已接收到N21节点发来的Commit ... 
本节点已接收到N14节点发来的Commit ... 
本节点已接收到N27节点发来的Commit ... 
本节点已接收到N49节点发来的Commit ... 
本节点已接收到N7节点发来的Commit ... 
本节点已接收到N33节点发来的Commit ... 
本节点已接收到N39节点发来的Commit ... 
本节点已接收到N0节点发来的Commit ... 
本节点已接收到N28节点发来的Commit ... 
本节点已接收到N31节点发来的Commit ... 
本节点已接收到N30节点发来的Commit ... 
本节点已接收到N41节点发来的Commit ... 
本节点已接收到N24节点发来的Commit ... 
本节点已接收到N48节点发来的Commit ... 
本节点已接收到N22节点发来的Commit ... 
本节点已接收到N10节点发来的Commit ... 
本节点已接收到N17节点发来的Commit ... 
本节点已接收到N36节点发来的Commit ... 
本节点已接收到N29节点发来的Commit ... 
本节点已接收到N20节点发来的Prepare ... 
本节点已接收到N6节点发来的Commit ... 
本节点已接收到N3节点发来的Commit ... 
本节点已接收到N45节点发来的Commit ... 
本节点已接收到N42节点发来的Commit ... 
本节点已接收到N19节点发来的Commit ... 
本节点已收到至少2f + 1 个节点(包括本地节点)发来的Commit信息 ...
[]byte(p.messagePool[c.Digest].Content)= 4194362
把接受到的消息写入.db数据库延迟为181ms
写延时为： 181
reply完毕,用时261ms
把接受到的消息写入.db数据库延迟为181ms。reply完毕,用时261ms。N43节点已将msgid:8584802038存入本地消息池中.
正在reply客户端 ...
本节点已接收到N1节点发来的Prepare ... 
本节点已接收到N2节点发来的Commit ... 
本节点已接收到N47节点发来的Commit ... 
本节点已接收到N20节点发来的Commit ... 
本节点已接收到N8节点发来的Commit ... 
本节点已接收到N40节点发来的Prepare ... 
本节点已接收到N5节点发来的Prepare ... 
本节点已接收到N1节点发来的Commit ... 
本节点已接收到N9节点发来的Prepare ... 
本节点已接收到N37节点发来的Prepare ... 
本节点已接收到N40节点发来的Commit ... 
本节点已接收到N44节点发来的Prepare ... 
本节点已接收到N4节点发来的Prepare ... 
本节点已接收到N15节点发来的Prepare ... 
本节点已接收到N5节点发来的Commit ... 
本节点已接收到N37节点发来的Commit ... 
本节点已接收到N9节点发来的Commit ... 
本节点已接收到N34节点发来的Prepare ... 
本节点已接收到N44节点发来的Commit ... 
本节点已接收到N26节点发来的Prepare ... 
本节点已接收到N15节点发来的Commit ... 
本节点已接收到N4节点发来的Commit ... 
本节点已接收到N18节点发来的Prepare ... 
本节点已接收到N12节点发来的Prepare ... 
本节点已接收到N34节点发来的Commit ... 
本节点已接收到N25节点发来的Prepare ... 
本节点已接收到N26节点发来的Commit ... 
本节点已接收到N12节点发来的Commit ... 
本节点已接收到N18节点发来的Commit ... 
本节点已接收到N25节点发来的Commit ... 
本节点已接收到主节点发来的PrePrepare ...
已将消息存入临时节点池
正在进行Prepare广播 ...
Prepare广播完成
本节点已接收到N26节点发来的Prepare ... 
本节点已接收到N44节点发来的Prepare ... 
本节点已接收到N5节点发来的Prepare ... 
本节点已接收到N25节点发来的Prepare ... 
本节点已接收到N46节点发来的Prepare ... 
本节点已接收到N35节点发来的Prepare ... 
本节点已接收到N37节点发来的Prepare ... 
本节点已接收到N1节点发来的Prepare ... 
本节点已接收到N10节点发来的Prepare ... 
本节点已接收到N48节点发来的Prepare ... 
本节点已接收到N31节点发来的Prepare ... 
本节点已接收到N41节点发来的Prepare ... 
本节点已接收到N3节点发来的Prepare ... 
本节点已接收到N23节点发来的Prepare ... 
本节点已接收到N36节点发来的Prepare ... 
本节点已接收到N7节点发来的Prepare ... 
本节点已接收到N27节点发来的Prepare ... 
本节点已接收到N28节点发来的Prepare ... 
本节点已接收到N45节点发来的Prepare ... 
本节点已接收到N22节点发来的Prepare ... 
本节点已接收到N16节点发来的Prepare ... 
本节点已接收到N29节点发来的Prepare ... 
本节点已接收到N12节点发来的Prepare ... 
本节点已接收到N42节点发来的Prepare ... 
本节点已接收到N11节点发来的Prepare ... 
本节点已接收到N21节点发来的Prepare ... 
本节点已接收到N24节点发来的Prepare ... 
本节点已接收到N6节点发来的Prepare ... 
本节点已接收到N39节点发来的Prepare ... 
本节点已接收到N4节点发来的Prepare ... 
本节点已接收到N40节点发来的Prepare ... 
本节点已收到至少2f个节点(包括本地节点)发来的Prepare信息 ...
正在进行commit广播
commit广播完成
本节点已接收到N25节点发来的Commit ... 
本节点已接收到N1节点发来的Commit ... 
本节点已接收到N30节点发来的Prepare ... 
本节点已接收到N41节点发来的Commit ... 
本节点已接收到N12节点发来的Commit ... 
本节点已接收到N36节点发来的Commit ... 
本节点已接收到N4节点发来的Commit ... 
本节点已接收到N7节点发来的Commit ... 
本节点已接收到N29节点发来的Commit ... 
本节点已接收到N3节点发来的Commit ... 
本节点已接收到N48节点发来的Commit ... 
本节点已接收到N27节点发来的Commit ... 
本节点已接收到N22节点发来的Commit ... 
本节点已接收到N31节点发来的Commit ... 
本节点已接收到N16节点发来的Commit ... 
本节点已接收到N35节点发来的Commit ... 
本节点已接收到N28节点发来的Commit ... 
本节点已接收到N6节点发来的Commit ... 
本节点已接收到N45节点发来的Commit ... 
本节点已接收到N26节点发来的Commit ... 
本节点已接收到N21节点发来的Commit ... 
本节点已接收到N5节点发来的Commit ... 
本节点已接收到N11节点发来的Commit ... 
本节点已接收到N0节点发来的Commit ... 
本节点已接收到N39节点发来的Commit ... 
本节点已接收到N37节点发来的Commit ... 
本节点已接收到N44节点发来的Commit ... 
本节点已接收到N24节点发来的Commit ... 
本节点已接收到N10节点发来的Commit ... 
本节点已接收到N42节点发来的Commit ... 
本节点已接收到N46节点发来的Commit ... 
本节点已接收到N23节点发来的Commit ... 
本节点已接收到N30节点发来的Commit ... 
本节点已收到至少2f + 1 个节点(包括本地节点)发来的Commit信息 ...
[]byte(p.messagePool[c.Digest].Content)= 8388662
把接受到的消息写入.db数据库延迟为285ms
写延时为： 285
reply完毕,用时417ms
把接受到的消息写入.db数据库延迟为285ms。reply完毕,用时417ms。N43节点已将msgid:8318706403存入本地消息池中.
正在reply客户端 ...
本节点已接收到N40节点发来的Commit ... 
本节点已接收到N9节点发来的Prepare ... 
本节点已接收到N47节点发来的Prepare ... 
本节点已接收到N13节点发来的Prepare ... 
本节点已接收到N9节点发来的Commit ... 
本节点已接收到N8节点发来的Prepare ... 
本节点已接收到N47节点发来的Commit ... 
本节点已接收到N13节点发来的Commit ... 
本节点已接收到N18节点发来的Prepare ... 
本节点已接收到N49节点发来的Prepare ... 
本节点已接收到N34节点发来的Prepare ... 
本节点已接收到N2节点发来的Prepare ... 
本节点已接收到N38节点发来的Prepare ... 
本节点已接收到N8节点发来的Commit ... 
本节点已接收到N17节点发来的Prepare ... 
本节点已接收到N49节点发来的Commit ... 
本节点已接收到N20节点发来的Prepare ... 
本节点已接收到N33节点发来的Prepare ... 
本节点已接收到N18节点发来的Commit ... 
本节点已接收到N38节点发来的Commit ... 
本节点已接收到N34节点发来的Commit ... 
本节点已接收到N2节点发来的Commit ... 
本节点已接收到N17节点发来的Commit ... 
本节点已接收到N33节点发来的Commit ... 
本节点已接收到N32节点发来的Prepare ... 
本节点已接收到N20节点发来的Commit ... 
本节点已接收到N15节点发来的Prepare ... 
本节点已接收到N32节点发来的Commit ... 
本节点已接收到N15节点发来的Commit ... 
本节点已接收到N14节点发来的Prepare ... 
本节点已接收到N14节点发来的Commit ... 
本节点已接收到N19节点发来的Prepare ... 
本节点已接收到N19节点发来的Commit ... 
