公钥和私钥生成成功
当前时间：2024-03-03 15:46:37.402397407 +0800 CST m=+0.000587981
节点开启监听，地址：127.0.0.1:8049
本节点已接收到主节点发来的PrePrepare ...
已将消息存入临时节点池
正在进行Prepare广播 ...
Prepare广播完成
本节点已接收到N29节点发来的Prepare ... 
本节点已接收到N39节点发来的Prepare ... 
本节点已接收到N40节点发来的Prepare ... 
本节点已接收到N22节点发来的Prepare ... 
本节点已接收到N14节点发来的Prepare ... 
本节点已接收到N36节点发来的Prepare ... 
本节点已接收到N23节点发来的Prepare ... 
本节点已接收到N12节点发来的Prepare ... 
本节点已接收到N1节点发来的Prepare ... 
本节点已接收到N31节点发来的Prepare ... 
本节点已接收到N24节点发来的Prepare ... 
本节点已接收到N10节点发来的Prepare ... 
本节点已接收到N16节点发来的Prepare ... 
本节点已接收到N37节点发来的Prepare ... 
本节点已接收到N21节点发来的Prepare ... 
本节点已接收到N33节点发来的Prepare ... 
本节点已接收到N47节点发来的Prepare ... 
本节点已接收到N45节点发来的Prepare ... 
本节点已接收到N17节点发来的Prepare ... 
本节点已接收到N9节点发来的Prepare ... 
本节点已接收到N25节点发来的Prepare ... 
本节点已接收到N32节点发来的Prepare ... 
本节点已接收到N4节点发来的Prepare ... 
本节点已接收到N5节点发来的Prepare ... 
本节点已接收到N48节点发来的Prepare ... 
本节点已接收到N34节点发来的Prepare ... 
本节点已接收到N41节点发来的Prepare ... 
本节点已接收到N46节点发来的Prepare ... 
本节点已接收到N30节点发来的Prepare ... 
本节点已接收到N2节点发来的Prepare ... 
本节点已接收到N15节点发来的Prepare ... 
本节点已收到至少2f个节点(包括本地节点)发来的Prepare信息 ...
正在进行commit广播
commit广播完成
本节点已接收到N26节点发来的Prepare ... 
本节点已接收到N42节点发来的Prepare ... 
本节点已接收到N27节点发来的Prepare ... 
本节点已接收到N11节点发来的Prepare ... 
本节点已接收到N20节点发来的Prepare ... 
本节点已接收到N18节点发来的Prepare ... 
本节点已接收到N43节点发来的Prepare ... 
本节点已接收到N3节点发来的Prepare ... 
本节点已接收到N13节点发来的Prepare ... 
本节点已接收到N28节点发来的Prepare ... 
本节点已接收到N7节点发来的Prepare ... 
本节点已接收到N38节点发来的Prepare ... 
本节点已接收到N44节点发来的Prepare ... 
本节点已接收到N6节点发来的Prepare ... 
本节点已接收到N19节点发来的Prepare ... 
本节点已接收到N8节点发来的Prepare ... 
本节点已接收到N24节点发来的Commit ... 
本节点已接收到N10节点发来的Commit ... 
本节点已接收到N30节点发来的Commit ... 
本节点已接收到N1节点发来的Commit ... 
本节点已接收到N4节点发来的Commit ... 
本节点已接收到N35节点发来的Prepare ... 
本节点已接收到N31节点发来的Commit ... 
本节点已接收到N20节点发来的Commit ... 
本节点已接收到N42节点发来的Commit ... 
本节点已接收到N32节点发来的Commit ... 
本节点已接收到N45节点发来的Commit ... 
本节点已接收到N0节点发来的Commit ... 
本节点已接收到N28节点发来的Commit ... 
本节点已接收到N44节点发来的Commit ... 
本节点已接收到N22节点发来的Commit ... 
本节点已接收到N18节点发来的Commit ... 
本节点已接收到N26节点发来的Commit ... 
本节点已接收到N19节点发来的Commit ... 
本节点已接收到N41节点发来的Commit ... 
本节点已接收到N6节点发来的Commit ... 
本节点已接收到N23节点发来的Commit ... 
本节点已接收到N40节点发来的Commit ... 
本节点已接收到N3节点发来的Commit ... 
本节点已接收到N17节点发来的Commit ... 
本节点已接收到N43节点发来的Commit ... 
本节点已接收到N33节点发来的Commit ... 
本节点已接收到N25节点发来的Commit ... 
本节点已接收到N13节点发来的Commit ... 
本节点已接收到N29节点发来的Commit ... 
本节点已接收到N48节点发来的Commit ... 
本节点已接收到N9节点发来的Commit ... 
本节点已接收到N35节点发来的Commit ... 
本节点已接收到N36节点发来的Commit ... 
本节点已收到至少2f + 1 个节点(包括本地节点)发来的Commit信息 ...
[]byte(p.messagePool[c.Digest].Content)= 4154
把接受到的消息写入.db数据库延迟为19ms
写延时为： 19
reply完毕,用时82ms
把接受到的消息写入.db数据库延迟为19ms。reply完毕,用时82ms。N49节点已将msgid:2577313535存入本地消息池中.
正在reply客户端 ...
本节点已接收到N8节点发来的Commit ... 
本节点已接收到N37节点发来的Commit ... 
本节点已接收到N2节点发来的Commit ... 
本节点已接收到N14节点发来的Commit ... 
本节点已接收到N47节点发来的Commit ... 
本节点已接收到N5节点发来的Commit ... 
本节点已接收到N21节点发来的Commit ... 
本节点已接收到N27节点发来的Commit ... 
本节点已接收到N11节点发来的Commit ... 
本节点已接收到N38节点发来的Commit ... 
本节点已接收到N39节点发来的Commit ... 
本节点已接收到N15节点发来的Commit ... 
本节点已接收到N34节点发来的Commit ... 
本节点已接收到N46节点发来的Commit ... 
本节点已接收到N12节点发来的Commit ... 
本节点已接收到N7节点发来的Commit ... 
本节点已接收到N16节点发来的Commit ... 
本节点已接收到主节点发来的PrePrepare ...
已将消息存入临时节点池
正在进行Prepare广播 ...
Prepare广播完成
本节点已接收到N8节点发来的Prepare ... 
本节点已接收到N6节点发来的Prepare ... 
本节点已接收到N27节点发来的Prepare ... 
本节点已接收到N21节点发来的Prepare ... 
本节点已接收到N13节点发来的Prepare ... 
本节点已接收到N11节点发来的Prepare ... 
本节点已接收到N17节点发来的Prepare ... 
本节点已接收到N43节点发来的Prepare ... 
本节点已接收到N48节点发来的Prepare ... 
本节点已接收到N36节点发来的Prepare ... 
本节点已接收到N19节点发来的Prepare ... 
本节点已接收到N14节点发来的Prepare ... 
本节点已接收到N10节点发来的Prepare ... 
本节点已接收到N9节点发来的Prepare ... 
本节点已接收到N4节点发来的Prepare ... 
本节点已接收到N30节点发来的Prepare ... 
本节点已接收到N39节点发来的Prepare ... 
本节点已接收到N28节点发来的Prepare ... 
本节点已接收到N7节点发来的Prepare ... 
本节点已接收到N45节点发来的Prepare ... 
本节点已接收到N40节点发来的Prepare ... 
本节点已接收到N34节点发来的Prepare ... 
本节点已接收到N16节点发来的Prepare ... 
本节点已接收到N29节点发来的Prepare ... 
本节点已接收到N32节点发来的Prepare ... 
本节点已接收到N22节点发来的Prepare ... 
本节点已接收到N25节点发来的Prepare ... 
本节点已接收到N20节点发来的Prepare ... 
本节点已接收到N38节点发来的Prepare ... 
本节点已接收到N24节点发来的Prepare ... 
本节点已接收到N41节点发来的Prepare ... 
本节点已收到至少2f个节点(包括本地节点)发来的Prepare信息 ...
正在进行commit广播
commit广播完成
本节点已接收到N42节点发来的Prepare ... 
本节点已接收到N15节点发来的Prepare ... 
本节点已接收到N2节点发来的Prepare ... 
本节点已接收到N5节点发来的Prepare ... 
本节点已接收到N1节点发来的Prepare ... 
本节点已接收到N33节点发来的Prepare ... 
本节点已接收到N37节点发来的Prepare ... 
本节点已接收到N12节点发来的Prepare ... 
本节点已接收到N26节点发来的Prepare ... 
本节点已接收到N44节点发来的Prepare ... 
本节点已接收到N18节点发来的Prepare ... 
本节点已接收到N47节点发来的Prepare ... 
本节点已接收到N31节点发来的Prepare ... 
本节点已接收到N35节点发来的Prepare ... 
本节点已接收到N3节点发来的Prepare ... 
本节点已接收到N46节点发来的Prepare ... 
本节点已接收到N23节点发来的Prepare ... 
本节点已接收到N36节点发来的Commit ... 
本节点已接收到N5节点发来的Commit ... 
本节点已接收到N22节点发来的Commit ... 
本节点已接收到N13节点发来的Commit ... 
本节点已接收到N33节点发来的Commit ... 
本节点已接收到N39节点发来的Commit ... 
本节点已接收到N28节点发来的Commit ... 
本节点已接收到N14节点发来的Commit ... 
本节点已接收到N10节点发来的Commit ... 
本节点已接收到N18节点发来的Commit ... 
本节点已接收到N0节点发来的Commit ... 
本节点已接收到N48节点发来的Commit ... 
本节点已接收到N15节点发来的Commit ... 
本节点已接收到N30节点发来的Commit ... 
本节点已接收到N45节点发来的Commit ... 
本节点已接收到N16节点发来的Commit ... 
本节点已接收到N29节点发来的Commit ... 
本节点已接收到N7节点发来的Commit ... 
本节点已接收到N9节点发来的Commit ... 
本节点已接收到N6节点发来的Commit ... 
本节点已接收到N26节点发来的Commit ... 
本节点已接收到N19节点发来的Commit ... 
本节点已接收到N47节点发来的Commit ... 
本节点已接收到N32节点发来的Commit ... 
本节点已接收到N35节点发来的Commit ... 
本节点已接收到N8节点发来的Commit ... 
本节点已接收到N12节点发来的Commit ... 
本节点已接收到N2节点发来的Commit ... 
本节点已接收到N21节点发来的Commit ... 
本节点已接收到N3节点发来的Commit ... 
本节点已接收到N11节点发来的Commit ... 
本节点已接收到N42节点发来的Commit ... 
本节点已收到至少2f + 1 个节点(包括本地节点)发来的Commit信息 ...
[]byte(p.messagePool[c.Digest].Content)= 8246
把接受到的消息写入.db数据库延迟为13ms
写延时为： 13
reply完毕,用时82ms
把接受到的消息写入.db数据库延迟为13ms。reply完毕,用时82ms。N49节点已将msgid:2548828360存入本地消息池中.
正在reply客户端 ...
本节点已接收到N43节点发来的Commit ... 
本节点已接收到N17节点发来的Commit ... 
本节点已接收到N1节点发来的Commit ... 
本节点已接收到N44节点发来的Commit ... 
本节点已接收到N31节点发来的Commit ... 
本节点已接收到N4节点发来的Commit ... 
本节点已接收到N27节点发来的Commit ... 
本节点已接收到N41节点发来的Commit ... 
本节点已接收到N25节点发来的Commit ... 
本节点已接收到N23节点发来的Commit ... 
本节点已接收到N40节点发来的Commit ... 
本节点已接收到N24节点发来的Commit ... 
本节点已接收到N37节点发来的Commit ... 
本节点已接收到N20节点发来的Commit ... 
本节点已接收到N46节点发来的Commit ... 
本节点已接收到N34节点发来的Commit ... 
本节点已接收到N38节点发来的Commit ... 
本节点已接收到主节点发来的PrePrepare ...
已将消息存入临时节点池
正在进行Prepare广播 ...
Prepare广播完成
本节点已接收到N33节点发来的Prepare ... 
本节点已接收到N13节点发来的Prepare ... 
本节点已接收到N46节点发来的Prepare ... 
本节点已接收到N30节点发来的Prepare ... 
本节点已接收到N45节点发来的Prepare ... 
本节点已接收到N22节点发来的Prepare ... 
本节点已接收到N40节点发来的Prepare ... 
本节点已接收到N11节点发来的Prepare ... 
本节点已接收到N6节点发来的Prepare ... 
本节点已接收到N4节点发来的Prepare ... 
本节点已接收到N36节点发来的Prepare ... 
本节点已接收到N43节点发来的Prepare ... 
本节点已接收到N32节点发来的Prepare ... 
本节点已接收到N16节点发来的Prepare ... 
本节点已接收到N21节点发来的Prepare ... 
本节点已接收到N27节点发来的Prepare ... 
本节点已接收到N38节点发来的Prepare ... 
本节点已接收到N15节点发来的Prepare ... 
本节点已接收到N34节点发来的Prepare ... 
本节点已接收到N8节点发来的Prepare ... 
本节点已接收到N28节点发来的Prepare ... 
本节点已接收到N20节点发来的Prepare ... 
本节点已接收到N39节点发来的Prepare ... 
本节点已接收到N3节点发来的Prepare ... 
本节点已接收到N47节点发来的Prepare ... 
本节点已接收到N42节点发来的Prepare ... 
本节点已接收到N44节点发来的Prepare ... 
本节点已接收到N1节点发来的Prepare ... 
本节点已接收到N10节点发来的Prepare ... 
本节点已接收到N26节点发来的Prepare ... 
本节点已接收到N41节点发来的Prepare ... 
本节点已收到至少2f个节点(包括本地节点)发来的Prepare信息 ...
正在进行commit广播
commit广播完成
本节点已接收到N2节点发来的Prepare ... 
本节点已接收到N17节点发来的Prepare ... 
本节点已接收到N29节点发来的Prepare ... 
本节点已接收到N14节点发来的Prepare ... 
本节点已接收到N19节点发来的Prepare ... 
本节点已接收到N35节点发来的Prepare ... 
本节点已接收到N9节点发来的Prepare ... 
本节点已接收到N18节点发来的Prepare ... 
本节点已接收到N37节点发来的Prepare ... 
本节点已接收到N5节点发来的Prepare ... 
本节点已接收到N24节点发来的Prepare ... 
本节点已接收到N7节点发来的Prepare ... 
本节点已接收到N25节点发来的Prepare ... 
本节点已接收到N23节点发来的Prepare ... 
本节点已接收到N12节点发来的Prepare ... 
本节点已接收到N31节点发来的Prepare ... 
本节点已接收到N48节点发来的Prepare ... 
本节点已接收到N16节点发来的Commit ... 
本节点已接收到N30节点发来的Commit ... 
本节点已接收到N38节点发来的Commit ... 
本节点已接收到N43节点发来的Commit ... 
本节点已接收到N8节点发来的Commit ... 
本节点已接收到N6节点发来的Commit ... 
本节点已接收到N39节点发来的Commit ... 
本节点已接收到N3节点发来的Commit ... 
本节点已接收到N0节点发来的Commit ... 
本节点已接收到N11节点发来的Commit ... 
本节点已接收到N40节点发来的Commit ... 
本节点已接收到N4节点发来的Commit ... 
本节点已接收到N15节点发来的Commit ... 
本节点已接收到N46节点发来的Commit ... 
本节点已接收到N22节点发来的Commit ... 
本节点已接收到N1节点发来的Commit ... 
本节点已接收到N27节点发来的Commit ... 
本节点已接收到N29节点发来的Commit ... 
本节点已接收到N45节点发来的Commit ... 
本节点已接收到N17节点发来的Commit ... 
本节点已接收到N35节点发来的Commit ... 
本节点已接收到N26节点发来的Commit ... 
本节点已接收到N10节点发来的Commit ... 
本节点已接收到N41节点发来的Commit ... 
本节点已接收到N33节点发来的Commit ... 
本节点已接收到N34节点发来的Commit ... 
本节点已接收到N2节点发来的Commit ... 
本节点已接收到N24节点发来的Commit ... 
本节点已接收到N13节点发来的Commit ... 
本节点已接收到N5节点发来的Commit ... 
本节点已接收到N12节点发来的Commit ... 
本节点已接收到N20节点发来的Commit ... 
本节点已收到至少2f + 1 个节点(包括本地节点)发来的Commit信息 ...
[]byte(p.messagePool[c.Digest].Content)= 16430
把接受到的消息写入.db数据库延迟为18ms
写延时为： 18
reply完毕,用时35ms
把接受到的消息写入.db数据库延迟为18ms。reply完毕,用时35ms。N49节点已将msgid:8675249769存入本地消息池中.
正在reply客户端 ...
本节点已接收到N47节点发来的Commit ... 
本节点已接收到N44节点发来的Commit ... 
本节点已接收到N32节点发来的Commit ... 
本节点已接收到N28节点发来的Commit ... 
本节点已接收到N7节点发来的Commit ... 
本节点已接收到N42节点发来的Commit ... 
本节点已接收到N48节点发来的Commit ... 
本节点已接收到N19节点发来的Commit ... 
本节点已接收到N36节点发来的Commit ... 
本节点已接收到N18节点发来的Commit ... 
本节点已接收到N23节点发来的Commit ... 
本节点已接收到N14节点发来的Commit ... 
本节点已接收到N21节点发来的Commit ... 
本节点已接收到N37节点发来的Commit ... 
本节点已接收到N9节点发来的Commit ... 
本节点已接收到N25节点发来的Commit ... 
本节点已接收到N31节点发来的Commit ... 
本节点已接收到主节点发来的PrePrepare ...
已将消息存入临时节点池
正在进行Prepare广播 ...
Prepare广播完成
本节点已接收到N3节点发来的Prepare ... 
本节点已接收到N13节点发来的Prepare ... 
本节点已接收到N40节点发来的Prepare ... 
本节点已接收到N43节点发来的Prepare ... 
本节点已接收到N38节点发来的Prepare ... 
本节点已接收到N42节点发来的Prepare ... 
本节点已接收到N39节点发来的Prepare ... 
本节点已接收到N45节点发来的Prepare ... 
本节点已接收到N23节点发来的Prepare ... 
本节点已接收到N29节点发来的Prepare ... 
本节点已接收到N15节点发来的Prepare ... 
本节点已接收到N32节点发来的Prepare ... 
本节点已接收到N27节点发来的Prepare ... 
本节点已接收到N9节点发来的Prepare ... 
本节点已接收到N8节点发来的Prepare ... 
本节点已接收到N17节点发来的Prepare ... 
本节点已接收到N18节点发来的Prepare ... 
本节点已接收到N22节点发来的Prepare ... 
本节点已接收到N34节点发来的Prepare ... 
本节点已接收到N4节点发来的Prepare ... 
本节点已接收到N21节点发来的Prepare ... 
本节点已接收到N6节点发来的Prepare ... 
本节点已接收到N31节点发来的Prepare ... 
本节点已接收到N46节点发来的Prepare ... 
本节点已接收到N33节点发来的Prepare ... 
本节点已接收到N5节点发来的Prepare ... 
本节点已接收到N19节点发来的Prepare ... 
本节点已接收到N28节点发来的Prepare ... 
本节点已接收到N11节点发来的Prepare ... 
本节点已接收到N14节点发来的Prepare ... 
本节点已接收到N20节点发来的Prepare ... 
本节点已收到至少2f个节点(包括本地节点)发来的Prepare信息 ...
正在进行commit广播
commit广播完成
本节点已接收到N16节点发来的Prepare ... 
本节点已接收到N36节点发来的Prepare ... 
本节点已接收到N41节点发来的Prepare ... 
本节点已接收到N2节点发来的Prepare ... 
本节点已接收到N48节点发来的Prepare ... 
本节点已接收到N7节点发来的Prepare ... 
本节点已接收到N47节点发来的Prepare ... 
本节点已接收到N44节点发来的Prepare ... 
本节点已接收到N30节点发来的Prepare ... 
本节点已接收到N35节点发来的Prepare ... 
本节点已接收到N12节点发来的Prepare ... 
本节点已接收到N37节点发来的Prepare ... 
本节点已接收到N24节点发来的Prepare ... 
本节点已接收到N9节点发来的Commit ... 
本节点已接收到N25节点发来的Prepare ... 
本节点已接收到N34节点发来的Commit ... 
本节点已接收到N1节点发来的Prepare ... 
本节点已接收到N39节点发来的Commit ... 
本节点已接收到N27节点发来的Commit ... 
本节点已接收到N16节点发来的Commit ... 
本节点已接收到N29节点发来的Commit ... 
本节点已接收到N40节点发来的Commit ... 
本节点已接收到N4节点发来的Commit ... 
本节点已接收到N28节点发来的Commit ... 
本节点已接收到N6节点发来的Commit ... 
本节点已接收到N21节点发来的Commit ... 
本节点已接收到N17节点发来的Commit ... 
本节点已接收到N15节点发来的Commit ... 
本节点已接收到N38节点发来的Commit ... 
本节点已接收到N41节点发来的Commit ... 
本节点已接收到N45节点发来的Commit ... 
本节点已接收到N3节点发来的Commit ... 
本节点已接收到N2节点发来的Commit ... 
本节点已接收到N44节点发来的Commit ... 
本节点已接收到N20节点发来的Commit ... 
本节点已接收到N0节点发来的Commit ... 
本节点已接收到N18节点发来的Commit ... 
本节点已接收到N14节点发来的Commit ... 
本节点已接收到N23节点发来的Commit ... 
本节点已接收到N32节点发来的Commit ... 
本节点已接收到N13节点发来的Commit ... 
本节点已接收到N48节点发来的Commit ... 
本节点已接收到N37节点发来的Commit ... 
本节点已接收到N31节点发来的Commit ... 
本节点已接收到N33节点发来的Commit ... 
本节点已接收到N30节点发来的Commit ... 
本节点已接收到N12节点发来的Commit ... 
本节点已收到至少2f + 1 个节点(包括本地节点)发来的Commit信息 ...
[]byte(p.messagePool[c.Digest].Content)= 32798
把接受到的消息写入.db数据库延迟为68ms
写延时为： 68
reply完毕,用时86ms
把接受到的消息写入.db数据库延迟为68ms。reply完毕,用时86ms。N49节点已将msgid:3687700013存入本地消息池中.
正在reply客户端 ...
本节点已接收到N46节点发来的Commit ... 
本节点已接收到N42节点发来的Commit ... 
本节点已接收到N43节点发来的Commit ... 
本节点已接收到N26节点发来的Prepare ... 
本节点已接收到N47节点发来的Commit ... 
本节点已接收到N36节点发来的Commit ... 
本节点已接收到N5节点发来的Commit ... 
本节点已接收到N1节点发来的Commit ... 
本节点已接收到N11节点发来的Commit ... 
本节点已接收到N7节点发来的Commit ... 
本节点已接收到N8节点发来的Commit ... 
本节点已接收到N25节点发来的Commit ... 
本节点已接收到N19节点发来的Commit ... 
本节点已接收到N22节点发来的Commit ... 
本节点已接收到N35节点发来的Commit ... 
本节点已接收到N24节点发来的Commit ... 
本节点已接收到N10节点发来的Prepare ... 
本节点已接收到N10节点发来的Commit ... 
本节点已接收到N28节点发来的Prepare ... 
当前临时消息池无此摘要，拒绝执行commit广播
本节点已接收到N23节点发来的Prepare ... 
当前临时消息池无此摘要，拒绝执行commit广播
本节点已接收到N37节点发来的Prepare ... 
当前临时消息池无此摘要，拒绝执行commit广播
本节点已接收到N24节点发来的Prepare ... 
当前临时消息池无此摘要，拒绝执行commit广播
本节点已接收到N35节点发来的Prepare ... 
当前临时消息池无此摘要，拒绝执行commit广播
本节点已接收到N31节点发来的Prepare ... 
当前临时消息池无此摘要，拒绝执行commit广播
本节点已接收到N5节点发来的Prepare ... 
当前临时消息池无此摘要，拒绝执行commit广播
本节点已接收到N12节点发来的Prepare ... 
当前临时消息池无此摘要，拒绝执行commit广播
本节点已接收到N48节点发来的Prepare ... 
当前临时消息池无此摘要，拒绝执行commit广播
本节点已接收到N1节点发来的Prepare ... 
当前临时消息池无此摘要，拒绝执行commit广播
本节点已接收到N43节点发来的Prepare ... 
当前临时消息池无此摘要，拒绝执行commit广播
本节点已接收到N44节点发来的Prepare ... 
当前临时消息池无此摘要，拒绝执行commit广播
本节点已接收到N33节点发来的Prepare ... 
当前临时消息池无此摘要，拒绝执行commit广播
本节点已接收到主节点发来的PrePrepare ...
已将消息存入临时节点池
正在进行Prepare广播 ...
Prepare广播完成
本节点已接收到N26节点发来的Prepare ... 
本节点已接收到N10节点发来的Prepare ... 
本节点已接收到N7节点发来的Prepare ... 
本节点已接收到N39节点发来的Prepare ... 
本节点已接收到N45节点发来的Prepare ... 
本节点已接收到N38节点发来的Prepare ... 
本节点已接收到N3节点发来的Prepare ... 
本节点已接收到N27节点发来的Prepare ... 
本节点已接收到N41节点发来的Prepare ... 
本节点已接收到N17节点发来的Prepare ... 
本节点已接收到N13节点发来的Prepare ... 
本节点已接收到N46节点发来的Prepare ... 
本节点已接收到N22节点发来的Prepare ... 
本节点已接收到N36节点发来的Prepare ... 
本节点已接收到N29节点发来的Prepare ... 
本节点已接收到N4节点发来的Prepare ... 
本节点已接收到N6节点发来的Prepare ... 
本节点已接收到N25节点发来的Prepare ... 
本节点已接收到N21节点发来的Prepare ... 
本节点已接收到N16节点发来的Prepare ... 
本节点已接收到N42节点发来的Prepare ... 
本节点已接收到N11节点发来的Prepare ... 
本节点已接收到N2节点发来的Prepare ... 
本节点已接收到N24节点发来的Commit ... 
本节点已接收到N48节点发来的Commit ... 
本节点已接收到N17节点发来的Commit ... 
本节点已接收到N15节点发来的Prepare ... 
本节点已接收到N9节点发来的Prepare ... 
本节点已接收到N20节点发来的Prepare ... 
本节点已接收到N23节点发来的Commit ... 
本节点已接收到N28节点发来的Commit ... 
本节点已接收到N38节点发来的Commit ... 
本节点已接收到N37节点发来的Commit ... 
本节点已接收到N46节点发来的Commit ... 
本节点已接收到N32节点发来的Prepare ... 
本节点已接收到N34节点发来的Prepare ... 
本节点已接收到N27节点发来的Commit ... 
本节点已接收到N29节点发来的Commit ... 
本节点已接收到N25节点发来的Commit ... 
本节点已接收到N22节点发来的Commit ... 
本节点已接收到N5节点发来的Commit ... 
本节点已接收到N30节点发来的Prepare ... 
本节点已接收到N1节点发来的Commit ... 
本节点已接收到N35节点发来的Commit ... 
本节点已接收到N45节点发来的Commit ... 
本节点已接收到N31节点发来的Commit ... 
本节点已接收到N19节点发来的Prepare ... 
本节点已接收到N4节点发来的Commit ... 
本节点已接收到N6节点发来的Commit ... 
本节点已接收到N33节点发来的Commit ... 
本节点已接收到N8节点发来的Prepare ... 
本节点已收到至少2f个节点(包括本地节点)发来的Prepare信息 ...
正在进行commit广播
commit广播完成
本节点已接收到N3节点发来的Commit ... 
本节点已接收到N12节点发来的Commit ... 
本节点已接收到N43节点发来的Commit ... 
本节点已接收到N36节点发来的Commit ... 
本节点已接收到N13节点发来的Commit ... 
本节点已接收到N18节点发来的Prepare ... 
本节点已接收到N39节点发来的Commit ... 
本节点已接收到N21节点发来的Commit ... 
本节点已接收到N7节点发来的Commit ... 
本节点已接收到N47节点发来的Prepare ... 
本节点已接收到N0节点发来的Commit ... 
本节点已接收到N16节点发来的Commit ... 
本节点已接收到N41节点发来的Commit ... 
本节点已接收到N40节点发来的Prepare ... 
本节点已接收到N14节点发来的Prepare ... 
本节点已接收到N44节点发来的Commit ... 
本节点已收到至少2f + 1 个节点(包括本地节点)发来的Commit信息 ...
[]byte(p.messagePool[c.Digest].Content)= 65596
把接受到的消息写入.db数据库延迟为53ms
写延时为： 53
reply完毕,用时62ms
把接受到的消息写入.db数据库延迟为53ms。reply完毕,用时62ms。N49节点已将msgid:3173136013存入本地消息池中.
正在reply客户端 ...
本节点已接收到N2节点发来的Commit ... 
本节点已接收到N11节点发来的Commit ... 
本节点已接收到N42节点发来的Commit ... 
本节点已接收到N10节点发来的Commit ... 
本节点已接收到N32节点发来的Commit ... 
本节点已接收到N15节点发来的Commit ... 
本节点已接收到N9节点发来的Commit ... 
本节点已接收到N34节点发来的Commit ... 
本节点已接收到N47节点发来的Commit ... 
本节点已接收到N8节点发来的Commit ... 
本节点已接收到N40节点发来的Commit ... 
本节点已接收到N18节点发来的Commit ... 
本节点已接收到N26节点发来的Commit ... 
本节点已接收到主节点发来的PrePrepare ...
已将消息存入临时节点池
正在进行Prepare广播 ...
Prepare广播完成
本节点已接收到N2节点发来的Prepare ... 
本节点已接收到N32节点发来的Prepare ... 
本节点已接收到N22节点发来的Prepare ... 
本节点已接收到N14节点发来的Prepare ... 
本节点已接收到N15节点发来的Prepare ... 
本节点已接收到N18节点发来的Prepare ... 
本节点已接收到N13节点发来的Prepare ... 
本节点已接收到N11节点发来的Prepare ... 
本节点已接收到N37节点发来的Prepare ... 
本节点已接收到N20节点发来的Prepare ... 
本节点已接收到N8节点发来的Prepare ... 
本节点已接收到N44节点发来的Prepare ... 
本节点已接收到N1节点发来的Prepare ... 
本节点已接收到N30节点发来的Prepare ... 
本节点已接收到N9节点发来的Prepare ... 
本节点已接收到N25节点发来的Prepare ... 
本节点已接收到N5节点发来的Prepare ... 
本节点已接收到N26节点发来的Prepare ... 
本节点已接收到N21节点发来的Prepare ... 
本节点已接收到N42节点发来的Prepare ... 
本节点已接收到N34节点发来的Prepare ... 
本节点已接收到N35节点发来的Prepare ... 
本节点已接收到N16节点发来的Prepare ... 
本节点已接收到N12节点发来的Prepare ... 
本节点已接收到N47节点发来的Prepare ... 
本节点已接收到N40节点发来的Prepare ... 
本节点已接收到N19节点发来的Prepare ... 
本节点已接收到N41节点发来的Prepare ... 
本节点已接收到N46节点发来的Prepare ... 
本节点已接收到N31节点发来的Prepare ... 
本节点已接收到N45节点发来的Prepare ... 
本节点已收到至少2f个节点(包括本地节点)发来的Prepare信息 ...
正在进行commit广播
commit广播完成
本节点已接收到N48节点发来的Prepare ... 
本节点已接收到N3节点发来的Prepare ... 
本节点已接收到N29节点发来的Prepare ... 
本节点已接收到N24节点发来的Prepare ... 
本节点已接收到N43节点发来的Prepare ... 
本节点已接收到N13节点发来的Commit ... 
本节点已接收到N39节点发来的Prepare ... 
本节点已接收到N40节点发来的Commit ... 
本节点已接收到N44节点发来的Commit ... 
本节点已接收到N15节点发来的Commit ... 
本节点已接收到N38节点发来的Prepare ... 
本节点已接收到N33节点发来的Prepare ... 
本节点已接收到N11节点发来的Commit ... 
本节点已接收到N22节点发来的Commit ... 
本节点已接收到N7节点发来的Prepare ... 
本节点已接收到N21节点发来的Commit ... 
本节点已接收到N10节点发来的Prepare ... 
本节点已接收到N9节点发来的Commit ... 
本节点已接收到N2节点发来的Commit ... 
本节点已接收到N0节点发来的Commit ... 
本节点已接收到N5节点发来的Commit ... 
本节点已接收到N42节点发来的Commit ... 
本节点已接收到N37节点发来的Commit ... 
本节点已接收到N46节点发来的Commit ... 
本节点已接收到N6节点发来的Prepare ... 
本节点已接收到N25节点发来的Commit ... 
本节点已接收到N4节点发来的Prepare ... 
本节点已接收到N8节点发来的Commit ... 
本节点已接收到N18节点发来的Commit ... 
本节点已接收到N28节点发来的Prepare ... 
本节点已接收到N1节点发来的Commit ... 
本节点已接收到N32节点发来的Commit ... 
本节点已接收到N47节点发来的Commit ... 
本节点已接收到N27节点发来的Prepare ... 
本节点已接收到N36节点发来的Prepare ... 
本节点已接收到N7节点发来的Commit ... 
本节点已接收到N31节点发来的Commit ... 
本节点已接收到N26节点发来的Commit ... 
本节点已接收到N16节点发来的Commit ... 
本节点已接收到N35节点发来的Commit ... 
本节点已接收到N34节点发来的Commit ... 
本节点已接收到N41节点发来的Commit ... 
本节点已接收到N48节点发来的Commit ... 
本节点已接收到N19节点发来的Commit ... 
本节点已接收到N12节点发来的Commit ... 
本节点已接收到N17节点发来的Prepare ... 
本节点已接收到N14节点发来的Commit ... 
本节点已接收到N27节点发来的Commit ... 
本节点已收到至少2f + 1 个节点(包括本地节点)发来的Commit信息 ...
[]byte(p.messagePool[c.Digest].Content)= 131130
把接受到的消息写入.db数据库延迟为67ms
写延时为： 67
reply完毕,用时126ms
把接受到的消息写入.db数据库延迟为67ms。reply完毕,用时126ms。N49节点已将msgid:9356610556存入本地消息池中.
正在reply客户端 ...
本节点已接收到N30节点发来的Commit ... 
本节点已接收到N20节点发来的Commit ... 
本节点已接收到N23节点发来的Prepare ... 
本节点已接收到N45节点发来的Commit ... 
本节点已接收到N29节点发来的Commit ... 
本节点已接收到主节点发来的PrePrepare ...
已将消息存入临时节点池
正在进行Prepare广播 ...
Prepare广播完成
本节点已接收到N29节点发来的Prepare ... 
本节点已接收到N5节点发来的Prepare ... 
本节点已接收到N26节点发来的Prepare ... 
本节点已接收到N12节点发来的Prepare ... 
本节点已接收到N25节点发来的Prepare ... 
本节点已接收到N37节点发来的Prepare ... 
本节点已接收到N44节点发来的Prepare ... 
本节点已接收到N41节点发来的Prepare ... 
本节点已接收到N10节点发来的Prepare ... 
本节点已接收到N31节点发来的Prepare ... 
本节点已接收到N22节点发来的Prepare ... 
本节点已接收到N1节点发来的Prepare ... 
本节点已接收到N16节点发来的Prepare ... 
本节点已接收到N35节点发来的Prepare ... 
本节点已接收到N28节点发来的Prepare ... 
本节点已接收到N24节点发来的Prepare ... 
本节点已接收到N23节点发来的Prepare ... 
本节点已接收到N27节点发来的Prepare ... 
本节点已接收到N46节点发来的Prepare ... 
本节点已接收到N33节点发来的Prepare ... 
本节点已接收到N7节点发来的Prepare ... 
本节点已接收到N21节点发来的Prepare ... 
本节点已接收到N42节点发来的Prepare ... 
本节点已接收到N39节点发来的Prepare ... 
本节点已接收到N45节点发来的Prepare ... 
本节点已接收到N40节点发来的Prepare ... 
本节点已接收到N32节点发来的Prepare ... 
本节点已接收到N9节点发来的Prepare ... 
本节点已接收到N4节点发来的Prepare ... 
本节点已接收到N3节点发来的Prepare ... 
本节点已接收到N6节点发来的Prepare ... 
本节点已收到至少2f个节点(包括本地节点)发来的Prepare信息 ...
正在进行commit广播
commit广播完成
本节点已接收到N13节点发来的Prepare ... 
本节点已接收到N48节点发来的Prepare ... 
本节点已接收到N36节点发来的Prepare ... 
本节点已接收到N20节点发来的Prepare ... 
本节点已接收到N17节点发来的Prepare ... 
本节点已接收到N11节点发来的Prepare ... 
本节点已接收到N34节点发来的Prepare ... 
本节点已接收到N19节点发来的Prepare ... 
本节点已接收到N37节点发来的Commit ... 
本节点已接收到N25节点发来的Commit ... 
本节点已接收到N14节点发来的Prepare ... 
本节点已接收到N8节点发来的Prepare ... 
本节点已接收到N43节点发来的Prepare ... 
本节点已接收到N38节点发来的Prepare ... 
本节点已接收到N31节点发来的Commit ... 
本节点已接收到N47节点发来的Prepare ... 
本节点已接收到N18节点发来的Prepare ... 
本节点已接收到N0节点发来的Commit ... 
本节点已接收到N2节点发来的Prepare ... 
本节点已接收到N30节点发来的Prepare ... 
本节点已接收到N10节点发来的Commit ... 
本节点已接收到N42节点发来的Commit ... 
本节点已接收到N15节点发来的Prepare ... 
本节点已接收到N35节点发来的Commit ... 
本节点已接收到N5节点发来的Commit ... 
本节点已接收到N45节点发来的Commit ... 
本节点已接收到N7节点发来的Commit ... 
本节点已接收到N23节点发来的Commit ... 
本节点已接收到N13节点发来的Commit ... 
本节点已接收到N16节点发来的Commit ... 
本节点已接收到N44节点发来的Commit ... 
本节点已接收到N11节点发来的Commit ... 
本节点已接收到N12节点发来的Commit ... 
本节点已接收到N39节点发来的Commit ... 
本节点已接收到N26节点发来的Commit ... 
本节点已接收到N41节点发来的Commit ... 
本节点已接收到N32节点发来的Commit ... 
本节点已接收到N3节点发来的Commit ... 
本节点已接收到N4节点发来的Commit ... 
本节点已接收到N34节点发来的Commit ... 
本节点已接收到N40节点发来的Commit ... 
本节点已接收到N21节点发来的Commit ... 
本节点已接收到N33节点发来的Commit ... 
本节点已接收到N20节点发来的Commit ... 
本节点已接收到N1节点发来的Commit ... 
本节点已接收到N19节点发来的Commit ... 
本节点已接收到N36节点发来的Commit ... 
本节点已接收到N43节点发来的Commit ... 
本节点已接收到N29节点发来的Commit ... 
本节点已收到至少2f + 1 个节点(包括本地节点)发来的Commit信息 ...
[]byte(p.messagePool[c.Digest].Content)= 262198
把接受到的消息写入.db数据库延迟为82ms
写延时为： 82
reply完毕,用时98ms
把接受到的消息写入.db数据库延迟为82ms。reply完毕,用时98ms。N49节点已将msgid:5783344062存入本地消息池中.
正在reply客户端 ...
本节点已接收到N17节点发来的Commit ... 
本节点已接收到N14节点发来的Commit ... 
本节点已接收到N28节点发来的Commit ... 
本节点已接收到N9节点发来的Commit ... 
本节点已接收到N6节点发来的Commit ... 
本节点已接收到N27节点发来的Commit ... 
本节点已接收到N38节点发来的Commit ... 
本节点已接收到N48节点发来的Commit ... 
本节点已接收到N22节点发来的Commit ... 
本节点已接收到N15节点发来的Commit ... 
本节点已接收到N2节点发来的Commit ... 
本节点已接收到N46节点发来的Commit ... 
本节点已接收到N18节点发来的Commit ... 
本节点已接收到N8节点发来的Commit ... 
本节点已接收到N47节点发来的Commit ... 
本节点已接收到N24节点发来的Commit ... 
本节点已接收到N30节点发来的Commit ... 
本节点已接收到主节点发来的PrePrepare ...
已将消息存入临时节点池
正在进行Prepare广播 ...
Prepare广播完成
本节点已接收到N33节点发来的Prepare ... 
本节点已接收到N11节点发来的Prepare ... 
本节点已接收到N43节点发来的Prepare ... 
本节点已接收到N4节点发来的Prepare ... 
本节点已接收到N10节点发来的Prepare ... 
本节点已接收到N3节点发来的Prepare ... 
本节点已接收到N39节点发来的Prepare ... 
本节点已接收到N29节点发来的Prepare ... 
本节点已接收到N36节点发来的Prepare ... 
本节点已接收到N38节点发来的Prepare ... 
本节点已接收到N27节点发来的Prepare ... 
本节点已接收到N6节点发来的Prepare ... 
本节点已接收到N14节点发来的Prepare ... 
本节点已接收到N42节点发来的Prepare ... 
本节点已接收到N23节点发来的Prepare ... 
本节点已接收到N2节点发来的Prepare ... 
本节点已接收到N17节点发来的Prepare ... 
本节点已接收到N18节点发来的Prepare ... 
本节点已接收到N21节点发来的Prepare ... 
本节点已接收到N16节点发来的Prepare ... 
本节点已接收到N32节点发来的Prepare ... 
本节点已接收到N45节点发来的Prepare ... 
本节点已接收到N8节点发来的Prepare ... 
本节点已接收到N13节点发来的Prepare ... 
本节点已接收到N9节点发来的Prepare ... 
本节点已接收到N37节点发来的Prepare ... 
本节点已接收到N15节点发来的Prepare ... 
本节点已接收到N30节点发来的Prepare ... 
本节点已接收到N20节点发来的Prepare ... 
本节点已接收到N34节点发来的Prepare ... 
本节点已接收到N47节点发来的Prepare ... 
本节点已收到至少2f个节点(包括本地节点)发来的Prepare信息 ...
正在进行commit广播
commit广播完成
本节点已接收到N40节点发来的Prepare ... 
本节点已接收到N12节点发来的Prepare ... 
本节点已接收到N1节点发来的Prepare ... 
本节点已接收到N19节点发来的Prepare ... 
本节点已接收到N39节点发来的Commit ... 
本节点已接收到N48节点发来的Prepare ... 
本节点已接收到N43节点发来的Commit ... 
本节点已接收到N42节点发来的Commit ... 
本节点已接收到N25节点发来的Prepare ... 
本节点已接收到N29节点发来的Commit ... 
本节点已接收到N13节点发来的Commit ... 
本节点已接收到N16节点发来的Commit ... 
本节点已接收到N20节点发来的Commit ... 
本节点已接收到N44节点发来的Prepare ... 
本节点已接收到N36节点发来的Commit ... 
本节点已接收到N31节点发来的Prepare ... 
本节点已接收到N27节点发来的Commit ... 
本节点已接收到N3节点发来的Commit ... 
本节点已接收到N22节点发来的Prepare ... 
本节点已接收到N45节点发来的Commit ... 
本节点已接收到N32节点发来的Commit ... 
本节点已接收到N7节点发来的Prepare ... 
本节点已接收到N14节点发来的Commit ... 
本节点已接收到N2节点发来的Commit ... 
本节点已接收到N5节点发来的Prepare ... 
本节点已接收到N28节点发来的Prepare ... 
本节点已接收到N15节点发来的Commit ... 
本节点已接收到N24节点发来的Prepare ... 
本节点已接收到N23节点发来的Commit ... 
本节点已接收到N17节点发来的Commit ... 
本节点已接收到N26节点发来的Prepare ... 
本节点已接收到N37节点发来的Commit ... 
本节点已接收到N41节点发来的Prepare ... 
本节点已接收到N35节点发来的Prepare ... 
本节点已接收到N34节点发来的Commit ... 
本节点已接收到N40节点发来的Commit ... 
本节点已接收到N18节点发来的Commit ... 
本节点已接收到N48节点发来的Commit ... 
本节点已接收到N47节点发来的Commit ... 
本节点已接收到N30节点发来的Commit ... 
本节点已接收到N33节点发来的Commit ... 
本节点已接收到N11节点发来的Commit ... 
本节点已接收到N8节点发来的Commit ... 
本节点已接收到N9节点发来的Commit ... 
本节点已接收到N6节点发来的Commit ... 
本节点已接收到N38节点发来的Commit ... 
本节点已接收到N0节点发来的Commit ... 
本节点已接收到N44节点发来的Commit ... 
本节点已收到至少2f + 1 个节点(包括本地节点)发来的Commit信息 ...
[]byte(p.messagePool[c.Digest].Content)= 524334
把接受到的消息写入.db数据库延迟为72ms
写延时为： 72
reply完毕,用时91ms
把接受到的消息写入.db数据库延迟为72ms。reply完毕,用时91ms。N49节点已将msgid:7439018036存入本地消息池中.
正在reply客户端 ...
本节点已接收到N26节点发来的Commit ... 
本节点已接收到N22节点发来的Commit ... 
本节点已接收到N25节点发来的Commit ... 
本节点已接收到N21节点发来的Commit ... 
本节点已接收到N46节点发来的Prepare ... 
本节点已接收到N10节点发来的Commit ... 
本节点已接收到N4节点发来的Commit ... 
本节点已接收到N28节点发来的Commit ... 
本节点已接收到N35节点发来的Commit ... 
本节点已接收到N7节点发来的Commit ... 
本节点已接收到N12节点发来的Commit ... 
本节点已接收到N1节点发来的Commit ... 
本节点已接收到N5节点发来的Commit ... 
本节点已接收到N41节点发来的Commit ... 
本节点已接收到N31节点发来的Commit ... 
本节点已接收到N19节点发来的Commit ... 
本节点已接收到N46节点发来的Commit ... 
本节点已接收到N24节点发来的Commit ... 
本节点已接收到主节点发来的PrePrepare ...
已将消息存入临时节点池
正在进行Prepare广播 ...
Prepare广播完成
本节点已接收到N25节点发来的Prepare ... 
本节点已接收到N5节点发来的Prepare ... 
本节点已接收到N1节点发来的Prepare ... 
本节点已接收到N26节点发来的Prepare ... 
本节点已接收到N37节点发来的Prepare ... 
本节点已接收到N48节点发来的Prepare ... 
本节点已接收到N35节点发来的Prepare ... 
本节点已接收到N7节点发来的Prepare ... 
本节点已接收到N39节点发来的Prepare ... 
本节点已接收到N43节点发来的Prepare ... 
本节点已接收到N12节点发来的Prepare ... 
本节点已接收到N46节点发来的Prepare ... 
本节点已接收到N24节点发来的Prepare ... 
本节点已接收到N29节点发来的Prepare ... 
本节点已接收到N44节点发来的Prepare ... 
本节点已接收到N10节点发来的Prepare ... 
本节点已接收到N41节点发来的Prepare ... 
本节点已接收到N36节点发来的Prepare ... 
本节点已接收到N3节点发来的Prepare ... 
本节点已接收到N31节点发来的Prepare ... 
本节点已接收到N28节点发来的Prepare ... 
本节点已接收到N23节点发来的Prepare ... 
本节点已接收到N6节点发来的Prepare ... 
本节点已接收到N4节点发来的Prepare ... 
本节点已接收到N32节点发来的Prepare ... 
本节点已接收到N27节点发来的Prepare ... 
本节点已接收到N2节点发来的Prepare ... 
本节点已接收到N38节点发来的Prepare ... 
本节点已接收到N42节点发来的Prepare ... 
本节点已接收到N33节点发来的Prepare ... 
本节点已接收到N45节点发来的Prepare ... 
本节点已收到至少2f个节点(包括本地节点)发来的Prepare信息 ...
正在进行commit广播
commit广播完成
本节点已接收到N16节点发来的Prepare ... 
本节点已接收到N21节点发来的Prepare ... 
本节点已接收到N31节点发来的Commit ... 
本节点已接收到N17节点发来的Prepare ... 
本节点已接收到N38节点发来的Commit ... 
本节点已接收到N1节点发来的Commit ... 
本节点已接收到N48节点发来的Commit ... 
本节点已接收到N44节点发来的Commit ... 
本节点已接收到N12节点发来的Commit ... 
本节点已接收到N37节点发来的Commit ... 
本节点已接收到N40节点发来的Prepare ... 
本节点已接收到N23节点发来的Commit ... 
本节点已接收到N29节点发来的Commit ... 
本节点已接收到N0节点发来的Commit ... 
本节点已接收到N42节点发来的Commit ... 
本节点已接收到N26节点发来的Commit ... 
本节点已接收到N27节点发来的Commit ... 
本节点已接收到N39节点发来的Commit ... 
本节点已接收到N2节点发来的Commit ... 
本节点已接收到N28节点发来的Commit ... 
本节点已接收到N14节点发来的Prepare ... 
本节点已接收到N19节点发来的Prepare ... 
本节点已接收到N36节点发来的Commit ... 
本节点已接收到N33节点发来的Commit ... 
本节点已接收到N3节点发来的Commit ... 
本节点已接收到N25节点发来的Commit ... 
本节点已接收到N35节点发来的Commit ... 
本节点已接收到N46节点发来的Commit ... 
本节点已接收到N11节点发来的Prepare ... 
本节点已接收到N32节点发来的Commit ... 
本节点已接收到N22节点发来的Prepare ... 
本节点已接收到N10节点发来的Commit ... 
本节点已接收到N7节点发来的Commit ... 
本节点已接收到N43节点发来的Commit ... 
本节点已接收到N20节点发来的Prepare ... 
本节点已接收到N5节点发来的Commit ... 
本节点已接收到N4节点发来的Commit ... 
本节点已接收到N40节点发来的Commit ... 
本节点已接收到N8节点发来的Prepare ... 
本节点已接收到N17节点发来的Commit ... 
本节点已接收到N6节点发来的Commit ... 
本节点已接收到N41节点发来的Commit ... 
本节点已收到至少2f + 1 个节点(包括本地节点)发来的Commit信息 ...
[]byte(p.messagePool[c.Digest].Content)= 1048606
把接受到的消息写入.db数据库延迟为185ms
写延时为： 185
reply完毕,用时205ms
把接受到的消息写入.db数据库延迟为185ms。reply完毕,用时205ms。N49节点已将msgid:6936355206存入本地消息池中.
正在reply客户端 ...
本节点已接收到N13节点发来的Prepare ... 
本节点已接收到N19节点发来的Commit ... 
本节点已接收到N47节点发来的Prepare ... 
本节点已接收到N16节点发来的Commit ... 
本节点已接收到N24节点发来的Commit ... 
本节点已接收到N45节点发来的Commit ... 
本节点已接收到N11节点发来的Commit ... 
本节点已接收到N34节点发来的Prepare ... 
本节点已接收到N21节点发来的Commit ... 
本节点已接收到N15节点发来的Prepare ... 
本节点已接收到N8节点发来的Commit ... 
本节点已接收到N18节点发来的Prepare ... 
本节点已接收到N30节点发来的Prepare ... 
本节点已接收到N14节点发来的Commit ... 
本节点已接收到N20节点发来的Commit ... 
本节点已接收到N47节点发来的Commit ... 
本节点已接收到N22节点发来的Commit ... 
本节点已接收到N30节点发来的Commit ... 
本节点已接收到N13节点发来的Commit ... 
本节点已接收到N15节点发来的Commit ... 
本节点已接收到N9节点发来的Prepare ... 
本节点已接收到N18节点发来的Commit ... 
本节点已接收到N34节点发来的Commit ... 
本节点已接收到N9节点发来的Commit ... 
本节点已接收到主节点发来的PrePrepare ...
已将消息存入临时节点池
正在进行Prepare广播 ...
Prepare广播完成
本节点已接收到N32节点发来的Prepare ... 
本节点已接收到N42节点发来的Prepare ... 
本节点已接收到N21节点发来的Prepare ... 
本节点已接收到N22节点发来的Prepare ... 
本节点已接收到N15节点发来的Prepare ... 
本节点已接收到N11节点发来的Prepare ... 
本节点已接收到N19节点发来的Prepare ... 
本节点已接收到N16节点发来的Prepare ... 
本节点已接收到N2节点发来的Prepare ... 
本节点已接收到N40节点发来的Prepare ... 
本节点已接收到N18节点发来的Prepare ... 
本节点已接收到N30节点发来的Prepare ... 
本节点已接收到N13节点发来的Prepare ... 
本节点已接收到N47节点发来的Prepare ... 
本节点已接收到N8节点发来的Prepare ... 
本节点已接收到N14节点发来的Prepare ... 
本节点已接收到N34节点发来的Prepare ... 
本节点已接收到N20节点发来的Prepare ... 
本节点已接收到N26节点发来的Prepare ... 
本节点已接收到N44节点发来的Prepare ... 
本节点已接收到N5节点发来的Prepare ... 
本节点已接收到N37节点发来的Prepare ... 
本节点已接收到N1节点发来的Prepare ... 
本节点已接收到N46节点发来的Prepare ... 
本节点已接收到N35节点发来的Prepare ... 
本节点已接收到N25节点发来的Prepare ... 
本节点已接收到N48节点发来的Prepare ... 
本节点已接收到N9节点发来的Prepare ... 
本节点已接收到N41节点发来的Prepare ... 
本节点已接收到N39节点发来的Prepare ... 
本节点已接收到N24节点发来的Prepare ... 
本节点已收到至少2f个节点(包括本地节点)发来的Prepare信息 ...
正在进行commit广播
commit广播完成
本节点已接收到N5节点发来的Commit ... 
本节点已接收到N2节点发来的Commit ... 
本节点已接收到N46节点发来的Commit ... 
本节点已接收到N11节点发来的Commit ... 
本节点已接收到N1节点发来的Commit ... 
本节点已接收到N14节点发来的Commit ... 
本节点已接收到N35节点发来的Commit ... 
本节点已接收到N30节点发来的Commit ... 
本节点已接收到N16节点发来的Commit ... 
本节点已接收到N9节点发来的Commit ... 
本节点已接收到N19节点发来的Commit ... 
本节点已接收到N26节点发来的Commit ... 
本节点已接收到N37节点发来的Commit ... 
本节点已接收到N22节点发来的Commit ... 
本节点已接收到N32节点发来的Commit ... 
本节点已接收到N8节点发来的Commit ... 
本节点已接收到N15节点发来的Commit ... 
本节点已接收到N48节点发来的Commit ... 
本节点已接收到N40节点发来的Commit ... 
本节点已接收到N44节点发来的Commit ... 
本节点已接收到N34节点发来的Commit ... 
本节点已接收到N41节点发来的Commit ... 
本节点已接收到N31节点发来的Prepare ... 
本节点已接收到N39节点发来的Commit ... 
本节点已接收到N25节点发来的Commit ... 
本节点已接收到N47节点发来的Commit ... 
本节点已接收到N13节点发来的Commit ... 
本节点已接收到N0节点发来的Commit ... 
本节点已接收到N42节点发来的Commit ... 
本节点已接收到N20节点发来的Commit ... 
本节点已接收到N18节点发来的Commit ... 
本节点已接收到N21节点发来的Commit ... 
本节点已接收到N12节点发来的Prepare ... 
本节点已接收到N36节点发来的Prepare ... 
本节点已接收到N29节点发来的Prepare ... 
本节点已接收到N31节点发来的Commit ... 
本节点已收到至少2f + 1 个节点(包括本地节点)发来的Commit信息 ...
[]byte(p.messagePool[c.Digest].Content)= 2097212
把接受到的消息写入.db数据库延迟为225ms
写延时为： 225
reply完毕,用时271ms
把接受到的消息写入.db数据库延迟为225ms。reply完毕,用时271ms。N49节点已将msgid:6140584743存入本地消息池中.
正在reply客户端 ...
本节点已接收到N12节点发来的Commit ... 
本节点已接收到N10节点发来的Prepare ... 
本节点已接收到N29节点发来的Commit ... 
本节点已接收到N43节点发来的Prepare ... 
本节点已接收到N28节点发来的Prepare ... 
本节点已接收到N36节点发来的Commit ... 
本节点已接收到N7节点发来的Prepare ... 
本节点已接收到N10节点发来的Commit ... 
本节点已接收到N23节点发来的Prepare ... 
本节点已接收到N27节点发来的Prepare ... 
本节点已接收到N28节点发来的Commit ... 
本节点已接收到N6节点发来的Prepare ... 
本节点已接收到N7节点发来的Commit ... 
本节点已接收到N24节点发来的Commit ... 
本节点已接收到N33节点发来的Prepare ... 
本节点已接收到N3节点发来的Prepare ... 
本节点已接收到N45节点发来的Prepare ... 
本节点已接收到N23节点发来的Commit ... 
本节点已接收到N3节点发来的Commit ... 
本节点已接收到N33节点发来的Commit ... 
本节点已接收到N43节点发来的Commit ... 
本节点已接收到N45节点发来的Commit ... 
本节点已接收到N17节点发来的Prepare ... 
本节点已接收到N27节点发来的Commit ... 
本节点已接收到N6节点发来的Commit ... 
本节点已接收到N4节点发来的Prepare ... 
本节点已接收到N17节点发来的Commit ... 
本节点已接收到N38节点发来的Prepare ... 
本节点已接收到N4节点发来的Commit ... 
本节点已接收到N38节点发来的Commit ... 
本节点已接收到主节点发来的PrePrepare ...
已将消息存入临时节点池
正在进行Prepare广播 ...
Prepare广播完成
本节点已接收到N46节点发来的Prepare ... 
本节点已接收到N41节点发来的Prepare ... 
本节点已接收到N48节点发来的Prepare ... 
本节点已接收到N7节点发来的Prepare ... 
本节点已接收到N3节点发来的Prepare ... 
本节点已接收到N35节点发来的Prepare ... 
本节点已接收到N28节点发来的Prepare ... 
本节点已接收到N24节点发来的Prepare ... 
本节点已接收到N10节点发来的Prepare ... 
本节点已接收到N33节点发来的Prepare ... 
本节点已接收到N36节点发来的Prepare ... 
本节点已接收到N38节点发来的Prepare ... 
本节点已接收到N39节点发来的Prepare ... 
本节点已接收到N23节点发来的Prepare ... 
本节点已接收到N43节点发来的Prepare ... 
本节点已接收到N42节点发来的Prepare ... 
本节点已接收到N32节点发来的Prepare ... 
本节点已接收到N29节点发来的Prepare ... 
本节点已接收到N17节点发来的Prepare ... 
本节点已接收到N16节点发来的Prepare ... 
本节点已接收到N11节点发来的Prepare ... 
本节点已接收到N13节点发来的Prepare ... 
本节点已接收到N21节点发来的Prepare ... 
本节点已接收到N45节点发来的Prepare ... 
本节点已接收到N22节点发来的Prepare ... 
本节点已接收到N27节点发来的Prepare ... 
本节点已接收到N14节点发来的Prepare ... 
本节点已接收到N6节点发来的Prepare ... 
本节点已接收到N31节点发来的Prepare ... 
本节点已接收到N30节点发来的Prepare ... 
本节点已接收到N19节点发来的Prepare ... 
本节点已收到至少2f个节点(包括本地节点)发来的Prepare信息 ...
正在进行commit广播
commit广播完成
本节点已接收到N47节点发来的Prepare ... 
本节点已接收到N2节点发来的Prepare ... 
本节点已接收到N46节点发来的Commit ... 
本节点已接收到N16节点发来的Commit ... 
本节点已接收到N38节点发来的Commit ... 
本节点已接收到N45节点发来的Commit ... 
本节点已接收到N11节点发来的Commit ... 
本节点已接收到N32节点发来的Commit ... 
本节点已接收到N35节点发来的Commit ... 
本节点已接收到N8节点发来的Prepare ... 
本节点已接收到N43节点发来的Commit ... 
本节点已接收到N27节点发来的Commit ... 
本节点已接收到N13节点发来的Commit ... 
本节点已接收到N21节点发来的Commit ... 
本节点已接收到N10节点发来的Commit ... 
本节点已接收到N7节点发来的Commit ... 
本节点已接收到N36节点发来的Commit ... 
本节点已接收到N14节点发来的Commit ... 
本节点已接收到N23节点发来的Commit ... 
本节点已接收到N33节点发来的Commit ... 
本节点已接收到N30节点发来的Commit ... 
本节点已接收到N0节点发来的Commit ... 
本节点已接收到N39节点发来的Commit ... 
本节点已接收到N3节点发来的Commit ... 
本节点已接收到N41节点发来的Commit ... 
本节点已接收到N17节点发来的Commit ... 
本节点已接收到N22节点发来的Commit ... 
本节点已接收到N29节点发来的Commit ... 
本节点已接收到N24节点发来的Commit ... 
本节点已接收到N31节点发来的Commit ... 
本节点已接收到N48节点发来的Commit ... 
本节点已接收到N28节点发来的Commit ... 
本节点已接收到N6节点发来的Commit ... 
本节点已接收到N19节点发来的Commit ... 
本节点已接收到N42节点发来的Commit ... 
本节点已收到至少2f + 1 个节点(包括本地节点)发来的Commit信息 ...
[]byte(p.messagePool[c.Digest].Content)= 4194362
把接受到的消息写入.db数据库延迟为189ms
写延时为： 189
reply完毕,用时248ms
把接受到的消息写入.db数据库延迟为189ms。reply完毕,用时248ms。N49节点已将msgid:8584802038存入本地消息池中.
正在reply客户端 ...
本节点已接收到N20节点发来的Prepare ... 
本节点已接收到N2节点发来的Commit ... 
本节点已接收到N1节点发来的Prepare ... 
本节点已接收到N47节点发来的Commit ... 
本节点已接收到N20节点发来的Commit ... 
本节点已接收到N40节点发来的Prepare ... 
本节点已接收到N8节点发来的Commit ... 
本节点已接收到N5节点发来的Prepare ... 
本节点已接收到N1节点发来的Commit ... 
本节点已接收到N9节点发来的Prepare ... 
本节点已接收到N37节点发来的Prepare ... 
本节点已接收到N44节点发来的Prepare ... 
本节点已接收到N40节点发来的Commit ... 
本节点已接收到N4节点发来的Prepare ... 
本节点已接收到N15节点发来的Prepare ... 
本节点已接收到N5节点发来的Commit ... 
本节点已接收到N37节点发来的Commit ... 
本节点已接收到N34节点发来的Prepare ... 
本节点已接收到N9节点发来的Commit ... 
本节点已接收到N26节点发来的Prepare ... 
本节点已接收到N44节点发来的Commit ... 
本节点已接收到N15节点发来的Commit ... 
本节点已接收到N18节点发来的Prepare ... 
本节点已接收到N4节点发来的Commit ... 
本节点已接收到N12节点发来的Prepare ... 
本节点已接收到N25节点发来的Prepare ... 
本节点已接收到N34节点发来的Commit ... 
本节点已接收到N26节点发来的Commit ... 
本节点已接收到N12节点发来的Commit ... 
本节点已接收到N18节点发来的Commit ... 
本节点已接收到N25节点发来的Commit ... 
本节点已接收到主节点发来的PrePrepare ...
已将消息存入临时节点池
正在进行Prepare广播 ...
Prepare广播完成
本节点已接收到N26节点发来的Prepare ... 
本节点已接收到N5节点发来的Prepare ... 
本节点已接收到N44节点发来的Prepare ... 
本节点已接收到N25节点发来的Prepare ... 
本节点已接收到N46节点发来的Prepare ... 
本节点已接收到N35节点发来的Prepare ... 
本节点已接收到N37节点发来的Prepare ... 
本节点已接收到N1节点发来的Prepare ... 
本节点已接收到N10节点发来的Prepare ... 
本节点已接收到N48节点发来的Prepare ... 
本节点已接收到N41节点发来的Prepare ... 
本节点已接收到N31节点发来的Prepare ... 
本节点已接收到N3节点发来的Prepare ... 
本节点已接收到N23节点发来的Prepare ... 
本节点已接收到N36节点发来的Prepare ... 
本节点已接收到N7节点发来的Prepare ... 
本节点已接收到N27节点发来的Prepare ... 
本节点已接收到N28节点发来的Prepare ... 
本节点已接收到N45节点发来的Prepare ... 
本节点已接收到N29节点发来的Prepare ... 
本节点已接收到N22节点发来的Prepare ... 
本节点已接收到N16节点发来的Prepare ... 
本节点已接收到N12节点发来的Prepare ... 
本节点已接收到N42节点发来的Prepare ... 
本节点已接收到N11节点发来的Prepare ... 
本节点已接收到N21节点发来的Prepare ... 
本节点已接收到N43节点发来的Prepare ... 
本节点已接收到N24节点发来的Prepare ... 
本节点已接收到N6节点发来的Prepare ... 
本节点已接收到N39节点发来的Prepare ... 
本节点已接收到N4节点发来的Prepare ... 
本节点已收到至少2f个节点(包括本地节点)发来的Prepare信息 ...
正在进行commit广播
commit广播完成
本节点已接收到N40节点发来的Prepare ... 
本节点已接收到N30节点发来的Prepare ... 
本节点已接收到N29节点发来的Commit ... 
本节点已接收到N1节点发来的Commit ... 
本节点已接收到N12节点发来的Commit ... 
本节点已接收到N25节点发来的Commit ... 
本节点已接收到N3节点发来的Commit ... 
本节点已接收到N48节点发来的Commit ... 
本节点已接收到N41节点发来的Commit ... 
本节点已接收到N22节点发来的Commit ... 
本节点已接收到N45节点发来的Commit ... 
本节点已接收到N36节点发来的Commit ... 
本节点已接收到N21节点发来的Commit ... 
本节点已接收到N4节点发来的Commit ... 
本节点已接收到N6节点发来的Commit ... 
本节点已接收到N27节点发来的Commit ... 
本节点已接收到N28节点发来的Commit ... 
本节点已接收到N35节点发来的Commit ... 
本节点已接收到N11节点发来的Commit ... 
本节点已接收到N31节点发来的Commit ... 
本节点已接收到N26节点发来的Commit ... 
本节点已接收到N37节点发来的Commit ... 
本节点已接收到N5节点发来的Commit ... 
本节点已接收到N39节点发来的Commit ... 
本节点已接收到N7节点发来的Commit ... 
本节点已接收到N16节点发来的Commit ... 
本节点已接收到N0节点发来的Commit ... 
本节点已接收到N43节点发来的Commit ... 
本节点已接收到N10节点发来的Commit ... 
本节点已接收到N42节点发来的Commit ... 
本节点已接收到N24节点发来的Commit ... 
本节点已接收到N44节点发来的Commit ... 
本节点已接收到N23节点发来的Commit ... 
本节点已接收到N30节点发来的Commit ... 
本节点已收到至少2f + 1 个节点(包括本地节点)发来的Commit信息 ...
[]byte(p.messagePool[c.Digest].Content)= 8388662
把接受到的消息写入.db数据库延迟为279ms
写延时为： 279
reply完毕,用时394ms
把接受到的消息写入.db数据库延迟为279ms。reply完毕,用时394ms。N49节点已将msgid:8318706403存入本地消息池中.
正在reply客户端 ...
本节点已接收到N46节点发来的Commit ... 
本节点已接收到N40节点发来的Commit ... 
本节点已接收到N9节点发来的Prepare ... 
本节点已接收到N47节点发来的Prepare ... 
本节点已接收到N13节点发来的Prepare ... 
本节点已接收到N9节点发来的Commit ... 
本节点已接收到N8节点发来的Prepare ... 
本节点已接收到N47节点发来的Commit ... 
本节点已接收到N13节点发来的Commit ... 
本节点已接收到N18节点发来的Prepare ... 
本节点已接收到N34节点发来的Prepare ... 
本节点已接收到N38节点发来的Prepare ... 
本节点已接收到N2节点发来的Prepare ... 
本节点已接收到N8节点发来的Commit ... 
本节点已接收到N17节点发来的Prepare ... 
本节点已接收到N20节点发来的Prepare ... 
本节点已接收到N18节点发来的Commit ... 
本节点已接收到N33节点发来的Prepare ... 
本节点已接收到N38节点发来的Commit ... 
本节点已接收到N34节点发来的Commit ... 
本节点已接收到N2节点发来的Commit ... 
本节点已接收到N17节点发来的Commit ... 
本节点已接收到N33节点发来的Commit ... 
本节点已接收到N32节点发来的Prepare ... 
本节点已接收到N20节点发来的Commit ... 
本节点已接收到N15节点发来的Prepare ... 
本节点已接收到N32节点发来的Commit ... 
本节点已接收到N15节点发来的Commit ... 
本节点已接收到N14节点发来的Prepare ... 
本节点已接收到N14节点发来的Commit ... 
本节点已接收到N19节点发来的Prepare ... 
本节点已接收到N19节点发来的Commit ... 
